--------------- Clean Started: 02/28/2021 00:47:08 Project: LED_Space_Fighter, Configuration: ARM GCC 5.4-2016-q2-update Debug ---------------
Deleting file ".\CortexM3\ARM_GCC_541\Debug\main.o"
Deleting file ".\CortexM3\ARM_GCC_541\Debug\DOT_STAR.o"
Deleting file ".\CortexM3\ARM_GCC_541\Debug\cyfitter_cfg.o"
Deleting file ".\CortexM3\ARM_GCC_541\Debug\cymetadata.o"
Deleting file ".\CortexM3\ARM_GCC_541\Debug\Frame_CLK.o"
Deleting file ".\CortexM3\ARM_GCC_541\Debug\Frame_Timer.o"
Deleting file ".\CortexM3\ARM_GCC_541\Debug\Frame_Timer_PM.o"
Deleting file ".\CortexM3\ARM_GCC_541\Debug\SPI_DATA.o"
Deleting file ".\CortexM3\ARM_GCC_541\Debug\Spi_LED_Chain.o"
Deleting file ".\CortexM3\ARM_GCC_541\Debug\Spi_LED_Chain_PM.o"
Deleting file ".\CortexM3\ARM_GCC_541\Debug\Spi_LED_Chain_INT.o"
Deleting file ".\CortexM3\ARM_GCC_541\Debug\I2C_CLK.o"
Deleting file ".\CortexM3\ARM_GCC_541\Debug\isr_spi_tx_done.o"
Deleting file ".\CortexM3\ARM_GCC_541\Debug\SPI_CLK.o"
Deleting file ".\CortexM3\ARM_GCC_541\Debug\isr_frame.o"
Deleting file ".\CortexM3\ARM_GCC_541\Debug\cy_em_eeprom.o"
Deleting file ".\CortexM3\ARM_GCC_541\Debug\Cm3Start.o"
Deleting file ".\CortexM3\ARM_GCC_541\Debug\CyBootAsmGnu.o"
Deleting file ".\CortexM3\ARM_GCC_541\Debug\CyDmac.o"
Deleting file ".\CortexM3\ARM_GCC_541\Debug\CyFlash.o"
Deleting file ".\CortexM3\ARM_GCC_541\Debug\CyLib.o"
Deleting file ".\CortexM3\ARM_GCC_541\Debug\cyPm.o"
Deleting file ".\CortexM3\ARM_GCC_541\Debug\CySpc.o"
Deleting file ".\CortexM3\ARM_GCC_541\Debug\cyutils.o"
Deleting file ".\CortexM3\ARM_GCC_541\Debug\LED_Space_Fighter.hex"
Deleting file ".\CortexM3\ARM_GCC_541\Debug\LED_Space_Fighter.elf"
Deleting file ".\CortexM3\ARM_GCC_541\Debug\LED_Space_Fighter.map"
Deleting file ".\LED_Space_Fighter.cycdx"
Deleting file ".\LED_Space_Fighter.svd"
Deleting file ".\LED_Space_Fighter.rpt"
Deleting file ".\LED_Space_Fighter_timing.html"
Deleting file ".\CortexM3\ARM_GCC_541\Debug\.deps\SOURCE_C__ARM_GCC_GENERIC.P"
Deleting file ".\CortexM3\ARM_GCC_541\Debug\.deps\SOURCE_ASM__ARM_GCC_GENERIC.P"
--------------- Clean Succeeded: 02/28/2021 00:47:08 ---------------
