Loading plugins phase: Elapsed time ==> 1s.921ms
<CYPRESSTAG name="CyDsfit arguments...">
cydsfit arguments: -.fdsnotice -.fdswarpdepfile=warp_dependencies.txt -.fdselabdepfile=elab_dependencies.txt -.fdsbldfile=generated_files.txt -.fdsreffile=referenced_files.txt -p C:\Users\Digital-Sqrt\Documents\Git_Hub\Space-fighter\Code\LED_Space_Fighter.cydsn\LED_Space_Fighter.cyprj -d CY8C5888LTI-LP097 -s C:\Users\Digital-Sqrt\Documents\Git_Hub\Space-fighter\Code\LED_Space_Fighter.cydsn\Generated_Source\PSoC5 -- -yv2 -q10 -ygs -o2 -v3 -.fftcfgtype=LE
</CYPRESSTAG>
<CYPRESSTAG name="Design elaboration results...">
</CYPRESSTAG>
Elaboration phase: Elapsed time ==> 7s.890ms
<CYPRESSTAG name="HDL generation results...">
</CYPRESSTAG>
HDL generation phase: Elapsed time ==> 0s.046ms
<CYPRESSTAG name="Synthesis results...">

     | | | | | | |
   _________________
  -|               |-
  -|               |-
  -|               |-
  -|    CYPRESS    |-
  -|               |-
  -|               |-   Warp Verilog Synthesis Compiler: Version 6.3 IR 41
  -|               |-   Copyright (C) 1991-2001 Cypress Semiconductor
   |_______________|
     | | | | | | |

======================================================================
Compiling:  LED_Space_Fighter.v
Program  :   C:\Program Files (x86)\Cypress\PSoC Creator\4.4\PSoC Creator\warp\bin\warp.exe
Options  :    -yv2 -q10 -ygs -o2 -v3 -.fftcfgtype=LE -ya -.fftprj=C:\Users\Digital-Sqrt\Documents\Git_Hub\Space-fighter\Code\LED_Space_Fighter.cydsn\LED_Space_Fighter.cyprj -dcpsoc3 LED_Space_Fighter.v -verilog
======================================================================

======================================================================
Compiling:  LED_Space_Fighter.v
Program  :   C:\Program Files (x86)\Cypress\PSoC Creator\4.4\PSoC Creator\warp\bin\warp.exe
Options  :    -yv2 -q10 -ygs -o2 -v3 -.fftcfgtype=LE -ya -.fftprj=C:\Users\Digital-Sqrt\Documents\Git_Hub\Space-fighter\Code\LED_Space_Fighter.cydsn\LED_Space_Fighter.cyprj -dcpsoc3 LED_Space_Fighter.v -verilog
======================================================================

======================================================================
Compiling:  LED_Space_Fighter.v
Program  :   vlogfe
Options  :    -yv2 -q10 -ygs -o2 -v3 -.fftcfgtype=LE -ya -.fftprj=C:\Users\Digital-Sqrt\Documents\Git_Hub\Space-fighter\Code\LED_Space_Fighter.cydsn\LED_Space_Fighter.cyprj -dcpsoc3 -verilog LED_Space_Fighter.v
======================================================================

vlogfe V6.3 IR 41:  Verilog parser
Sun Feb 28 00:47:30 2021


======================================================================
Compiling:  LED_Space_Fighter.v
Program  :   vpp
Options  :    -yv2 -q10 LED_Space_Fighter.v
======================================================================

vpp V6.3 IR 41:  Verilog Pre-Processor
Sun Feb 28 00:47:31 2021

Flattening file 'C:\Program Files (x86)\Cypress\PSoC Creator\4.4\PSoC Creator\psoc\content\CyPrimitives\cyprimitives.cylib\ZeroTerminal\ZeroTerminal.v'
Flattening file 'C:\Program Files (x86)\Cypress\PSoC Creator\4.4\PSoC Creator\psoc\content\CyPrimitives\cyprimitives.cylib\cy_virtualmux_v1_0\cy_virtualmux_v1_0.v'
Flattening file 'C:\Program Files (x86)\Cypress\PSoC Creator\4.4\PSoC Creator\psoc\content\CyComponentLibrary\CyComponentLibrary.cylib\B_Timer_v2_80\B_Timer_v2_80.v'
Flattening file 'C:\Program Files (x86)\Cypress\PSoC Creator\4.4\PSoC Creator\warp\lib\common\cypress.v'
Flattening file 'C:\Program Files (x86)\Cypress\PSoC Creator\4.4\PSoC Creator\warp\lib\common\cy_psoc3_inc.v'
Flattening file 'C:\Program Files (x86)\Cypress\PSoC Creator\4.4\PSoC Creator\psoc\content\CyPrimitives\cyprimitives.cylib\OneTerminal\OneTerminal.v'
Flattening file 'C:\Program Files (x86)\Cypress\PSoC Creator\4.4\PSoC Creator\psoc\content\CyPrimitives\cyprimitives.cylib\cy_constant_v1_0\cy_constant_v1_0.v'
Flattening file 'C:\Program Files (x86)\Cypress\PSoC Creator\4.4\PSoC Creator\psoc\content\CyComponentLibrary\CyComponentLibrary.cylib\B_SPI_Master_v2_50\B_SPI_Master_v2_50.v'
Flattening file 'C:\Program Files (x86)\Cypress\PSoC Creator\4.4\PSoC Creator\warp\lib\common\cypress.v'

vpp:  No errors.

Library 'work' => directory 'lcpsoc3'
General_symbol_table
General_symbol_table
Linking 'C:\Program Files (x86)\Cypress\PSoC Creator\4.4\PSoC Creator\warp\lib\common\std.vhd'.
Linking 'C:\Program Files (x86)\Cypress\PSoC Creator\4.4\PSoC Creator\warp\lib\common\cypress.vhd'.
Linking 'C:\Program Files (x86)\Cypress\PSoC Creator\4.4\PSoC Creator\warp\lib\common\work\cypress.vif'.
Linking 'C:\Program Files (x86)\Cypress\PSoC Creator\4.4\PSoC Creator\warp\lib\ieee\work\stdlogic.vif'.
Linking 'C:\Program Files (x86)\Cypress\PSoC Creator\4.4\PSoC Creator\warp\lib\common\stdlogic\lpmpkg.vif'.
Linking 'C:\Program Files (x86)\Cypress\PSoC Creator\4.4\PSoC Creator\warp\lib\common\stdlogic\rtlpkg.vif'.
Linking 'C:\Program Files (x86)\Cypress\PSoC Creator\4.4\PSoC Creator\warp\lib\common\stdlogic\mod_cnst.vif'.
Linking 'C:\Program Files (x86)\Cypress\PSoC Creator\4.4\PSoC Creator\warp\lib\common\stdlogic\mod_mthv.vif'.
Linking 'C:\Program Files (x86)\Cypress\PSoC Creator\4.4\PSoC Creator\warp\lib\common\stdlogic\mod_genv.vif'.
Using control file 'LED_Space_Fighter.ctl'.
C:\Program Files (x86)\Cypress\PSoC Creator\4.4\PSoC Creator\psoc\content\CyComponentLibrary\CyComponentLibrary.cylib\B_Timer_v2_80\B_Timer_v2_80.v (line 368, col 46):  Note: Substituting module 'cmp_vv_vv' for '='.
C:\Program Files (x86)\Cypress\PSoC Creator\4.4\PSoC Creator\psoc\content\CyComponentLibrary\CyComponentLibrary.cylib\B_Timer_v2_80\B_Timer_v2_80.v (line 374, col 62):  Note: Substituting module 'add_vv_vv' for '+'.
Linking 'C:\Program Files (x86)\Cypress\PSoC Creator\4.4\PSoC Creator\warp\lib\common\stdlogic\cy_psoc3pkg.vif'.
Linking 'C:\Program Files (x86)\Cypress\PSoC Creator\4.4\PSoC Creator\warp\lib\common\stdlogic\cy_psoc3.vif'.

vlogfe:  No errors.


======================================================================
Compiling:  LED_Space_Fighter.v
Program  :   tovif
Options  :    -yv2 -q10 -ygs -o2 -v3 -.fftcfgtype=LE -ya -.fftprj=C:\Users\Digital-Sqrt\Documents\Git_Hub\Space-fighter\Code\LED_Space_Fighter.cydsn\LED_Space_Fighter.cyprj -dcpsoc3 -verilog LED_Space_Fighter.v
======================================================================

tovif V6.3 IR 41:  High-level synthesis
Sun Feb 28 00:47:31 2021

Linking 'C:\Program Files (x86)\Cypress\PSoC Creator\4.4\PSoC Creator\warp\lib\common\std.vhd'.
Linking 'C:\Program Files (x86)\Cypress\PSoC Creator\4.4\PSoC Creator\warp\lib\common\cypress.vhd'.
Linking 'C:\Program Files (x86)\Cypress\PSoC Creator\4.4\PSoC Creator\warp\lib\common\work\cypress.vif'.
Linking 'C:\Program Files (x86)\Cypress\PSoC Creator\4.4\PSoC Creator\warp\lib\ieee\work\stdlogic.vif'.
Linking 'C:\Program Files (x86)\Cypress\PSoC Creator\4.4\PSoC Creator\warp\lib\common\stdlogic\lpmpkg.vif'.
Linking 'C:\Program Files (x86)\Cypress\PSoC Creator\4.4\PSoC Creator\warp\lib\common\stdlogic\rtlpkg.vif'.
Linking 'C:\Program Files (x86)\Cypress\PSoC Creator\4.4\PSoC Creator\warp\lib\common\stdlogic\mod_cnst.vif'.
Linking 'C:\Program Files (x86)\Cypress\PSoC Creator\4.4\PSoC Creator\warp\lib\common\stdlogic\mod_mthv.vif'.
Linking 'C:\Program Files (x86)\Cypress\PSoC Creator\4.4\PSoC Creator\warp\lib\common\stdlogic\mod_genv.vif'.
Linking 'C:\Users\Digital-Sqrt\Documents\Git_Hub\Space-fighter\Code\LED_Space_Fighter.cydsn\codegentemp\LED_Space_Fighter.ctl'.
Linking 'C:\Program Files (x86)\Cypress\PSoC Creator\4.4\PSoC Creator\psoc\content\CyPrimitives\cyprimitives.cylib\ZeroTerminal\ZeroTerminal.v'.
Linking 'C:\Users\Digital-Sqrt\Documents\Git_Hub\Space-fighter\Code\LED_Space_Fighter.cydsn\codegentemp\LED_Space_Fighter.v'.
Linking 'C:\Program Files (x86)\Cypress\PSoC Creator\4.4\PSoC Creator\psoc\content\CyPrimitives\cyprimitives.cylib\cy_virtualmux_v1_0\cy_virtualmux_v1_0.v'.
Linking 'C:\Program Files (x86)\Cypress\PSoC Creator\4.4\PSoC Creator\psoc\content\CyComponentLibrary\CyComponentLibrary.cylib\B_Timer_v2_80\B_Timer_v2_80.v'.
Linking 'C:\Program Files (x86)\Cypress\PSoC Creator\4.4\PSoC Creator\warp\lib\common\cypress.v'.
Linking 'C:\Program Files (x86)\Cypress\PSoC Creator\4.4\PSoC Creator\warp\lib\common\cy_psoc3_inc.v'.
Linking 'C:\Program Files (x86)\Cypress\PSoC Creator\4.4\PSoC Creator\psoc\content\CyPrimitives\cyprimitives.cylib\OneTerminal\OneTerminal.v'.
Linking 'C:\Program Files (x86)\Cypress\PSoC Creator\4.4\PSoC Creator\psoc\content\CyPrimitives\cyprimitives.cylib\cy_constant_v1_0\cy_constant_v1_0.v'.
Linking 'C:\Program Files (x86)\Cypress\PSoC Creator\4.4\PSoC Creator\psoc\content\CyComponentLibrary\CyComponentLibrary.cylib\B_SPI_Master_v2_50\B_SPI_Master_v2_50.v'.
Linking 'C:\Program Files (x86)\Cypress\PSoC Creator\4.4\PSoC Creator\warp\lib\common\stdlogic\cy_psoc3pkg.vif'.
Linking 'C:\Program Files (x86)\Cypress\PSoC Creator\4.4\PSoC Creator\warp\lib\common\stdlogic\cy_psoc3.vif'.

tovif:  No errors.


======================================================================
Compiling:  LED_Space_Fighter.v
Program  :   topld
Options  :    -yv2 -q10 -ygs -o2 -v3 -.fftcfgtype=LE -ya -.fftprj=C:\Users\Digital-Sqrt\Documents\Git_Hub\Space-fighter\Code\LED_Space_Fighter.cydsn\LED_Space_Fighter.cyprj -dcpsoc3 -verilog LED_Space_Fighter.v
======================================================================

topld V6.3 IR 41:  Synthesis and optimization
Sun Feb 28 00:47:32 2021

Linking 'C:\Program Files (x86)\Cypress\PSoC Creator\4.4\PSoC Creator\warp\lib\common\std.vhd'.
Linking 'C:\Program Files (x86)\Cypress\PSoC Creator\4.4\PSoC Creator\warp\lib\common\cypress.vhd'.
Linking 'C:\Program Files (x86)\Cypress\PSoC Creator\4.4\PSoC Creator\warp\lib\common\work\cypress.vif'.
Linking 'C:\Program Files (x86)\Cypress\PSoC Creator\4.4\PSoC Creator\warp\lib\ieee\work\stdlogic.vif'.
Linking 'C:\Program Files (x86)\Cypress\PSoC Creator\4.4\PSoC Creator\warp\lib\common\stdlogic\lpmpkg.vif'.
Linking 'C:\Program Files (x86)\Cypress\PSoC Creator\4.4\PSoC Creator\warp\lib\common\stdlogic\rtlpkg.vif'.
Linking 'C:\Program Files (x86)\Cypress\PSoC Creator\4.4\PSoC Creator\warp\lib\common\stdlogic\mod_cnst.vif'.
Linking 'C:\Program Files (x86)\Cypress\PSoC Creator\4.4\PSoC Creator\warp\lib\common\stdlogic\mod_mthv.vif'.
Linking 'C:\Program Files (x86)\Cypress\PSoC Creator\4.4\PSoC Creator\warp\lib\common\stdlogic\mod_genv.vif'.
Linking 'C:\Users\Digital-Sqrt\Documents\Git_Hub\Space-fighter\Code\LED_Space_Fighter.cydsn\codegentemp\LED_Space_Fighter.ctl'.
Linking 'C:\Program Files (x86)\Cypress\PSoC Creator\4.4\PSoC Creator\psoc\content\CyPrimitives\cyprimitives.cylib\ZeroTerminal\ZeroTerminal.v'.
Linking 'C:\Users\Digital-Sqrt\Documents\Git_Hub\Space-fighter\Code\LED_Space_Fighter.cydsn\codegentemp\LED_Space_Fighter.v'.
Linking 'C:\Program Files (x86)\Cypress\PSoC Creator\4.4\PSoC Creator\psoc\content\CyPrimitives\cyprimitives.cylib\cy_virtualmux_v1_0\cy_virtualmux_v1_0.v'.
Linking 'C:\Program Files (x86)\Cypress\PSoC Creator\4.4\PSoC Creator\psoc\content\CyComponentLibrary\CyComponentLibrary.cylib\B_Timer_v2_80\B_Timer_v2_80.v'.
Linking 'C:\Program Files (x86)\Cypress\PSoC Creator\4.4\PSoC Creator\warp\lib\common\cypress.v'.
Linking 'C:\Program Files (x86)\Cypress\PSoC Creator\4.4\PSoC Creator\warp\lib\common\cy_psoc3_inc.v'.
Linking 'C:\Program Files (x86)\Cypress\PSoC Creator\4.4\PSoC Creator\psoc\content\CyPrimitives\cyprimitives.cylib\OneTerminal\OneTerminal.v'.
Linking 'C:\Program Files (x86)\Cypress\PSoC Creator\4.4\PSoC Creator\psoc\content\CyPrimitives\cyprimitives.cylib\cy_constant_v1_0\cy_constant_v1_0.v'.
Linking 'C:\Program Files (x86)\Cypress\PSoC Creator\4.4\PSoC Creator\psoc\content\CyComponentLibrary\CyComponentLibrary.cylib\B_SPI_Master_v2_50\B_SPI_Master_v2_50.v'.
Linking 'C:\Program Files (x86)\Cypress\PSoC Creator\4.4\PSoC Creator\warp\lib\common\stdlogic\cy_psoc3pkg.vif'.
Linking 'C:\Program Files (x86)\Cypress\PSoC Creator\4.4\PSoC Creator\warp\lib\common\stdlogic\cy_psoc3.vif'.
Linking 'C:\Program Files (x86)\Cypress\PSoC Creator\4.4\PSoC Creator\warp\lib\lcpsoc3\stdlogic\cpsoc3.vif'.

----------------------------------------------------------
Detecting unused logic.
----------------------------------------------------------
    User names
	\Frame_Timer:Net_260\
	Net_5
	Net_6
	\Frame_Timer:Net_53\
	\Frame_Timer:TimerUDB:ctrl_ten\
	\Frame_Timer:TimerUDB:ctrl_cmode_0\
	\Frame_Timer:TimerUDB:ctrl_tmode_1\
	\Frame_Timer:TimerUDB:ctrl_tmode_0\
	\Frame_Timer:TimerUDB:ctrl_ic_1\
	\Frame_Timer:TimerUDB:ctrl_ic_0\
	Net_3
	\Frame_Timer:TimerUDB:zeros_3\
	\Frame_Timer:TimerUDB:zeros_2\
	\Frame_Timer:Net_102\
	\Frame_Timer:Net_266\
	\Spi_LED_Chain:BSPIM:mosi_after_ld\
	\Spi_LED_Chain:BSPIM:so_send\
	\Spi_LED_Chain:BSPIM:mosi_cpha_1\
	\Spi_LED_Chain:BSPIM:pre_mosi\
	\Spi_LED_Chain:BSPIM:dpcounter_zero\
	\Spi_LED_Chain:BSPIM:control_7\
	\Spi_LED_Chain:BSPIM:control_6\
	\Spi_LED_Chain:BSPIM:control_5\
	\Spi_LED_Chain:BSPIM:control_4\
	\Spi_LED_Chain:BSPIM:control_3\
	\Spi_LED_Chain:BSPIM:control_2\
	\Spi_LED_Chain:BSPIM:control_1\
	\Spi_LED_Chain:BSPIM:control_0\
	\Spi_LED_Chain:Net_294\
	Net_78


Deleted 30 User equations/components.
Deleted 0 Synthesized equations/components.

------------------------------------------------------
Alias Detection
------------------------------------------------------
Aliasing zero to Net_12
Aliasing \Frame_Timer:TimerUDB:ctrl_cmode_1\ to Net_12
Aliasing \Frame_Timer:TimerUDB:trigger_enable\ to one
Aliasing \Frame_Timer:TimerUDB:status_6\ to Net_12
Aliasing \Frame_Timer:TimerUDB:status_5\ to Net_12
Aliasing \Frame_Timer:TimerUDB:status_4\ to Net_12
Aliasing \Frame_Timer:TimerUDB:status_0\ to \Frame_Timer:TimerUDB:tc_i\
Aliasing Net_76 to one
Aliasing tmpOE__SPI_DATA_net_0 to one
Aliasing \Spi_LED_Chain:BSPIM:pol_supprt\ to Net_12
Aliasing \Spi_LED_Chain:BSPIM:tx_status_3\ to \Spi_LED_Chain:BSPIM:load_rx_data\
Aliasing \Spi_LED_Chain:BSPIM:tx_status_6\ to Net_12
Aliasing \Spi_LED_Chain:BSPIM:tx_status_5\ to Net_12
Aliasing \Spi_LED_Chain:BSPIM:rx_status_3\ to Net_12
Aliasing \Spi_LED_Chain:BSPIM:rx_status_2\ to Net_12
Aliasing \Spi_LED_Chain:BSPIM:rx_status_1\ to Net_12
Aliasing \Spi_LED_Chain:BSPIM:rx_status_0\ to Net_12
Aliasing \Spi_LED_Chain:Net_289\ to Net_12
Aliasing tmpOE__SPI_CLK_net_0 to one
Aliasing \Frame_Timer:TimerUDB:capture_last\\D\ to Net_12
Aliasing \Frame_Timer:TimerUDB:hwEnable_reg\\D\ to \Frame_Timer:TimerUDB:run_mode\
Aliasing \Frame_Timer:TimerUDB:capture_out_reg_i\\D\ to \Frame_Timer:TimerUDB:capt_fifo_load_int\
Aliasing \Spi_LED_Chain:BSPIM:so_send_reg\\D\ to Net_12
Aliasing \Spi_LED_Chain:BSPIM:dpcounter_one_reg\\D\ to \Spi_LED_Chain:BSPIM:load_rx_data\
Removing Lhs of wire zero[14] = Net_12[2]
Removing Lhs of wire \Frame_Timer:TimerUDB:ctrl_enable\[23] = \Frame_Timer:TimerUDB:control_7\[15]
Removing Lhs of wire \Frame_Timer:TimerUDB:ctrl_cmode_1\[25] = Net_12[2]
Removing Rhs of wire \Frame_Timer:TimerUDB:timer_enable\[34] = \Frame_Timer:TimerUDB:runmode_enable\[46]
Removing Rhs of wire \Frame_Timer:TimerUDB:run_mode\[35] = \Frame_Timer:TimerUDB:hwEnable\[36]
Removing Lhs of wire \Frame_Timer:TimerUDB:run_mode\[35] = \Frame_Timer:TimerUDB:control_7\[15]
Removing Lhs of wire \Frame_Timer:TimerUDB:trigger_enable\[38] = one[9]
Removing Lhs of wire \Frame_Timer:TimerUDB:tc_i\[40] = \Frame_Timer:TimerUDB:status_tc\[37]
Removing Lhs of wire \Frame_Timer:TimerUDB:capt_fifo_load_int\[45] = \Frame_Timer:TimerUDB:capt_fifo_load\[33]
Removing Lhs of wire \Frame_Timer:TimerUDB:status_6\[48] = Net_12[2]
Removing Lhs of wire \Frame_Timer:TimerUDB:status_5\[49] = Net_12[2]
Removing Lhs of wire \Frame_Timer:TimerUDB:status_4\[50] = Net_12[2]
Removing Lhs of wire \Frame_Timer:TimerUDB:status_0\[51] = \Frame_Timer:TimerUDB:status_tc\[37]
Removing Lhs of wire \Frame_Timer:TimerUDB:status_1\[52] = \Frame_Timer:TimerUDB:capt_fifo_load\[33]
Removing Rhs of wire \Frame_Timer:TimerUDB:status_2\[53] = \Frame_Timer:TimerUDB:fifo_full\[54]
Removing Rhs of wire \Frame_Timer:TimerUDB:status_3\[55] = \Frame_Timer:TimerUDB:fifo_nempty\[56]
Removing Lhs of wire \Frame_Timer:TimerUDB:cs_addr_2\[58] = Net_12[2]
Removing Lhs of wire \Frame_Timer:TimerUDB:cs_addr_1\[59] = \Frame_Timer:TimerUDB:trig_reg\[47]
Removing Lhs of wire \Frame_Timer:TimerUDB:cs_addr_0\[60] = \Frame_Timer:TimerUDB:per_zero\[39]
Removing Lhs of wire Net_76[143] = one[9]
Removing Lhs of wire tmpOE__SPI_DATA_net_0[145] = one[9]
Removing Rhs of wire Net_73[146] = \Spi_LED_Chain:BSPIM:mosi_fin\[163]
Removing Rhs of wire Net_73[146] = \Spi_LED_Chain:BSPIM:mosi_cpha_0\[164]
Removing Lhs of wire \Spi_LED_Chain:Net_276\[151] = Net_58[152]
Removing Rhs of wire \Spi_LED_Chain:BSPIM:load_rx_data\[155] = \Spi_LED_Chain:BSPIM:dpcounter_one\[156]
Removing Lhs of wire \Spi_LED_Chain:BSPIM:pol_supprt\[157] = Net_12[2]
Removing Lhs of wire \Spi_LED_Chain:BSPIM:miso_to_dp\[158] = \Spi_LED_Chain:Net_244\[159]
Removing Lhs of wire \Spi_LED_Chain:Net_244\[159] = one[9]
Removing Rhs of wire \Spi_LED_Chain:BSPIM:tx_status_1\[185] = \Spi_LED_Chain:BSPIM:dpMOSI_fifo_empty\[186]
Removing Rhs of wire \Spi_LED_Chain:BSPIM:tx_status_2\[187] = \Spi_LED_Chain:BSPIM:dpMOSI_fifo_not_full\[188]
Removing Lhs of wire \Spi_LED_Chain:BSPIM:tx_status_3\[189] = \Spi_LED_Chain:BSPIM:load_rx_data\[155]
Removing Rhs of wire \Spi_LED_Chain:BSPIM:rx_status_4\[191] = \Spi_LED_Chain:BSPIM:dpMISO_fifo_full\[192]
Removing Rhs of wire \Spi_LED_Chain:BSPIM:rx_status_5\[193] = \Spi_LED_Chain:BSPIM:dpMISO_fifo_not_empty\[194]
Removing Lhs of wire \Spi_LED_Chain:BSPIM:tx_status_6\[196] = Net_12[2]
Removing Lhs of wire \Spi_LED_Chain:BSPIM:tx_status_5\[197] = Net_12[2]
Removing Lhs of wire \Spi_LED_Chain:BSPIM:rx_status_3\[198] = Net_12[2]
Removing Lhs of wire \Spi_LED_Chain:BSPIM:rx_status_2\[199] = Net_12[2]
Removing Lhs of wire \Spi_LED_Chain:BSPIM:rx_status_1\[200] = Net_12[2]
Removing Lhs of wire \Spi_LED_Chain:BSPIM:rx_status_0\[201] = Net_12[2]
Removing Lhs of wire \Spi_LED_Chain:Net_273\[211] = Net_12[2]
Removing Lhs of wire \Spi_LED_Chain:Net_289\[251] = Net_12[2]
Removing Lhs of wire tmpOE__SPI_CLK_net_0[256] = one[9]
Removing Lhs of wire \Frame_Timer:TimerUDB:capture_last\\D\[261] = Net_12[2]
Removing Lhs of wire \Frame_Timer:TimerUDB:tc_reg_i\\D\[262] = \Frame_Timer:TimerUDB:status_tc\[37]
Removing Lhs of wire \Frame_Timer:TimerUDB:hwEnable_reg\\D\[263] = \Frame_Timer:TimerUDB:control_7\[15]
Removing Lhs of wire \Frame_Timer:TimerUDB:capture_out_reg_i\\D\[264] = \Frame_Timer:TimerUDB:capt_fifo_load\[33]
Removing Lhs of wire \Spi_LED_Chain:BSPIM:so_send_reg\\D\[265] = Net_12[2]
Removing Lhs of wire \Spi_LED_Chain:BSPIM:mosi_reg\\D\[272] = \Spi_LED_Chain:BSPIM:mosi_pre_reg\[178]
Removing Lhs of wire \Spi_LED_Chain:BSPIM:dpcounter_one_reg\\D\[274] = \Spi_LED_Chain:BSPIM:load_rx_data\[155]
Removing Lhs of wire \Spi_LED_Chain:BSPIM:mosi_from_dp_reg\\D\[275] = \Spi_LED_Chain:BSPIM:mosi_from_dp\[168]

------------------------------------------------------
Aliased 0 equations, 50 wires.
------------------------------------------------------

----------------------------------------------------------
Circuit simplification
----------------------------------------------------------

Substituting virtuals - pass 1:

Note:  Expanding virtual equation for 'Net_12' (cost = 0):
Net_12 <=  ('0') ;

Note:  Expanding virtual equation for 'one' (cost = 0):
one <=  ('1') ;

Note:  Expanding virtual equation for '\Frame_Timer:TimerUDB:fifo_load_polarized\' (cost = 0):
\Frame_Timer:TimerUDB:fifo_load_polarized\ <=  ('0') ;

Note:  Expanding virtual equation for '\Frame_Timer:TimerUDB:timer_enable\' (cost = 0):
\Frame_Timer:TimerUDB:timer_enable\ <= (\Frame_Timer:TimerUDB:control_7\);

Note:  Expanding virtual equation for '\Spi_LED_Chain:BSPIM:load_rx_data\' (cost = 1):
\Spi_LED_Chain:BSPIM:load_rx_data\ <= ((not \Spi_LED_Chain:BSPIM:count_4\ and not \Spi_LED_Chain:BSPIM:count_3\ and not \Spi_LED_Chain:BSPIM:count_2\ and not \Spi_LED_Chain:BSPIM:count_1\ and \Spi_LED_Chain:BSPIM:count_0\));


Substituting virtuals - pass 2:


----------------------------------------------------------
Circuit simplification results:

	Expanded 5 signals.
	Turned 0 signals into soft nodes.
	Maximum default expansion cost was set at 3.
----------------------------------------------------------

------------------------------------------------------
Alias Detection
------------------------------------------------------
Aliasing \Frame_Timer:TimerUDB:capt_fifo_load\ to Net_12
Removing Lhs of wire \Frame_Timer:TimerUDB:capt_fifo_load\[33] = Net_12[2]
Removing Lhs of wire \Frame_Timer:TimerUDB:trig_reg\[47] = \Frame_Timer:TimerUDB:control_7\[15]

------------------------------------------------------
Aliased 0 equations, 2 wires.
------------------------------------------------------

----------------------------------------------------------
Circuit simplification
----------------------------------------------------------

Eliminating unused logic - pass 1:


Eliminating unused logic - pass 2:


Substituting virtuals - pass 1:


----------------------------------------------------------
Circuit simplification results:

	Expanded 0 signals.
	Turned 0 signals into soft nodes.
	Maximum default expansion cost was set at 3.
----------------------------------------------------------

topld:  No errors.

CYPRESS_DIR    : C:\Program Files (x86)\Cypress\PSoC Creator\4.4\PSoC Creator\warp
Warp Program   : C:\Program Files (x86)\Cypress\PSoC Creator\4.4\PSoC Creator\warp\bin\warp.exe
Warp Arguments : -yv2 -q10 -ygs -o2 -v3 -.fftcfgtype=LE -ya -.fftprj=C:\Users\Digital-Sqrt\Documents\Git_Hub\Space-fighter\Code\LED_Space_Fighter.cydsn\LED_Space_Fighter.cyprj -dcpsoc3 LED_Space_Fighter.v -verilog
</CYPRESSTAG>
Warp synthesis phase: Elapsed time ==> 2s.750ms
<CYPRESSTAG name="Fitter results...">
<CYPRESSTAG name="Fitter startup details...">
cyp3fit: V4.4.0.80, Family: PSoC3, Started at: Sunday, 28 February 2021 00:47:33
Options: -yv2 -q10 -ygs -o2 -v3 -.fftcfgtype=LE -ya -.fftprj=C:\Users\Digital-Sqrt\Documents\Git_Hub\Space-fighter\Code\LED_Space_Fighter.cydsn\LED_Space_Fighter.cyprj -d CY8C5888LTI-LP097 LED_Space_Fighter.v -verilog
</CYPRESSTAG>
<CYPRESSTAG name="Design parsing">
Design parsing phase: Elapsed time ==> 0s.015ms
</CYPRESSTAG>
<CYPRESSTAG name="Tech Mapping">
<CYPRESSTAG name="Initial Mapping" icon="FILE_RPT_TECHM">
    Converted constant MacroCell: \Frame_Timer:TimerUDB:capture_last\ from registered to combinatorial
    Converted constant MacroCell: \Frame_Timer:TimerUDB:capture_out_reg_i\ from registered to combinatorial
    Converted constant MacroCell: \Spi_LED_Chain:BSPIM:so_send_reg\ from registered to combinatorial
<CYPRESSTAG name="Global Clock Selection" icon="FILE_RPT_TECHM">
    Digital Clock 0: Automatic-assigning  clock 'I2C_CLK'. Fanout=1, Signal=Net_58
    Digital Clock 1: Automatic-assigning  clock 'Frame_CLK'. Fanout=2, Signal=Net_10
</CYPRESSTAG>

Removing unused cells resulting from optimization
Done removing unused cells.
<CYPRESSTAG name="UDB Clock/Enable Remapping Results">
    UDB Clk/Enable \Frame_Timer:TimerUDB:clock_enable_block\: with output requested to be synchronous
        ClockIn: Frame_CLK was determined to be a global clock that is synchronous to BUS_CLK
        EnableIn: Constant 1 was determined to be synchronous to ClockIn
        ClockOut: Frame_CLK, EnableOut: Constant 1
    UDB Clk/Enable \Frame_Timer:TimerUDB:sCTRLReg:SyncCtl:cy_psoc3_udb_Ctl_Clk_Sync\: with output requested to be synchronous
        ClockIn: Frame_CLK was determined to be a global clock that is synchronous to BUS_CLK
        EnableIn: Constant 1 was determined to be synchronous to ClockIn
        ClockOut: Frame_CLK, EnableOut: Constant 1
    UDB Clk/Enable \Spi_LED_Chain:BSPIM:ClkEn\: with output requested to be synchronous
        ClockIn: I2C_CLK was determined to be a global clock that is synchronous to BUS_CLK
        EnableIn: Constant 1 was determined to be synchronous to ClockIn
        ClockOut: I2C_CLK, EnableOut: Constant 1
</CYPRESSTAG>

Removing unused cells resulting from optimization
Done removing unused cells.
<CYPRESSTAG name="Duplicate Macrocell detection">
</CYPRESSTAG>
</CYPRESSTAG>
<CYPRESSTAG name="Duplicate Macrocell detection">
</CYPRESSTAG>
<CYPRESSTAG name="Design Equations" icon="FILE_RPT_EQUATION">

------------------------------------------------------------
Design Equations
------------------------------------------------------------
    <CYPRESSTAG name="Pin listing">

    ------------------------------------------------------------
    Pin listing
    ------------------------------------------------------------

    Pin : Name = SPI_DATA(0)
        Attributes:
            In Group/Port: True
            In Sync Option: AUTO
            Out Sync Option: NOSYNC
            Interrupt generated: False
            Interrupt mode: NONE
            Drive mode: CMOS_OUT
            VTrip: EITHER
            Slew: FAST
            Input Sync needed: False
            Output Sync needed: False
            SC shield enabled: False
            POR State: ANY
            LCD Mode: COMMON
            Register Mode: RegComb
            CaSense Mode: NEITHER
            Treat as pin: True
            Is OE Registered: False
            Uses Analog: False
            Can contain Digital: True
            Is SIO: False
            SIO Output Buf: NONREGULATED
            SIO Input Buf: SINGLE_ENDED
            SIO HiFreq: LOW
            SIO Hyst: DISABLED
            SIO Vtrip: MULTIPLIER_0_5
            SIO Multiplier Index: 0
            SIO RefSel: VCC_IO
            Required Capabilities: DIGITAL, ROUTABLE
            Initial Value: 0
            IO Voltage: 0
        PORT MAP (
            pa_out => SPI_DATA(0)__PA ,
            pin_input => Net_73 ,
            pad => SPI_DATA(0)_PAD );
        Properties:
        {
        }

    Pin : Name = SPI_CLK(0)
        Attributes:
            In Group/Port: True
            In Sync Option: AUTO
            Out Sync Option: NOSYNC
            Interrupt generated: False
            Interrupt mode: NONE
            Drive mode: CMOS_OUT
            VTrip: EITHER
            Slew: FAST
            Input Sync needed: False
            Output Sync needed: False
            SC shield enabled: False
            POR State: ANY
            LCD Mode: COMMON
            Register Mode: RegComb
            CaSense Mode: NEITHER
            Treat as pin: True
            Is OE Registered: False
            Uses Analog: False
            Can contain Digital: True
            Is SIO: False
            SIO Output Buf: NONREGULATED
            SIO Input Buf: SINGLE_ENDED
            SIO HiFreq: LOW
            SIO Hyst: DISABLED
            SIO Vtrip: MULTIPLIER_0_5
            SIO Multiplier Index: 0
            SIO RefSel: VCC_IO
            Required Capabilities: DIGITAL, ROUTABLE
            Initial Value: 0
            IO Voltage: 0
        PORT MAP (
            pa_out => SPI_CLK(0)__PA ,
            pin_input => Net_74 ,
            pad => SPI_CLK(0)_PAD );
        Properties:
        {
        }
    </CYPRESSTAG>
    <CYPRESSTAG name="Macrocell listing" icon="FILE_RPT_EQUATION">

    ------------------------------------------------------------
    Macrocell listing
    ------------------------------------------------------------

    MacroCell: Name=\Spi_LED_Chain:BSPIM:mosi_pre_reg_split\, Mode=(Combinatorial)
        Total # of inputs        : 11
        Total # of product terms : 8
            Clock Enable: True
        Main Equation            : 8 pterms
        (
              !\Spi_LED_Chain:BSPIM:state_2\ * \Spi_LED_Chain:BSPIM:state_1\ * 
              !\Spi_LED_Chain:BSPIM:state_0\ * 
              \Spi_LED_Chain:BSPIM:mosi_from_dp\ * 
              \Spi_LED_Chain:BSPIM:count_4\
            + !\Spi_LED_Chain:BSPIM:state_2\ * \Spi_LED_Chain:BSPIM:state_1\ * 
              !\Spi_LED_Chain:BSPIM:state_0\ * 
              \Spi_LED_Chain:BSPIM:mosi_from_dp\ * 
              \Spi_LED_Chain:BSPIM:count_3\
            + !\Spi_LED_Chain:BSPIM:state_2\ * \Spi_LED_Chain:BSPIM:state_1\ * 
              !\Spi_LED_Chain:BSPIM:state_0\ * 
              \Spi_LED_Chain:BSPIM:mosi_from_dp\ * 
              \Spi_LED_Chain:BSPIM:count_2\
            + !\Spi_LED_Chain:BSPIM:state_2\ * \Spi_LED_Chain:BSPIM:state_1\ * 
              !\Spi_LED_Chain:BSPIM:state_0\ * 
              \Spi_LED_Chain:BSPIM:mosi_from_dp\ * 
              \Spi_LED_Chain:BSPIM:count_1\
            + !\Spi_LED_Chain:BSPIM:state_2\ * \Spi_LED_Chain:BSPIM:state_1\ * 
              !\Spi_LED_Chain:BSPIM:state_0\ * 
              \Spi_LED_Chain:BSPIM:mosi_from_dp\ * 
              !\Spi_LED_Chain:BSPIM:count_0\
            + \Spi_LED_Chain:BSPIM:state_2\ * \Spi_LED_Chain:BSPIM:state_1\ * 
              !\Spi_LED_Chain:BSPIM:state_0\ * 
              \Spi_LED_Chain:BSPIM:mosi_pre_reg\
            + \Spi_LED_Chain:BSPIM:state_1\ * !\Spi_LED_Chain:BSPIM:state_0\ * 
              !\Spi_LED_Chain:BSPIM:count_4\ * !\Spi_LED_Chain:BSPIM:count_3\ * 
              !\Spi_LED_Chain:BSPIM:count_2\ * !\Spi_LED_Chain:BSPIM:count_1\ * 
              \Spi_LED_Chain:BSPIM:count_0\ * 
              \Spi_LED_Chain:BSPIM:mosi_pre_reg\
            + \Spi_LED_Chain:BSPIM:state_1\ * \Spi_LED_Chain:BSPIM:state_0\ * 
              \Spi_LED_Chain:BSPIM:mosi_from_dp\ * 
              !\Spi_LED_Chain:BSPIM:count_4\ * !\Spi_LED_Chain:BSPIM:count_3\ * 
              !\Spi_LED_Chain:BSPIM:count_2\ * !\Spi_LED_Chain:BSPIM:count_1\ * 
              !\Spi_LED_Chain:BSPIM:count_0\ * 
              !\Spi_LED_Chain:BSPIM:ld_ident\
        );
        Output = \Spi_LED_Chain:BSPIM:mosi_pre_reg_split\ (fanout=1)

    MacroCell: Name=\Frame_Timer:TimerUDB:status_tc\, Mode=(Combinatorial)
        Total # of inputs        : 2
        Total # of product terms : 1
            Clock Enable: True
        Main Equation            : 1 pterm
        (
              \Frame_Timer:TimerUDB:control_7\ * 
              \Frame_Timer:TimerUDB:per_zero\
        );
        Output = \Frame_Timer:TimerUDB:status_tc\ (fanout=1)

    MacroCell: Name=\Spi_LED_Chain:BSPIM:load_rx_data\, Mode=(Combinatorial)
        Total # of inputs        : 5
        Total # of product terms : 1
            Clock Enable: True
        Main Equation            : 1 pterm
        (
              !\Spi_LED_Chain:BSPIM:count_4\ * !\Spi_LED_Chain:BSPIM:count_3\ * 
              !\Spi_LED_Chain:BSPIM:count_2\ * !\Spi_LED_Chain:BSPIM:count_1\ * 
              \Spi_LED_Chain:BSPIM:count_0\
        );
        Output = \Spi_LED_Chain:BSPIM:load_rx_data\ (fanout=2)

    MacroCell: Name=Net_73, Mode=(Combinatorial)
        Total # of inputs        : 5
        Total # of product terms : 3
            Clock Enable: True
        Main Equation            : 3 pterms
        (
              !\Spi_LED_Chain:BSPIM:state_2\ * !Net_113 * 
              \Spi_LED_Chain:BSPIM:mosi_hs_reg\
            + \Spi_LED_Chain:BSPIM:state_1\ * !Net_113 * 
              \Spi_LED_Chain:BSPIM:mosi_hs_reg\
            + !\Spi_LED_Chain:BSPIM:state_0\ * !Net_113 * 
              \Spi_LED_Chain:BSPIM:mosi_hs_reg\
        );
        Output = Net_73 (fanout=1)

    MacroCell: Name=\Spi_LED_Chain:BSPIM:tx_status_0\, Mode=(Combinatorial)
        Total # of inputs        : 3
        Total # of product terms : 1
            Clock Enable: True
        Main Equation            : 1 pterm
        (
              \Spi_LED_Chain:BSPIM:state_2\ * !\Spi_LED_Chain:BSPIM:state_1\ * 
              \Spi_LED_Chain:BSPIM:state_0\
        );
        Output = \Spi_LED_Chain:BSPIM:tx_status_0\ (fanout=1)

    MacroCell: Name=\Spi_LED_Chain:BSPIM:tx_status_4\, Mode=(Combinatorial)
        Total # of inputs        : 3
        Total # of product terms : 1
            Clock Enable: True
        Main Equation            : 1 pterm
        (
              !\Spi_LED_Chain:BSPIM:state_2\ * !\Spi_LED_Chain:BSPIM:state_1\ * 
              !\Spi_LED_Chain:BSPIM:state_0\
        );
        Output = \Spi_LED_Chain:BSPIM:tx_status_4\ (fanout=1)

    MacroCell: Name=\Spi_LED_Chain:BSPIM:rx_status_6\, Mode=(Combinatorial)
        Total # of inputs        : 6
        Total # of product terms : 1
            Clock Enable: True
        Main Equation            : 1 pterm
        (
              !\Spi_LED_Chain:BSPIM:count_4\ * !\Spi_LED_Chain:BSPIM:count_3\ * 
              !\Spi_LED_Chain:BSPIM:count_2\ * !\Spi_LED_Chain:BSPIM:count_1\ * 
              \Spi_LED_Chain:BSPIM:count_0\ * 
              \Spi_LED_Chain:BSPIM:rx_status_4\
        );
        Output = \Spi_LED_Chain:BSPIM:rx_status_6\ (fanout=1)

    MacroCell: Name=__ONE__, Mode=(Combinatorial)
        Total # of inputs        : 0
        Total # of product terms : 0
            Clock Enable: True
        Main Equation            : 0 pterms
        !(
            0
        );
        Output = __ONE__ (fanout=1)

    MacroCell: Name=\Spi_LED_Chain:BSPIM:mosi_pre_reg_split_1\, Mode=(Combinatorial)
        Total # of inputs        : 10
        Total # of product terms : 6
            Clock Enable: True
        Main Equation            : 6 pterms
        !(
              !\Spi_LED_Chain:BSPIM:state_2\ * \Spi_LED_Chain:BSPIM:state_1\ * 
              !\Spi_LED_Chain:BSPIM:count_4\ * !\Spi_LED_Chain:BSPIM:count_3\ * 
              !\Spi_LED_Chain:BSPIM:count_2\ * !\Spi_LED_Chain:BSPIM:count_0\ * 
              !\Spi_LED_Chain:BSPIM:ld_ident\
            + !\Spi_LED_Chain:BSPIM:state_2\ * !\Spi_LED_Chain:BSPIM:state_0\
            + !\Spi_LED_Chain:BSPIM:state_2\ * 
              !\Spi_LED_Chain:BSPIM:mosi_pre_reg\
            + \Spi_LED_Chain:BSPIM:state_2\ * !\Spi_LED_Chain:BSPIM:state_1\ * 
              \Spi_LED_Chain:BSPIM:state_0\
            + \Spi_LED_Chain:BSPIM:state_2\ * 
              !\Spi_LED_Chain:BSPIM:mosi_from_dp\
            + \Spi_LED_Chain:BSPIM:state_1\ * !\Spi_LED_Chain:BSPIM:state_0\
        );
        Output = \Spi_LED_Chain:BSPIM:mosi_pre_reg_split_1\ (fanout=1)

    MacroCell: Name=\Spi_LED_Chain:BSPIM:state_2\, Mode=(D-Register)
        Total # of inputs        : 10
        Total # of product terms : 4
        List of special equations: 
            Clock  = (Net_58) => Global
            Clock Enable: True
        Main Equation            : 4 pterms
        (
              !\Spi_LED_Chain:BSPIM:state_2\ * !\Spi_LED_Chain:BSPIM:state_1\ * 
              \Spi_LED_Chain:BSPIM:state_0\
            + \Spi_LED_Chain:BSPIM:state_2\ * \Spi_LED_Chain:BSPIM:state_1\ * 
              \Spi_LED_Chain:BSPIM:state_0\
            + \Spi_LED_Chain:BSPIM:state_1\ * \Spi_LED_Chain:BSPIM:state_0\ * 
              !\Spi_LED_Chain:BSPIM:count_4\ * !\Spi_LED_Chain:BSPIM:count_3\ * 
              !\Spi_LED_Chain:BSPIM:count_2\ * \Spi_LED_Chain:BSPIM:count_1\ * 
              !\Spi_LED_Chain:BSPIM:count_0\ * 
              !\Spi_LED_Chain:BSPIM:ld_ident\
            + \Spi_LED_Chain:BSPIM:state_1\ * \Spi_LED_Chain:BSPIM:state_0\ * 
              !\Spi_LED_Chain:BSPIM:count_4\ * !\Spi_LED_Chain:BSPIM:count_3\ * 
              \Spi_LED_Chain:BSPIM:count_2\ * \Spi_LED_Chain:BSPIM:count_1\ * 
              !\Spi_LED_Chain:BSPIM:count_0\ * 
              !\Spi_LED_Chain:BSPIM:tx_status_1\
        );
        Output = \Spi_LED_Chain:BSPIM:state_2\ (fanout=15)

    MacroCell: Name=\Spi_LED_Chain:BSPIM:state_1\, Mode=(D-Register)
        Total # of inputs        : 10
        Total # of product terms : 4
        List of special equations: 
            Clock  = (Net_58) => Global
            Clock Enable: True
        Main Equation            : 4 pterms
        !(
              !\Spi_LED_Chain:BSPIM:state_2\ * !\Spi_LED_Chain:BSPIM:state_1\ * 
              !\Spi_LED_Chain:BSPIM:state_0\
            + !\Spi_LED_Chain:BSPIM:state_2\ * \Spi_LED_Chain:BSPIM:state_1\ * 
              \Spi_LED_Chain:BSPIM:state_0\ * !\Spi_LED_Chain:BSPIM:count_4\ * 
              !\Spi_LED_Chain:BSPIM:count_3\ * !\Spi_LED_Chain:BSPIM:count_2\ * 
              \Spi_LED_Chain:BSPIM:count_1\ * !\Spi_LED_Chain:BSPIM:count_0\ * 
              !\Spi_LED_Chain:BSPIM:ld_ident\
            + !\Spi_LED_Chain:BSPIM:state_2\ * \Spi_LED_Chain:BSPIM:state_1\ * 
              \Spi_LED_Chain:BSPIM:state_0\ * !\Spi_LED_Chain:BSPIM:count_4\ * 
              !\Spi_LED_Chain:BSPIM:count_3\ * \Spi_LED_Chain:BSPIM:count_2\ * 
              \Spi_LED_Chain:BSPIM:count_1\ * !\Spi_LED_Chain:BSPIM:count_0\ * 
              !\Spi_LED_Chain:BSPIM:tx_status_1\
            + \Spi_LED_Chain:BSPIM:state_2\ * !\Spi_LED_Chain:BSPIM:state_1\ * 
              \Spi_LED_Chain:BSPIM:state_0\
        );
        Output = \Spi_LED_Chain:BSPIM:state_1\ (fanout=15)

    MacroCell: Name=\Spi_LED_Chain:BSPIM:state_0\, Mode=(T-Register)
        Total # of inputs        : 10
        Total # of product terms : 3
        List of special equations: 
            Clock  = (Net_58) => Global
            Clock Enable: True
        Main Equation            : 3 pterms
        !(
              !\Spi_LED_Chain:BSPIM:state_2\ * !\Spi_LED_Chain:BSPIM:state_1\ * 
              \Spi_LED_Chain:BSPIM:state_0\
            + !\Spi_LED_Chain:BSPIM:state_2\ * !\Spi_LED_Chain:BSPIM:state_1\ * 
              \Spi_LED_Chain:BSPIM:tx_status_1\
            + !\Spi_LED_Chain:BSPIM:state_2\ * \Spi_LED_Chain:BSPIM:state_0\ * 
              !\Spi_LED_Chain:BSPIM:count_4\ * !\Spi_LED_Chain:BSPIM:count_3\ * 
              !\Spi_LED_Chain:BSPIM:count_2\ * \Spi_LED_Chain:BSPIM:count_1\ * 
              !\Spi_LED_Chain:BSPIM:count_0\ * 
              !\Spi_LED_Chain:BSPIM:ld_ident\
        );
        Output = \Spi_LED_Chain:BSPIM:state_0\ (fanout=15)

    MacroCell: Name=Net_113, Mode=(D-Register)
        Total # of inputs        : 4
        Total # of product terms : 3
        List of special equations: 
            Clock  = (Net_58) => Global
            Clock Enable: True
        Main Equation            : 3 pterms
        !(
              !\Spi_LED_Chain:BSPIM:state_2\ * !\Spi_LED_Chain:BSPIM:state_1\ * 
              \Spi_LED_Chain:BSPIM:state_0\
            + \Spi_LED_Chain:BSPIM:state_2\ * !\Spi_LED_Chain:BSPIM:state_0\ * 
              !Net_113
            + \Spi_LED_Chain:BSPIM:state_1\ * !Net_113
        );
        Output = Net_113 (fanout=2)

    MacroCell: Name=\Spi_LED_Chain:BSPIM:mosi_hs_reg\, Mode=(D-Register)
        Total # of inputs        : 6
        Total # of product terms : 4
        List of special equations: 
            Clock  = (Net_58) => Global
            Clock Enable: True
        Main Equation            : 4 pterms
        (
              !\Spi_LED_Chain:BSPIM:state_2\ * \Spi_LED_Chain:BSPIM:state_1\ * 
              \Spi_LED_Chain:BSPIM:state_0\ * 
              \Spi_LED_Chain:BSPIM:mosi_from_dp_reg\
            + \Spi_LED_Chain:BSPIM:state_2\ * \Spi_LED_Chain:BSPIM:state_1\ * 
              \Spi_LED_Chain:BSPIM:state_0\ * 
              \Spi_LED_Chain:BSPIM:mosi_from_dp\
            + !\Spi_LED_Chain:BSPIM:state_1\ * 
              \Spi_LED_Chain:BSPIM:mosi_hs_reg\
            + !\Spi_LED_Chain:BSPIM:state_0\ * 
              \Spi_LED_Chain:BSPIM:mosi_hs_reg\
        );
        Output = \Spi_LED_Chain:BSPIM:mosi_hs_reg\ (fanout=2)

    MacroCell: Name=\Spi_LED_Chain:BSPIM:mosi_pre_reg\, Mode=(D-Register)
        Total # of inputs        : 2
        Total # of product terms : 1
        List of special equations: 
            Clock  = (Net_58) => Global
            Clock Enable: True
        Main Equation            : 1 pterm
        !(
              !\Spi_LED_Chain:BSPIM:mosi_pre_reg_split\ * 
              !\Spi_LED_Chain:BSPIM:mosi_pre_reg_split_1\
        );
        Output = \Spi_LED_Chain:BSPIM:mosi_pre_reg\ (fanout=2)

    MacroCell: Name=\Spi_LED_Chain:BSPIM:load_cond\, Mode=(T-Register)
        Total # of inputs        : 9
        Total # of product terms : 4
        List of special equations: 
            Clock  = (Net_58) => Global
            Clock Enable: True
        Main Equation            : 4 pterms
        (
              !\Spi_LED_Chain:BSPIM:state_2\ * !\Spi_LED_Chain:BSPIM:count_4\ * 
              !\Spi_LED_Chain:BSPIM:count_3\ * !\Spi_LED_Chain:BSPIM:count_2\ * 
              !\Spi_LED_Chain:BSPIM:count_1\ * !\Spi_LED_Chain:BSPIM:count_0\ * 
              \Spi_LED_Chain:BSPIM:load_cond\
            + \Spi_LED_Chain:BSPIM:state_2\ * !\Spi_LED_Chain:BSPIM:state_1\ * 
              !\Spi_LED_Chain:BSPIM:state_0\ * 
              !\Spi_LED_Chain:BSPIM:load_cond\
            + \Spi_LED_Chain:BSPIM:state_1\ * !\Spi_LED_Chain:BSPIM:count_4\ * 
              !\Spi_LED_Chain:BSPIM:count_3\ * !\Spi_LED_Chain:BSPIM:count_2\ * 
              !\Spi_LED_Chain:BSPIM:count_1\ * !\Spi_LED_Chain:BSPIM:count_0\ * 
              \Spi_LED_Chain:BSPIM:load_cond\
            + \Spi_LED_Chain:BSPIM:state_0\ * !\Spi_LED_Chain:BSPIM:count_4\ * 
              !\Spi_LED_Chain:BSPIM:count_3\ * !\Spi_LED_Chain:BSPIM:count_2\ * 
              !\Spi_LED_Chain:BSPIM:count_1\ * !\Spi_LED_Chain:BSPIM:count_0\ * 
              \Spi_LED_Chain:BSPIM:load_cond\
        );
        Output = \Spi_LED_Chain:BSPIM:load_cond\ (fanout=1)

    MacroCell: Name=\Spi_LED_Chain:BSPIM:mosi_from_dp_reg\, Mode=(D-Register)
        Total # of inputs        : 1
        Total # of product terms : 1
        List of special equations: 
            Clock  = (Net_58) => Global
            Clock Enable: True
        Main Equation            : 1 pterm
        (
              \Spi_LED_Chain:BSPIM:mosi_from_dp\
        );
        Output = \Spi_LED_Chain:BSPIM:mosi_from_dp_reg\ (fanout=1)

    MacroCell: Name=\Spi_LED_Chain:BSPIM:ld_ident\, Mode=(T-Register)
        Total # of inputs        : 9
        Total # of product terms : 2
        List of special equations: 
            Clock  = (Net_58) => Global
            Clock Enable: True
        Main Equation            : 2 pterms
        (
              !\Spi_LED_Chain:BSPIM:state_2\ * \Spi_LED_Chain:BSPIM:state_1\ * 
              !\Spi_LED_Chain:BSPIM:state_0\ * !\Spi_LED_Chain:BSPIM:count_4\ * 
              !\Spi_LED_Chain:BSPIM:count_3\ * !\Spi_LED_Chain:BSPIM:count_2\ * 
              !\Spi_LED_Chain:BSPIM:count_1\ * \Spi_LED_Chain:BSPIM:count_0\ * 
              \Spi_LED_Chain:BSPIM:ld_ident\
            + \Spi_LED_Chain:BSPIM:state_2\ * !\Spi_LED_Chain:BSPIM:state_1\ * 
              !\Spi_LED_Chain:BSPIM:state_0\ * 
              !\Spi_LED_Chain:BSPIM:ld_ident\
        );
        Output = \Spi_LED_Chain:BSPIM:ld_ident\ (fanout=6)

    MacroCell: Name=\Spi_LED_Chain:BSPIM:cnt_enable\, Mode=(T-Register)
        Total # of inputs        : 4
        Total # of product terms : 3
        List of special equations: 
            Clock  = (Net_58) => Global
            Clock Enable: True
        Main Equation            : 3 pterms
        (
              !\Spi_LED_Chain:BSPIM:state_2\ * !\Spi_LED_Chain:BSPIM:state_1\ * 
              !\Spi_LED_Chain:BSPIM:state_0\ * 
              \Spi_LED_Chain:BSPIM:cnt_enable\
            + \Spi_LED_Chain:BSPIM:state_2\ * !\Spi_LED_Chain:BSPIM:state_1\ * 
              \Spi_LED_Chain:BSPIM:state_0\ * 
              \Spi_LED_Chain:BSPIM:cnt_enable\
            + \Spi_LED_Chain:BSPIM:state_2\ * \Spi_LED_Chain:BSPIM:state_1\ * 
              !\Spi_LED_Chain:BSPIM:state_0\ * 
              !\Spi_LED_Chain:BSPIM:cnt_enable\
        );
        Output = \Spi_LED_Chain:BSPIM:cnt_enable\ (fanout=2)

    MacroCell: Name=Net_74, Mode=(D-Register)
        Total # of inputs        : 4
        Total # of product terms : 3
        List of special equations: 
            Clock  = (Net_58) => Global
            Clock Enable: True
        Main Equation            : 3 pterms
        (
              \Spi_LED_Chain:BSPIM:state_2\ * \Spi_LED_Chain:BSPIM:state_1\ * 
              Net_74
            + \Spi_LED_Chain:BSPIM:state_2\ * !\Spi_LED_Chain:BSPIM:state_0\
            + \Spi_LED_Chain:BSPIM:state_1\ * !\Spi_LED_Chain:BSPIM:state_0\
        );
        Output = Net_74 (fanout=2)
    </CYPRESSTAG>
    <CYPRESSTAG name="Datapath listing">

    ------------------------------------------------------------
    Datapath listing
    ------------------------------------------------------------

    datapathcell: Name =\Frame_Timer:TimerUDB:sT16:timerdp:u0\
        PORT MAP (
            clock => Net_10 ,
            cs_addr_1 => \Frame_Timer:TimerUDB:control_7\ ,
            cs_addr_0 => \Frame_Timer:TimerUDB:per_zero\ ,
            chain_out => \Frame_Timer:TimerUDB:sT16:timerdp:carry\ );
        Properties:
        {
            a0_init = "00000000"
            a1_init = "00000000"
            ce0_sync = 1
            ce1_sync = 1
            cl0_sync = 1
            cl1_sync = 1
            cmsb_sync = 1
            co_msb_sync = 1
            cy_dpconfig = "0000000001000000000000000100000001000000010000000000000010000000000000001000000000000000100000000000000010000000000000001000000011111111000000001111111111111111000000000000000000000001000000000000000000011000"
            d0_init = "00000000"
            d1_init = "00000000"
            f0_blk_sync = 1
            f0_bus_sync = 1
            f1_blk_sync = 1
            f1_bus_sync = 1
            ff0_sync = 1
            ff1_sync = 1
            ov_msb_sync = 1
            so_sync = 1
            z0_sync = 1
            z1_sync = 1
        }
        Clock Polarity: Active High
        Clock Enable: True
        Next in chain : \Frame_Timer:TimerUDB:sT16:timerdp:u1\

    datapathcell: Name =\Frame_Timer:TimerUDB:sT16:timerdp:u1\
        PORT MAP (
            clock => Net_10 ,
            cs_addr_1 => \Frame_Timer:TimerUDB:control_7\ ,
            cs_addr_0 => \Frame_Timer:TimerUDB:per_zero\ ,
            z0_comb => \Frame_Timer:TimerUDB:per_zero\ ,
            f0_bus_stat_comb => \Frame_Timer:TimerUDB:status_3\ ,
            f0_blk_stat_comb => \Frame_Timer:TimerUDB:status_2\ ,
            chain_in => \Frame_Timer:TimerUDB:sT16:timerdp:carry\ );
        Properties:
        {
            a0_init = "00000000"
            a1_init = "00000000"
            ce0_sync = 1
            ce1_sync = 1
            cl0_sync = 1
            cl1_sync = 1
            cmsb_sync = 1
            co_msb_sync = 1
            cy_dpconfig = "0000000001000000000000000100000001000000010000000000000010000000000000001000000000000000100000000000000010000000000000001000000011111111000000001111111111111111100000110000000000000001000000110000000000011000"
            d0_init = "00000000"
            d1_init = "00000000"
            f0_blk_sync = 1
            f0_bus_sync = 1
            f1_blk_sync = 1
            f1_bus_sync = 1
            ff0_sync = 1
            ff1_sync = 1
            ov_msb_sync = 1
            so_sync = 1
            z0_sync = 1
            z1_sync = 1
        }
        Clock Polarity: Active High
        Clock Enable: True
        Previous in chain : \Frame_Timer:TimerUDB:sT16:timerdp:u0\

    datapathcell: Name =\Spi_LED_Chain:BSPIM:sR8:Dp:u0\
        PORT MAP (
            clock => Net_58 ,
            cs_addr_2 => \Spi_LED_Chain:BSPIM:state_2\ ,
            cs_addr_1 => \Spi_LED_Chain:BSPIM:state_1\ ,
            cs_addr_0 => \Spi_LED_Chain:BSPIM:state_0\ ,
            route_si => __ONE__ ,
            f1_load => \Spi_LED_Chain:BSPIM:load_rx_data\ ,
            so_comb => \Spi_LED_Chain:BSPIM:mosi_from_dp\ ,
            f0_bus_stat_comb => \Spi_LED_Chain:BSPIM:tx_status_2\ ,
            f0_blk_stat_comb => \Spi_LED_Chain:BSPIM:tx_status_1\ ,
            f1_bus_stat_comb => \Spi_LED_Chain:BSPIM:rx_status_5\ ,
            f1_blk_stat_comb => \Spi_LED_Chain:BSPIM:rx_status_4\ );
        Properties:
        {
            a0_init = "00000000"
            a1_init = "00000000"
            ce0_sync = 1
            ce1_sync = 1
            cl0_sync = 1
            cl1_sync = 1
            cmsb_sync = 1
            co_msb_sync = 1
            cy_dpconfig = "0000000000000000000000001100000000000001010000000001000100010000000000011100000000010001000000000000000101000000000000010100000011111111000000001111111111111111000000000010001000001000111100000000000000000100"
            d0_init = "00000000"
            d1_init = "00000000"
            f0_blk_sync = 1
            f0_bus_sync = 1
            f1_blk_sync = 1
            f1_bus_sync = 1
            ff0_sync = 1
            ff1_sync = 1
            ov_msb_sync = 1
            so_sync = 1
            z0_sync = 1
            z1_sync = 1
        }
        Clock Polarity: Active High
        Clock Enable: True
    </CYPRESSTAG>
    <CYPRESSTAG name="Status register listing">
    </CYPRESSTAG>
    <CYPRESSTAG name="StatusI register listing">

    ------------------------------------------------------------
    StatusI register listing
    ------------------------------------------------------------

    statusicell: Name =\Frame_Timer:TimerUDB:rstSts:stsreg\
        PORT MAP (
            clock => Net_10 ,
            status_3 => \Frame_Timer:TimerUDB:status_3\ ,
            status_2 => \Frame_Timer:TimerUDB:status_2\ ,
            status_0 => \Frame_Timer:TimerUDB:status_tc\ );
        Properties:
        {
            cy_force_order = 1
            cy_int_mask = "1111111"
            cy_md_select = "0000011"
        }
        Clock Polarity: Active High
        Clock Enable: True

    statusicell: Name =\Spi_LED_Chain:BSPIM:TxStsReg\
        PORT MAP (
            clock => Net_58 ,
            status_4 => \Spi_LED_Chain:BSPIM:tx_status_4\ ,
            status_3 => \Spi_LED_Chain:BSPIM:load_rx_data\ ,
            status_2 => \Spi_LED_Chain:BSPIM:tx_status_2\ ,
            status_1 => \Spi_LED_Chain:BSPIM:tx_status_1\ ,
            status_0 => \Spi_LED_Chain:BSPIM:tx_status_0\ ,
            interrupt => Net_88 );
        Properties:
        {
            cy_force_order = 1
            cy_int_mask = "0000000"
            cy_md_select = "0001001"
        }
        Clock Polarity: Active High
        Clock Enable: True

    statusicell: Name =\Spi_LED_Chain:BSPIM:RxStsReg\
        PORT MAP (
            clock => Net_58 ,
            status_6 => \Spi_LED_Chain:BSPIM:rx_status_6\ ,
            status_5 => \Spi_LED_Chain:BSPIM:rx_status_5\ ,
            status_4 => \Spi_LED_Chain:BSPIM:rx_status_4\ );
        Properties:
        {
            cy_force_order = 1
            cy_int_mask = "0000000"
            cy_md_select = "1000000"
        }
        Clock Polarity: Active High
        Clock Enable: True
    </CYPRESSTAG>
    <CYPRESSTAG name="Sync listing">
    </CYPRESSTAG>
    <CYPRESSTAG name="Control register listing">

    ------------------------------------------------------------
    Control register listing
    ------------------------------------------------------------

    controlcell: Name =\Frame_Timer:TimerUDB:sCTRLReg:SyncCtl:ctrlreg\
        PORT MAP (
            clock => Net_10 ,
            control_7 => \Frame_Timer:TimerUDB:control_7\ ,
            control_6 => \Frame_Timer:TimerUDB:control_6\ ,
            control_5 => \Frame_Timer:TimerUDB:control_5\ ,
            control_4 => \Frame_Timer:TimerUDB:control_4\ ,
            control_3 => \Frame_Timer:TimerUDB:control_3\ ,
            control_2 => \Frame_Timer:TimerUDB:control_2\ ,
            control_1 => \Frame_Timer:TimerUDB:control_1\ ,
            control_0 => \Frame_Timer:TimerUDB:control_0\ );
        Properties:
        {
            cy_ctrl_mode_0 = "11111111"
            cy_ctrl_mode_1 = "00000000"
            cy_ext_reset = 0
            cy_force_order = 1
            cy_init_value = "00000000"
        }
        Clock Polarity: Active High
        Clock Enable: True
    </CYPRESSTAG>
    <CYPRESSTAG name="Count7 listing">

    ------------------------------------------------------------
    Count7 listing
    ------------------------------------------------------------

    count7cell: Name =\Spi_LED_Chain:BSPIM:BitCounter\
        PORT MAP (
            clock => Net_58 ,
            enable => \Spi_LED_Chain:BSPIM:cnt_enable\ ,
            count_6 => \Spi_LED_Chain:BSPIM:count_6\ ,
            count_5 => \Spi_LED_Chain:BSPIM:count_5\ ,
            count_4 => \Spi_LED_Chain:BSPIM:count_4\ ,
            count_3 => \Spi_LED_Chain:BSPIM:count_3\ ,
            count_2 => \Spi_LED_Chain:BSPIM:count_2\ ,
            count_1 => \Spi_LED_Chain:BSPIM:count_1\ ,
            count_0 => \Spi_LED_Chain:BSPIM:count_0\ ,
            tc => \Spi_LED_Chain:BSPIM:cnt_tc\ );
        Properties:
        {
            cy_alt_mode = 0
            cy_init_value = "0000000"
            cy_period = "0001111"
            cy_route_en = 1
            cy_route_ld = 0
        }
        Clock Polarity: Active High
        Clock Enable: True
    </CYPRESSTAG>
    <CYPRESSTAG name="DRQ listing">
    </CYPRESSTAG>
    <CYPRESSTAG name="Interrupt listing">

    ------------------------------------------------------------
    Interrupt listing
    ------------------------------------------------------------

    interrupt: Name =isr_spi_tx_done
        PORT MAP (
            interrupt => Net_88 );
        Properties:
        {
            int_type = "10"
            is_nmi = 0
        }
    </CYPRESSTAG>
</CYPRESSTAG>
<CYPRESSTAG name="Technology mapping summary" expanded>

------------------------------------------------------------
Technology mapping summary
------------------------------------------------------------

Resource Type                 : Used : Free :  Max :  % Used
============================================================
Digital Clocks                :    2 :    6 :    8 : 25.00 %
Analog Clocks                 :    0 :    4 :    4 :  0.00 %
CapSense Buffers              :    0 :    2 :    2 :  0.00 %
Digital Filter Block          :    0 :    1 :    1 :  0.00 %
Interrupts                    :    1 :   31 :   32 :  3.13 %
IO                            :    5 :   43 :   48 : 10.42 %
Segment LCD                   :    0 :    1 :    1 :  0.00 %
CAN 2.0b                      :    0 :    1 :    1 :  0.00 %
I2C                           :    0 :    1 :    1 :  0.00 %
USB                           :    0 :    1 :    1 :  0.00 %
DMA Channels                  :    0 :   24 :   24 :  0.00 %
Timer                         :    0 :    4 :    4 :  0.00 %
UDB                           :      :      :      :        
  Macrocells                  :   20 :  172 :  192 : 10.42 %
  Unique P-terms              :   48 :  336 :  384 : 12.50 %
  Total P-terms               :   54 :      :      :        
  Datapath Cells              :    3 :   21 :   24 : 12.50 %
  Status Cells                :    4 :   20 :   24 : 16.67 %
    StatusI Registers         :    3 :      :      :        
    Routed Count7 Load/Enable :    1 :      :      :        
  Control Cells               :    2 :   22 :   24 :  8.33 %
    Control Registers         :    1 :      :      :        
    Count7 Cells              :    1 :      :      :        
Opamp                         :    0 :    4 :    4 :  0.00 %
Comparator                    :    0 :    4 :    4 :  0.00 %
Delta-Sigma ADC               :    0 :    1 :    1 :  0.00 %
LPF                           :    0 :    2 :    2 :  0.00 %
SAR ADC                       :    0 :    2 :    2 :  0.00 %
Analog (SC/CT) Blocks         :    0 :    4 :    4 :  0.00 %
DAC                           :      :      :      :        
  VIDAC                       :    0 :    4 :    4 :  0.00 %
</CYPRESSTAG>
Technology Mapping: Elapsed time ==> 0s.109ms
Tech Mapping phase: Elapsed time ==> 0s.218ms
</CYPRESSTAG>
<CYPRESSTAG name="Analog Placement">
Initial Analog Placement Results:
IO_7@[IOP=(1)][IoId=(7)] : SPI_CLK(0) (fixed)
IO_6@[IOP=(1)][IoId=(6)] : SPI_DATA(0) (fixed)
Analog Placement phase: Elapsed time ==> 0s.015ms
</CYPRESSTAG>
<CYPRESSTAG name="Analog Routing">
Analog Routing phase: Elapsed time ==> 0s.000ms
</CYPRESSTAG>
<CYPRESSTAG name="Analog Code Generation">
============ Analog Final Answer Routes ============
Dump of CyAnalogRoutingResultsDB
Map of net to items {
}
Map of item to net {
}
Mux Info {
}
Dump of CyP35AnalogRoutingResultsDB
IsVddaHalfUsedForComp = False
IsVddaHalfUsedForSar0 = False
IsVddaHalfUsedForSar1 = False
Analog Code Generation phase: Elapsed time ==> 0s.421ms
</CYPRESSTAG>
<CYPRESSTAG name="Digital Placement">
<CYPRESSTAG name="Detailed placement messages">
I2076: Total run-time: 1.4 sec.

</CYPRESSTAG>
<CYPRESSTAG name="PLD Packing">
<CYPRESSTAG name="PLD Packing Summary" expanded>

------------------------------------------------------------
PLD Packing Summary
------------------------------------------------------------
            Resource Type : Used : Free :  Max :  % Used
    ====================================================
                     PLDs :   11 :   37 :   48 :  22.92%

<CYPRESSTAG name="PLD Statistics">

        PLD Resource Type :     Average/LAB
    =======================================
                   Inputs :            7.00
                   Pterms :            4.82
               Macrocells :            1.82
</CYPRESSTAG>
<CYPRESSTAG name="Packed PLD Contents">
Packed PLD Contents not displayed at this verbose level.</CYPRESSTAG>
</CYPRESSTAG>
PLD Packing: Elapsed time ==> 0s.000ms
</CYPRESSTAG>
<CYPRESSTAG name="Partitioning">
<CYPRESSTAG name="Initial Partitioning Summary">
Initial Partitioning Summary not displayed at this verbose level.</CYPRESSTAG>
<CYPRESSTAG name="Final Partitioning Summary">
Final Partitioning Summary not displayed at this verbose level.</CYPRESSTAG>
Partitioning: Elapsed time ==> 0s.031ms
</CYPRESSTAG>
<CYPRESSTAG name="Final Placement Summary">

------------------------------------------------------------
Final Placement Summary
------------------------------------------------------------

       Resource Type :      Count : Avg Inputs : Avg Outputs
    ========================================================
                 UDB :          7 :       7.14 :       2.86
<CYPRESSTAG name="Final Placement Details">
<CYPRESSTAG name="Component Details">

------------------------------------------------------------
Component Placement Details
------------------------------------------------------------
UDB [UDB=(0,0)] contents:
LAB@[UDB=(0,0)][LB=0] #macrocells=1, #inputs=0, #pterms=0
{
    [McSlotId=0]: (empty)
    [McSlotId=1]:     MacroCell: Name=__ONE__, Mode=(Combinatorial) @ [UDB=(0,0)][LB=0][MC=1]
        Total # of inputs        : 0
        Total # of product terms : 0
            Clock Enable: True
        Main Equation            : 0 pterms
        !(
            0
        );
        Output = __ONE__ (fanout=1)
        Properties               : 
        {
        }

    [McSlotId=2]: (empty)
    [McSlotId=3]: (empty)
}

UDB [UDB=(0,1)] contents:
LAB@[UDB=(0,1)][LB=0] #macrocells=3, #inputs=11, #pterms=7
{
    [McSlotId=0]:     MacroCell: Name=\Spi_LED_Chain:BSPIM:state_1\, Mode=(D-Register) @ [UDB=(0,1)][LB=0][MC=0]
        Total # of inputs        : 10
        Total # of product terms : 4
        List of special equations: 
            Clock  = (Net_58) => Global
            Clock Enable: True
        Main Equation            : 4 pterms
        !(
              !\Spi_LED_Chain:BSPIM:state_2\ * !\Spi_LED_Chain:BSPIM:state_1\ * 
              !\Spi_LED_Chain:BSPIM:state_0\
            + !\Spi_LED_Chain:BSPIM:state_2\ * \Spi_LED_Chain:BSPIM:state_1\ * 
              \Spi_LED_Chain:BSPIM:state_0\ * !\Spi_LED_Chain:BSPIM:count_4\ * 
              !\Spi_LED_Chain:BSPIM:count_3\ * !\Spi_LED_Chain:BSPIM:count_2\ * 
              \Spi_LED_Chain:BSPIM:count_1\ * !\Spi_LED_Chain:BSPIM:count_0\ * 
              !\Spi_LED_Chain:BSPIM:ld_ident\
            + !\Spi_LED_Chain:BSPIM:state_2\ * \Spi_LED_Chain:BSPIM:state_1\ * 
              \Spi_LED_Chain:BSPIM:state_0\ * !\Spi_LED_Chain:BSPIM:count_4\ * 
              !\Spi_LED_Chain:BSPIM:count_3\ * \Spi_LED_Chain:BSPIM:count_2\ * 
              \Spi_LED_Chain:BSPIM:count_1\ * !\Spi_LED_Chain:BSPIM:count_0\ * 
              !\Spi_LED_Chain:BSPIM:tx_status_1\
            + \Spi_LED_Chain:BSPIM:state_2\ * !\Spi_LED_Chain:BSPIM:state_1\ * 
              \Spi_LED_Chain:BSPIM:state_0\
        );
        Output = \Spi_LED_Chain:BSPIM:state_1\ (fanout=15)
        Properties               : 
        {
        }

    [McSlotId=1]:     MacroCell: Name=\Spi_LED_Chain:BSPIM:ld_ident\, Mode=(T-Register) @ [UDB=(0,1)][LB=0][MC=1]
        Total # of inputs        : 9
        Total # of product terms : 2
        List of special equations: 
            Clock  = (Net_58) => Global
            Clock Enable: True
        Main Equation            : 2 pterms
        (
              !\Spi_LED_Chain:BSPIM:state_2\ * \Spi_LED_Chain:BSPIM:state_1\ * 
              !\Spi_LED_Chain:BSPIM:state_0\ * !\Spi_LED_Chain:BSPIM:count_4\ * 
              !\Spi_LED_Chain:BSPIM:count_3\ * !\Spi_LED_Chain:BSPIM:count_2\ * 
              !\Spi_LED_Chain:BSPIM:count_1\ * \Spi_LED_Chain:BSPIM:count_0\ * 
              \Spi_LED_Chain:BSPIM:ld_ident\
            + \Spi_LED_Chain:BSPIM:state_2\ * !\Spi_LED_Chain:BSPIM:state_1\ * 
              !\Spi_LED_Chain:BSPIM:state_0\ * 
              !\Spi_LED_Chain:BSPIM:ld_ident\
        );
        Output = \Spi_LED_Chain:BSPIM:ld_ident\ (fanout=6)
        Properties               : 
        {
        }

    [McSlotId=2]: (empty)
    [McSlotId=3]:     MacroCell: Name=\Spi_LED_Chain:BSPIM:rx_status_6\, Mode=(Combinatorial) @ [UDB=(0,1)][LB=0][MC=3]
        Total # of inputs        : 6
        Total # of product terms : 1
            Clock Enable: True
        Main Equation            : 1 pterm
        (
              !\Spi_LED_Chain:BSPIM:count_4\ * !\Spi_LED_Chain:BSPIM:count_3\ * 
              !\Spi_LED_Chain:BSPIM:count_2\ * !\Spi_LED_Chain:BSPIM:count_1\ * 
              \Spi_LED_Chain:BSPIM:count_0\ * 
              \Spi_LED_Chain:BSPIM:rx_status_4\
        );
        Output = \Spi_LED_Chain:BSPIM:rx_status_6\ (fanout=1)
        Properties               : 
        {
        }
}

LAB@[UDB=(0,1)][LB=1] #macrocells=3, #inputs=10, #pterms=7
{
    [McSlotId=0]:     MacroCell: Name=\Spi_LED_Chain:BSPIM:state_0\, Mode=(T-Register) @ [UDB=(0,1)][LB=1][MC=0]
        Total # of inputs        : 10
        Total # of product terms : 3
        List of special equations: 
            Clock  = (Net_58) => Global
            Clock Enable: True
        Main Equation            : 3 pterms
        !(
              !\Spi_LED_Chain:BSPIM:state_2\ * !\Spi_LED_Chain:BSPIM:state_1\ * 
              \Spi_LED_Chain:BSPIM:state_0\
            + !\Spi_LED_Chain:BSPIM:state_2\ * !\Spi_LED_Chain:BSPIM:state_1\ * 
              \Spi_LED_Chain:BSPIM:tx_status_1\
            + !\Spi_LED_Chain:BSPIM:state_2\ * \Spi_LED_Chain:BSPIM:state_0\ * 
              !\Spi_LED_Chain:BSPIM:count_4\ * !\Spi_LED_Chain:BSPIM:count_3\ * 
              !\Spi_LED_Chain:BSPIM:count_2\ * \Spi_LED_Chain:BSPIM:count_1\ * 
              !\Spi_LED_Chain:BSPIM:count_0\ * 
              !\Spi_LED_Chain:BSPIM:ld_ident\
        );
        Output = \Spi_LED_Chain:BSPIM:state_0\ (fanout=15)
        Properties               : 
        {
        }

    [McSlotId=1]: (empty)
    [McSlotId=2]:     MacroCell: Name=\Spi_LED_Chain:BSPIM:state_2\, Mode=(D-Register) @ [UDB=(0,1)][LB=1][MC=2]
        Total # of inputs        : 10
        Total # of product terms : 4
        List of special equations: 
            Clock  = (Net_58) => Global
            Clock Enable: True
        Main Equation            : 4 pterms
        (
              !\Spi_LED_Chain:BSPIM:state_2\ * !\Spi_LED_Chain:BSPIM:state_1\ * 
              \Spi_LED_Chain:BSPIM:state_0\
            + \Spi_LED_Chain:BSPIM:state_2\ * \Spi_LED_Chain:BSPIM:state_1\ * 
              \Spi_LED_Chain:BSPIM:state_0\
            + \Spi_LED_Chain:BSPIM:state_1\ * \Spi_LED_Chain:BSPIM:state_0\ * 
              !\Spi_LED_Chain:BSPIM:count_4\ * !\Spi_LED_Chain:BSPIM:count_3\ * 
              !\Spi_LED_Chain:BSPIM:count_2\ * \Spi_LED_Chain:BSPIM:count_1\ * 
              !\Spi_LED_Chain:BSPIM:count_0\ * 
              !\Spi_LED_Chain:BSPIM:ld_ident\
            + \Spi_LED_Chain:BSPIM:state_1\ * \Spi_LED_Chain:BSPIM:state_0\ * 
              !\Spi_LED_Chain:BSPIM:count_4\ * !\Spi_LED_Chain:BSPIM:count_3\ * 
              \Spi_LED_Chain:BSPIM:count_2\ * \Spi_LED_Chain:BSPIM:count_1\ * 
              !\Spi_LED_Chain:BSPIM:count_0\ * 
              !\Spi_LED_Chain:BSPIM:tx_status_1\
        );
        Output = \Spi_LED_Chain:BSPIM:state_2\ (fanout=15)
        Properties               : 
        {
        }

    [McSlotId=3]:     MacroCell: Name=\Spi_LED_Chain:BSPIM:tx_status_0\, Mode=(Combinatorial) @ [UDB=(0,1)][LB=1][MC=3]
        Total # of inputs        : 3
        Total # of product terms : 1
            Clock Enable: True
        Main Equation            : 1 pterm
        (
              \Spi_LED_Chain:BSPIM:state_2\ * !\Spi_LED_Chain:BSPIM:state_1\ * 
              \Spi_LED_Chain:BSPIM:state_0\
        );
        Output = \Spi_LED_Chain:BSPIM:tx_status_0\ (fanout=1)
        Properties               : 
        {
        }
}

statusicell: Name =\Spi_LED_Chain:BSPIM:RxStsReg\
    PORT MAP (
        clock => Net_58 ,
        status_6 => \Spi_LED_Chain:BSPIM:rx_status_6\ ,
        status_5 => \Spi_LED_Chain:BSPIM:rx_status_5\ ,
        status_4 => \Spi_LED_Chain:BSPIM:rx_status_4\ );
    Properties:
    {
        cy_force_order = 1
        cy_int_mask = "0000000"
        cy_md_select = "1000000"
    }
    Clock Polarity: Active High
    Clock Enable: True

UDB [UDB=(0,2)] contents:
LAB@[UDB=(0,2)][LB=0] #macrocells=1, #inputs=3, #pterms=1
{
    [McSlotId=0]: (empty)
    [McSlotId=1]: (empty)
    [McSlotId=2]: (empty)
    [McSlotId=3]:     MacroCell: Name=\Spi_LED_Chain:BSPIM:tx_status_4\, Mode=(Combinatorial) @ [UDB=(0,2)][LB=0][MC=3]
        Total # of inputs        : 3
        Total # of product terms : 1
            Clock Enable: True
        Main Equation            : 1 pterm
        (
              !\Spi_LED_Chain:BSPIM:state_2\ * !\Spi_LED_Chain:BSPIM:state_1\ * 
              !\Spi_LED_Chain:BSPIM:state_0\
        );
        Output = \Spi_LED_Chain:BSPIM:tx_status_4\ (fanout=1)
        Properties               : 
        {
        }
}

LAB@[UDB=(0,2)][LB=1] #macrocells=2, #inputs=9, #pterms=5
{
    [McSlotId=0]:     MacroCell: Name=\Spi_LED_Chain:BSPIM:load_cond\, Mode=(T-Register) @ [UDB=(0,2)][LB=1][MC=0]
        Total # of inputs        : 9
        Total # of product terms : 4
        List of special equations: 
            Clock  = (Net_58) => Global
            Clock Enable: True
        Main Equation            : 4 pterms
        (
              !\Spi_LED_Chain:BSPIM:state_2\ * !\Spi_LED_Chain:BSPIM:count_4\ * 
              !\Spi_LED_Chain:BSPIM:count_3\ * !\Spi_LED_Chain:BSPIM:count_2\ * 
              !\Spi_LED_Chain:BSPIM:count_1\ * !\Spi_LED_Chain:BSPIM:count_0\ * 
              \Spi_LED_Chain:BSPIM:load_cond\
            + \Spi_LED_Chain:BSPIM:state_2\ * !\Spi_LED_Chain:BSPIM:state_1\ * 
              !\Spi_LED_Chain:BSPIM:state_0\ * 
              !\Spi_LED_Chain:BSPIM:load_cond\
            + \Spi_LED_Chain:BSPIM:state_1\ * !\Spi_LED_Chain:BSPIM:count_4\ * 
              !\Spi_LED_Chain:BSPIM:count_3\ * !\Spi_LED_Chain:BSPIM:count_2\ * 
              !\Spi_LED_Chain:BSPIM:count_1\ * !\Spi_LED_Chain:BSPIM:count_0\ * 
              \Spi_LED_Chain:BSPIM:load_cond\
            + \Spi_LED_Chain:BSPIM:state_0\ * !\Spi_LED_Chain:BSPIM:count_4\ * 
              !\Spi_LED_Chain:BSPIM:count_3\ * !\Spi_LED_Chain:BSPIM:count_2\ * 
              !\Spi_LED_Chain:BSPIM:count_1\ * !\Spi_LED_Chain:BSPIM:count_0\ * 
              \Spi_LED_Chain:BSPIM:load_cond\
        );
        Output = \Spi_LED_Chain:BSPIM:load_cond\ (fanout=1)
        Properties               : 
        {
        }

    [McSlotId=1]: (empty)
    [McSlotId=2]:     MacroCell: Name=\Spi_LED_Chain:BSPIM:load_rx_data\, Mode=(Combinatorial) @ [UDB=(0,2)][LB=1][MC=2]
        Total # of inputs        : 5
        Total # of product terms : 1
            Clock Enable: True
        Main Equation            : 1 pterm
        (
              !\Spi_LED_Chain:BSPIM:count_4\ * !\Spi_LED_Chain:BSPIM:count_3\ * 
              !\Spi_LED_Chain:BSPIM:count_2\ * !\Spi_LED_Chain:BSPIM:count_1\ * 
              \Spi_LED_Chain:BSPIM:count_0\
        );
        Output = \Spi_LED_Chain:BSPIM:load_rx_data\ (fanout=2)
        Properties               : 
        {
        }

    [McSlotId=3]: (empty)
}

datapathcell: Name =\Spi_LED_Chain:BSPIM:sR8:Dp:u0\
    PORT MAP (
        clock => Net_58 ,
        cs_addr_2 => \Spi_LED_Chain:BSPIM:state_2\ ,
        cs_addr_1 => \Spi_LED_Chain:BSPIM:state_1\ ,
        cs_addr_0 => \Spi_LED_Chain:BSPIM:state_0\ ,
        route_si => __ONE__ ,
        f1_load => \Spi_LED_Chain:BSPIM:load_rx_data\ ,
        so_comb => \Spi_LED_Chain:BSPIM:mosi_from_dp\ ,
        f0_bus_stat_comb => \Spi_LED_Chain:BSPIM:tx_status_2\ ,
        f0_blk_stat_comb => \Spi_LED_Chain:BSPIM:tx_status_1\ ,
        f1_bus_stat_comb => \Spi_LED_Chain:BSPIM:rx_status_5\ ,
        f1_blk_stat_comb => \Spi_LED_Chain:BSPIM:rx_status_4\ );
    Properties:
    {
        a0_init = "00000000"
        a1_init = "00000000"
        ce0_sync = 1
        ce1_sync = 1
        cl0_sync = 1
        cl1_sync = 1
        cmsb_sync = 1
        co_msb_sync = 1
        cy_dpconfig = "0000000000000000000000001100000000000001010000000001000100010000000000011100000000010001000000000000000101000000000000010100000011111111000000001111111111111111000000000010001000001000111100000000000000000100"
        d0_init = "00000000"
        d1_init = "00000000"
        f0_blk_sync = 1
        f0_bus_sync = 1
        f1_blk_sync = 1
        f1_bus_sync = 1
        ff0_sync = 1
        ff1_sync = 1
        ov_msb_sync = 1
        so_sync = 1
        z0_sync = 1
        z1_sync = 1
    }
    Clock Polarity: Active High
    Clock Enable: True

statusicell: Name =\Spi_LED_Chain:BSPIM:TxStsReg\
    PORT MAP (
        clock => Net_58 ,
        status_4 => \Spi_LED_Chain:BSPIM:tx_status_4\ ,
        status_3 => \Spi_LED_Chain:BSPIM:load_rx_data\ ,
        status_2 => \Spi_LED_Chain:BSPIM:tx_status_2\ ,
        status_1 => \Spi_LED_Chain:BSPIM:tx_status_1\ ,
        status_0 => \Spi_LED_Chain:BSPIM:tx_status_0\ ,
        interrupt => Net_88 );
    Properties:
    {
        cy_force_order = 1
        cy_int_mask = "0000000"
        cy_md_select = "0001001"
    }
    Clock Polarity: Active High
    Clock Enable: True

UDB [UDB=(0,3)] contents:
LAB@[UDB=(0,3)][LB=0] #macrocells=1, #inputs=4, #pterms=3
{
    [McSlotId=0]: (empty)
    [McSlotId=1]:     MacroCell: Name=Net_74, Mode=(D-Register) @ [UDB=(0,3)][LB=0][MC=1]
        Total # of inputs        : 4
        Total # of product terms : 3
        List of special equations: 
            Clock  = (Net_58) => Global
            Clock Enable: True
        Main Equation            : 3 pterms
        (
              \Spi_LED_Chain:BSPIM:state_2\ * \Spi_LED_Chain:BSPIM:state_1\ * 
              Net_74
            + \Spi_LED_Chain:BSPIM:state_2\ * !\Spi_LED_Chain:BSPIM:state_0\
            + \Spi_LED_Chain:BSPIM:state_1\ * !\Spi_LED_Chain:BSPIM:state_0\
        );
        Output = Net_74 (fanout=2)
        Properties               : 
        {
        }

    [McSlotId=2]: (empty)
    [McSlotId=3]: (empty)
}

datapathcell: Name =\Frame_Timer:TimerUDB:sT16:timerdp:u0\
    PORT MAP (
        clock => Net_10 ,
        cs_addr_1 => \Frame_Timer:TimerUDB:control_7\ ,
        cs_addr_0 => \Frame_Timer:TimerUDB:per_zero\ ,
        chain_out => \Frame_Timer:TimerUDB:sT16:timerdp:carry\ );
    Properties:
    {
        a0_init = "00000000"
        a1_init = "00000000"
        ce0_sync = 1
        ce1_sync = 1
        cl0_sync = 1
        cl1_sync = 1
        cmsb_sync = 1
        co_msb_sync = 1
        cy_dpconfig = "0000000001000000000000000100000001000000010000000000000010000000000000001000000000000000100000000000000010000000000000001000000011111111000000001111111111111111000000000000000000000001000000000000000000011000"
        d0_init = "00000000"
        d1_init = "00000000"
        f0_blk_sync = 1
        f0_bus_sync = 1
        f1_blk_sync = 1
        f1_bus_sync = 1
        ff0_sync = 1
        ff1_sync = 1
        ov_msb_sync = 1
        so_sync = 1
        z0_sync = 1
        z1_sync = 1
    }
    Clock Polarity: Active High
    Clock Enable: True
    Next in chain : \Frame_Timer:TimerUDB:sT16:timerdp:u1\

controlcell: Name =\Frame_Timer:TimerUDB:sCTRLReg:SyncCtl:ctrlreg\
    PORT MAP (
        clock => Net_10 ,
        control_7 => \Frame_Timer:TimerUDB:control_7\ ,
        control_6 => \Frame_Timer:TimerUDB:control_6\ ,
        control_5 => \Frame_Timer:TimerUDB:control_5\ ,
        control_4 => \Frame_Timer:TimerUDB:control_4\ ,
        control_3 => \Frame_Timer:TimerUDB:control_3\ ,
        control_2 => \Frame_Timer:TimerUDB:control_2\ ,
        control_1 => \Frame_Timer:TimerUDB:control_1\ ,
        control_0 => \Frame_Timer:TimerUDB:control_0\ );
    Properties:
    {
        cy_ctrl_mode_0 = "11111111"
        cy_ctrl_mode_1 = "00000000"
        cy_ext_reset = 0
        cy_force_order = 1
        cy_init_value = "00000000"
    }
    Clock Polarity: Active High
    Clock Enable: True

UDB [UDB=(0,4)] is empty.
UDB [UDB=(0,5)] is empty.
UDB [UDB=(1,0)] is empty.
UDB [UDB=(1,1)] contents:
LAB@[UDB=(1,1)][LB=0] #macrocells=1, #inputs=11, #pterms=8
{
    [McSlotId=0]:     MacroCell: Name=\Spi_LED_Chain:BSPIM:mosi_pre_reg_split\, Mode=(Combinatorial) @ [UDB=(1,1)][LB=0][MC=0]
        Total # of inputs        : 11
        Total # of product terms : 8
            Clock Enable: True
        Main Equation            : 8 pterms
        (
              !\Spi_LED_Chain:BSPIM:state_2\ * \Spi_LED_Chain:BSPIM:state_1\ * 
              !\Spi_LED_Chain:BSPIM:state_0\ * 
              \Spi_LED_Chain:BSPIM:mosi_from_dp\ * 
              \Spi_LED_Chain:BSPIM:count_4\
            + !\Spi_LED_Chain:BSPIM:state_2\ * \Spi_LED_Chain:BSPIM:state_1\ * 
              !\Spi_LED_Chain:BSPIM:state_0\ * 
              \Spi_LED_Chain:BSPIM:mosi_from_dp\ * 
              \Spi_LED_Chain:BSPIM:count_3\
            + !\Spi_LED_Chain:BSPIM:state_2\ * \Spi_LED_Chain:BSPIM:state_1\ * 
              !\Spi_LED_Chain:BSPIM:state_0\ * 
              \Spi_LED_Chain:BSPIM:mosi_from_dp\ * 
              \Spi_LED_Chain:BSPIM:count_2\
            + !\Spi_LED_Chain:BSPIM:state_2\ * \Spi_LED_Chain:BSPIM:state_1\ * 
              !\Spi_LED_Chain:BSPIM:state_0\ * 
              \Spi_LED_Chain:BSPIM:mosi_from_dp\ * 
              \Spi_LED_Chain:BSPIM:count_1\
            + !\Spi_LED_Chain:BSPIM:state_2\ * \Spi_LED_Chain:BSPIM:state_1\ * 
              !\Spi_LED_Chain:BSPIM:state_0\ * 
              \Spi_LED_Chain:BSPIM:mosi_from_dp\ * 
              !\Spi_LED_Chain:BSPIM:count_0\
            + \Spi_LED_Chain:BSPIM:state_2\ * \Spi_LED_Chain:BSPIM:state_1\ * 
              !\Spi_LED_Chain:BSPIM:state_0\ * 
              \Spi_LED_Chain:BSPIM:mosi_pre_reg\
            + \Spi_LED_Chain:BSPIM:state_1\ * !\Spi_LED_Chain:BSPIM:state_0\ * 
              !\Spi_LED_Chain:BSPIM:count_4\ * !\Spi_LED_Chain:BSPIM:count_3\ * 
              !\Spi_LED_Chain:BSPIM:count_2\ * !\Spi_LED_Chain:BSPIM:count_1\ * 
              \Spi_LED_Chain:BSPIM:count_0\ * 
              \Spi_LED_Chain:BSPIM:mosi_pre_reg\
            + \Spi_LED_Chain:BSPIM:state_1\ * \Spi_LED_Chain:BSPIM:state_0\ * 
              \Spi_LED_Chain:BSPIM:mosi_from_dp\ * 
              !\Spi_LED_Chain:BSPIM:count_4\ * !\Spi_LED_Chain:BSPIM:count_3\ * 
              !\Spi_LED_Chain:BSPIM:count_2\ * !\Spi_LED_Chain:BSPIM:count_1\ * 
              !\Spi_LED_Chain:BSPIM:count_0\ * 
              !\Spi_LED_Chain:BSPIM:ld_ident\
        );
        Output = \Spi_LED_Chain:BSPIM:mosi_pre_reg_split\ (fanout=1)
        Properties               : 
        {
        }

    [McSlotId=1]: (empty)
    [McSlotId=2]: (empty)
    [McSlotId=3]: (empty)
}

LAB@[UDB=(1,1)][LB=1] #macrocells=2, #inputs=12, #pterms=7
{
    [McSlotId=0]:     MacroCell: Name=\Spi_LED_Chain:BSPIM:mosi_pre_reg_split_1\, Mode=(Combinatorial) @ [UDB=(1,1)][LB=1][MC=0]
        Total # of inputs        : 10
        Total # of product terms : 6
            Clock Enable: True
        Main Equation            : 6 pterms
        !(
              !\Spi_LED_Chain:BSPIM:state_2\ * \Spi_LED_Chain:BSPIM:state_1\ * 
              !\Spi_LED_Chain:BSPIM:count_4\ * !\Spi_LED_Chain:BSPIM:count_3\ * 
              !\Spi_LED_Chain:BSPIM:count_2\ * !\Spi_LED_Chain:BSPIM:count_0\ * 
              !\Spi_LED_Chain:BSPIM:ld_ident\
            + !\Spi_LED_Chain:BSPIM:state_2\ * !\Spi_LED_Chain:BSPIM:state_0\
            + !\Spi_LED_Chain:BSPIM:state_2\ * 
              !\Spi_LED_Chain:BSPIM:mosi_pre_reg\
            + \Spi_LED_Chain:BSPIM:state_2\ * !\Spi_LED_Chain:BSPIM:state_1\ * 
              \Spi_LED_Chain:BSPIM:state_0\
            + \Spi_LED_Chain:BSPIM:state_2\ * 
              !\Spi_LED_Chain:BSPIM:mosi_from_dp\
            + \Spi_LED_Chain:BSPIM:state_1\ * !\Spi_LED_Chain:BSPIM:state_0\
        );
        Output = \Spi_LED_Chain:BSPIM:mosi_pre_reg_split_1\ (fanout=1)
        Properties               : 
        {
        }

    [McSlotId=1]:     MacroCell: Name=\Spi_LED_Chain:BSPIM:mosi_pre_reg\, Mode=(D-Register) @ [UDB=(1,1)][LB=1][MC=1]
        Total # of inputs        : 2
        Total # of product terms : 1
        List of special equations: 
            Clock  = (Net_58) => Global
            Clock Enable: True
        Main Equation            : 1 pterm
        !(
              !\Spi_LED_Chain:BSPIM:mosi_pre_reg_split\ * 
              !\Spi_LED_Chain:BSPIM:mosi_pre_reg_split_1\
        );
        Output = \Spi_LED_Chain:BSPIM:mosi_pre_reg\ (fanout=2)
        Properties               : 
        {
        }

    [McSlotId=2]: (empty)
    [McSlotId=3]: (empty)
}

count7cell: Name =\Spi_LED_Chain:BSPIM:BitCounter\
    PORT MAP (
        clock => Net_58 ,
        enable => \Spi_LED_Chain:BSPIM:cnt_enable\ ,
        count_6 => \Spi_LED_Chain:BSPIM:count_6\ ,
        count_5 => \Spi_LED_Chain:BSPIM:count_5\ ,
        count_4 => \Spi_LED_Chain:BSPIM:count_4\ ,
        count_3 => \Spi_LED_Chain:BSPIM:count_3\ ,
        count_2 => \Spi_LED_Chain:BSPIM:count_2\ ,
        count_1 => \Spi_LED_Chain:BSPIM:count_1\ ,
        count_0 => \Spi_LED_Chain:BSPIM:count_0\ ,
        tc => \Spi_LED_Chain:BSPIM:cnt_tc\ );
    Properties:
    {
        cy_alt_mode = 0
        cy_init_value = "0000000"
        cy_period = "0001111"
        cy_route_en = 1
        cy_route_ld = 0
    }
    Clock Polarity: Active High
    Clock Enable: True

UDB [UDB=(1,2)] contents:
LAB@[UDB=(1,2)][LB=1] #macrocells=1, #inputs=4, #pterms=3
{
    [McSlotId=0]: (empty)
    [McSlotId=1]: (empty)
    [McSlotId=2]: (empty)
    [McSlotId=3]:     MacroCell: Name=\Spi_LED_Chain:BSPIM:cnt_enable\, Mode=(T-Register) @ [UDB=(1,2)][LB=1][MC=3]
        Total # of inputs        : 4
        Total # of product terms : 3
        List of special equations: 
            Clock  = (Net_58) => Global
            Clock Enable: True
        Main Equation            : 3 pterms
        (
              !\Spi_LED_Chain:BSPIM:state_2\ * !\Spi_LED_Chain:BSPIM:state_1\ * 
              !\Spi_LED_Chain:BSPIM:state_0\ * 
              \Spi_LED_Chain:BSPIM:cnt_enable\
            + \Spi_LED_Chain:BSPIM:state_2\ * !\Spi_LED_Chain:BSPIM:state_1\ * 
              \Spi_LED_Chain:BSPIM:state_0\ * 
              \Spi_LED_Chain:BSPIM:cnt_enable\
            + \Spi_LED_Chain:BSPIM:state_2\ * \Spi_LED_Chain:BSPIM:state_1\ * 
              !\Spi_LED_Chain:BSPIM:state_0\ * 
              !\Spi_LED_Chain:BSPIM:cnt_enable\
        );
        Output = \Spi_LED_Chain:BSPIM:cnt_enable\ (fanout=3)
        Properties               : 
        {
        }
}

UDB [UDB=(1,3)] contents:
LAB@[UDB=(1,3)][LB=0] #macrocells=3, #inputs=7, #pterms=7
{
    [McSlotId=0]:     MacroCell: Name=\Frame_Timer:TimerUDB:status_tc\, Mode=(Combinatorial) @ [UDB=(1,3)][LB=0][MC=0]
        Total # of inputs        : 2
        Total # of product terms : 1
            Clock Enable: True
        Main Equation            : 1 pterm
        (
              \Frame_Timer:TimerUDB:control_7\ * 
              \Frame_Timer:TimerUDB:per_zero\
        );
        Output = \Frame_Timer:TimerUDB:status_tc\ (fanout=1)
        Properties               : 
        {
        }

    [McSlotId=1]:     MacroCell: Name=Net_73, Mode=(Combinatorial) @ [UDB=(1,3)][LB=0][MC=1]
        Total # of inputs        : 5
        Total # of product terms : 3
            Clock Enable: True
        Main Equation            : 3 pterms
        (
              !\Spi_LED_Chain:BSPIM:state_2\ * !Net_113 * 
              \Spi_LED_Chain:BSPIM:mosi_hs_reg\
            + \Spi_LED_Chain:BSPIM:state_1\ * !Net_113 * 
              \Spi_LED_Chain:BSPIM:mosi_hs_reg\
            + !\Spi_LED_Chain:BSPIM:state_0\ * !Net_113 * 
              \Spi_LED_Chain:BSPIM:mosi_hs_reg\
        );
        Output = Net_73 (fanout=1)
        Properties               : 
        {
        }

    [McSlotId=2]:     MacroCell: Name=Net_113, Mode=(D-Register) @ [UDB=(1,3)][LB=0][MC=2]
        Total # of inputs        : 4
        Total # of product terms : 3
        List of special equations: 
            Clock  = (Net_58) => Global
            Clock Enable: True
        Main Equation            : 3 pterms
        !(
              !\Spi_LED_Chain:BSPIM:state_2\ * !\Spi_LED_Chain:BSPIM:state_1\ * 
              \Spi_LED_Chain:BSPIM:state_0\
            + \Spi_LED_Chain:BSPIM:state_2\ * !\Spi_LED_Chain:BSPIM:state_0\ * 
              !Net_113
            + \Spi_LED_Chain:BSPIM:state_1\ * !Net_113
        );
        Output = Net_113 (fanout=2)
        Properties               : 
        {
        }

    [McSlotId=3]: (empty)
}

LAB@[UDB=(1,3)][LB=1] #macrocells=2, #inputs=6, #pterms=5
{
    [McSlotId=0]:     MacroCell: Name=\Spi_LED_Chain:BSPIM:mosi_hs_reg\, Mode=(D-Register) @ [UDB=(1,3)][LB=1][MC=0]
        Total # of inputs        : 6
        Total # of product terms : 4
        List of special equations: 
            Clock  = (Net_58) => Global
            Clock Enable: True
        Main Equation            : 4 pterms
        (
              !\Spi_LED_Chain:BSPIM:state_2\ * \Spi_LED_Chain:BSPIM:state_1\ * 
              \Spi_LED_Chain:BSPIM:state_0\ * 
              \Spi_LED_Chain:BSPIM:mosi_from_dp_reg\
            + \Spi_LED_Chain:BSPIM:state_2\ * \Spi_LED_Chain:BSPIM:state_1\ * 
              \Spi_LED_Chain:BSPIM:state_0\ * 
              \Spi_LED_Chain:BSPIM:mosi_from_dp\
            + !\Spi_LED_Chain:BSPIM:state_1\ * 
              \Spi_LED_Chain:BSPIM:mosi_hs_reg\
            + !\Spi_LED_Chain:BSPIM:state_0\ * 
              \Spi_LED_Chain:BSPIM:mosi_hs_reg\
        );
        Output = \Spi_LED_Chain:BSPIM:mosi_hs_reg\ (fanout=2)
        Properties               : 
        {
        }

    [McSlotId=1]:     MacroCell: Name=\Spi_LED_Chain:BSPIM:mosi_from_dp_reg\, Mode=(D-Register) @ [UDB=(1,3)][LB=1][MC=1]
        Total # of inputs        : 1
        Total # of product terms : 1
        List of special equations: 
            Clock  = (Net_58) => Global
            Clock Enable: True
        Main Equation            : 1 pterm
        (
              \Spi_LED_Chain:BSPIM:mosi_from_dp\
        );
        Output = \Spi_LED_Chain:BSPIM:mosi_from_dp_reg\ (fanout=1)
        Properties               : 
        {
        }

    [McSlotId=2]: (empty)
    [McSlotId=3]: (empty)
}

datapathcell: Name =\Frame_Timer:TimerUDB:sT16:timerdp:u1\
    PORT MAP (
        clock => Net_10 ,
        cs_addr_1 => \Frame_Timer:TimerUDB:control_7\ ,
        cs_addr_0 => \Frame_Timer:TimerUDB:per_zero\ ,
        z0_comb => \Frame_Timer:TimerUDB:per_zero\ ,
        f0_bus_stat_comb => \Frame_Timer:TimerUDB:status_3\ ,
        f0_blk_stat_comb => \Frame_Timer:TimerUDB:status_2\ ,
        chain_in => \Frame_Timer:TimerUDB:sT16:timerdp:carry\ );
    Properties:
    {
        a0_init = "00000000"
        a1_init = "00000000"
        ce0_sync = 1
        ce1_sync = 1
        cl0_sync = 1
        cl1_sync = 1
        cmsb_sync = 1
        co_msb_sync = 1
        cy_dpconfig = "0000000001000000000000000100000001000000010000000000000010000000000000001000000000000000100000000000000010000000000000001000000011111111000000001111111111111111100000110000000000000001000000110000000000011000"
        d0_init = "00000000"
        d1_init = "00000000"
        f0_blk_sync = 1
        f0_bus_sync = 1
        f1_blk_sync = 1
        f1_bus_sync = 1
        ff0_sync = 1
        ff1_sync = 1
        ov_msb_sync = 1
        so_sync = 1
        z0_sync = 1
        z1_sync = 1
    }
    Clock Polarity: Active High
    Clock Enable: True
    Previous in chain : \Frame_Timer:TimerUDB:sT16:timerdp:u0\

statusicell: Name =\Frame_Timer:TimerUDB:rstSts:stsreg\
    PORT MAP (
        clock => Net_10 ,
        status_3 => \Frame_Timer:TimerUDB:status_3\ ,
        status_2 => \Frame_Timer:TimerUDB:status_2\ ,
        status_0 => \Frame_Timer:TimerUDB:status_tc\ );
    Properties:
    {
        cy_force_order = 1
        cy_int_mask = "1111111"
        cy_md_select = "0000011"
    }
    Clock Polarity: Active High
    Clock Enable: True

UDB [UDB=(1,4)] is empty.
UDB [UDB=(1,5)] is empty.
UDB [UDB=(2,0)] is empty.
UDB [UDB=(2,1)] is empty.
UDB [UDB=(2,2)] is empty.
UDB [UDB=(2,3)] is empty.
UDB [UDB=(2,4)] is empty.
UDB [UDB=(2,5)] is empty.
UDB [UDB=(3,0)] is empty.
UDB [UDB=(3,1)] is empty.
UDB [UDB=(3,2)] is empty.
UDB [UDB=(3,3)] is empty.
UDB [UDB=(3,4)] is empty.
UDB [UDB=(3,5)] is empty.
Intr container @ [IntrContainer=(0)]: 
  Intr@ [IntrContainer=(0)][IntrId=(0)] 
    interrupt: Name =isr_spi_tx_done
        PORT MAP (
            interrupt => Net_88 );
        Properties:
        {
            int_type = "10"
            is_nmi = 0
        }
Drq container @ [DrqContainer=(0)]: empty
Port 0 contains the following IO cells:
Port 1 contains the following IO cells:
[IoId=6]: 
Pin : Name = SPI_DATA(0)
    Attributes:
        In Group/Port: True
        In Sync Option: AUTO
        Out Sync Option: NOSYNC
        Interrupt generated: False
        Interrupt mode: NONE
        Drive mode: CMOS_OUT
        VTrip: EITHER
        Slew: FAST
        Input Sync needed: False
        Output Sync needed: False
        SC shield enabled: False
        POR State: ANY
        LCD Mode: COMMON
        Register Mode: RegComb
        CaSense Mode: NEITHER
        Treat as pin: True
        Is OE Registered: False
        Uses Analog: False
        Can contain Digital: True
        Is SIO: False
        SIO Output Buf: NONREGULATED
        SIO Input Buf: SINGLE_ENDED
        SIO HiFreq: LOW
        SIO Hyst: DISABLED
        SIO Vtrip: MULTIPLIER_0_5
        SIO Multiplier Index: 0
        SIO RefSel: VCC_IO
        Required Capabilities: DIGITAL, ROUTABLE
        Initial Value: 0
        IO Voltage: 0
    PORT MAP (
        pa_out => SPI_DATA(0)__PA ,
        pin_input => Net_73 ,
        pad => SPI_DATA(0)_PAD );
    Properties:
    {
    }

[IoId=7]: 
Pin : Name = SPI_CLK(0)
    Attributes:
        In Group/Port: True
        In Sync Option: AUTO
        Out Sync Option: NOSYNC
        Interrupt generated: False
        Interrupt mode: NONE
        Drive mode: CMOS_OUT
        VTrip: EITHER
        Slew: FAST
        Input Sync needed: False
        Output Sync needed: False
        SC shield enabled: False
        POR State: ANY
        LCD Mode: COMMON
        Register Mode: RegComb
        CaSense Mode: NEITHER
        Treat as pin: True
        Is OE Registered: False
        Uses Analog: False
        Can contain Digital: True
        Is SIO: False
        SIO Output Buf: NONREGULATED
        SIO Input Buf: SINGLE_ENDED
        SIO HiFreq: LOW
        SIO Hyst: DISABLED
        SIO Vtrip: MULTIPLIER_0_5
        SIO Multiplier Index: 0
        SIO RefSel: VCC_IO
        Required Capabilities: DIGITAL, ROUTABLE
        Initial Value: 0
        IO Voltage: 0
    PORT MAP (
        pa_out => SPI_CLK(0)__PA ,
        pin_input => Net_74 ,
        pad => SPI_CLK(0)_PAD );
    Properties:
    {
    }

Port 2 contains the following IO cells:
Port 3 contains the following IO cells:
Port 12 contains the following IO cells:
Port 15 contains the following IO cells:
ARM group 0: empty
CAN group 0: empty
Cache group 0: empty
CapSense group 0: empty
Clock group 0: 
    Clock Block @ F(Clock,0): 
    clockblockcell: Name =ClockBlock
        PORT MAP (
            imo => ClockBlock_IMO ,
            pllout => ClockBlock_PLL_OUT ,
            ilo => ClockBlock_ILO ,
            clk_100k => ClockBlock_100k ,
            clk_1k => ClockBlock_1k ,
            clk_32k => ClockBlock_32k ,
            xtal => ClockBlock_XTAL ,
            clk_32k_xtal => ClockBlock_XTAL_32KHZ ,
            clk_sync => ClockBlock_MASTER_CLK ,
            clk_bus_glb => ClockBlock_BUS_CLK ,
            clk_bus => ClockBlock_BUS_CLK_local ,
            dclk_glb_0 => Net_58 ,
            dclk_0 => Net_58_local ,
            dclk_glb_1 => Net_10 ,
            dclk_1 => Net_10_local );
        Properties:
        {
        }
Comparator group 0: empty
DFB group 0: empty
DSM group 0: empty
Decimator group 0: empty
EMIF group 0: empty
I2C group 0: empty
LCD group 0: empty
LVD group 0: empty
PICU group 0: empty
PM group 0: empty
SC group 0: empty
SPC group 0: empty
Timer group 0: empty
USB group 0: empty
VIDAC group 0: empty
OpAmp group 0: empty
CsAbuf group 0: empty
Vref group 0: empty
LPF group 0: empty
SAR group 0: empty
ANAIF group 0: empty
PHUB group 0: empty
</CYPRESSTAG>
<CYPRESSTAG name="Port Configuration Details">

------------------------------------------------------------
Port Configuration report
------------------------------------------------------------
     |     |       | Interrupt |                  |             | 
Port | Pin | Fixed |      Type |       Drive Mode |        Name | Connections
-----+-----+-------+-----------+------------------+-------------+------------
   1 |   6 |     * |      NONE |         CMOS_OUT | SPI_DATA(0) | In(Net_73)
     |   7 |     * |      NONE |         CMOS_OUT |  SPI_CLK(0) | In(Net_74)
-----------------------------------------------------------------------------
</CYPRESSTAG>
</CYPRESSTAG>
</CYPRESSTAG>
Digital component placer commit/Report: Elapsed time ==> 0s.046ms
Digital Placement phase: Elapsed time ==> 1s.921ms
</CYPRESSTAG>
<CYPRESSTAG name="Digital Routing">
"C:\Program Files (x86)\Cypress\PSoC Creator\4.4\PSoC Creator\bin/sjrouter.exe" --xml-path "C:\Program Files (x86)\Cypress\PSoC Creator\4.4\PSoC Creator\dev\psoc5/psoc5lp/route_arch-rrg.cydata" --vh2-path "LED_Space_Fighter_r.vh2" --pcf-path "LED_Space_Fighter.pco" --des-name "LED_Space_Fighter" --dsf-path "LED_Space_Fighter.dsf" --sdc-path "LED_Space_Fighter.sdc" --lib-path "LED_Space_Fighter_r.lib"
Routing successful.
Digital Routing phase: Elapsed time ==> 2s.140ms
</CYPRESSTAG>
<CYPRESSTAG name="Bitstream Generation">
Bitstream Generation phase: Elapsed time ==> 0s.312ms
</CYPRESSTAG>
<CYPRESSTAG name="Bitstream Verification">
Bitstream Verification phase: Elapsed time ==> 0s.062ms
</CYPRESSTAG>
<CYPRESSTAG name="Static timing analysis">
Timing report is in LED_Space_Fighter_timing.html.
Static timing analysis phase: Elapsed time ==> 0s.484ms
</CYPRESSTAG>
<CYPRESSTAG name="Data reporting">
Data reporting phase: Elapsed time ==> 0s.000ms
</CYPRESSTAG>
<CYPRESSTAG name="Database update...">
Design database save phase: Elapsed time ==> 0s.234ms
</CYPRESSTAG>
cydsfit: Elapsed time ==> 5s.906ms
</CYPRESSTAG>
Fitter phase: Elapsed time ==> 5s.906ms
API generation phase: Elapsed time ==> 1s.734ms
Dependency generation phase: Elapsed time ==> 0s.032ms
Cleanup phase: Elapsed time ==> 0s.000ms
