ARM GAS  C:\Users\DIGITA~1\AppData\Local\Temp\ccR9oaNn.s 			page 1


   1              		.syntax unified
   2              		.cpu cortex-m3
   3              		.fpu softvfp
   4              		.eabi_attribute 20, 1
   5              		.eabi_attribute 21, 1
   6              		.eabi_attribute 23, 3
   7              		.eabi_attribute 24, 1
   8              		.eabi_attribute 25, 1
   9              		.eabi_attribute 26, 1
  10              		.eabi_attribute 30, 1
  11              		.eabi_attribute 34, 1
  12              		.eabi_attribute 18, 4
  13              		.thumb
  14              		.syntax unified
  15              		.file	"cymetadata.c"
  16              		.text
  17              	.Ltext0:
  18              		.cfi_sections	.debug_frame
  19              		.global	cy_metadata
  20              		.global	cy_meta_flashprotect
  21              		.global	cy_meta_wonvl
  22              		.global	cy_meta_custnvl
  23              		.global	cy_meta_configecc
  24              		.section	.cyconfigecc,"a",%progbits
  25              		.align	2
  26              		.type	cy_meta_configecc, %object
  27              		.size	cy_meta_configecc, 936
  28              	cy_meta_configecc:
  29 0000 02       		.byte	2
  30 0001 52       		.byte	82
  31 0002 00       		.byte	0
  32 0003 40       		.byte	64
  33 0004 01       		.byte	1
  34 0005 64       		.byte	100
  35 0006 00       		.byte	0
  36 0007 40       		.byte	64
  37 0008 01       		.byte	1
  38 0009 65       		.byte	101
  39 000a 00       		.byte	0
  40 000b 40       		.byte	64
  41 000c 46       		.byte	70
  42 000d 08       		.byte	8
  43 000e 01       		.byte	1
  44 000f 40       		.byte	64
  45 0010 2B       		.byte	43
  46 0011 09       		.byte	9
  47 0012 01       		.byte	1
  48 0013 40       		.byte	64
  49 0014 50       		.byte	80
  50 0015 0A       		.byte	10
  51 0016 01       		.byte	1
  52 0017 40       		.byte	64
  53 0018 25       		.byte	37
  54 0019 0B       		.byte	11
  55 001a 01       		.byte	1
  56 001b 40       		.byte	64
  57 001c 01       		.byte	1
ARM GAS  C:\Users\DIGITA~1\AppData\Local\Temp\ccR9oaNn.s 			page 2


  58 001d 17       		.byte	23
  59 001e 01       		.byte	1
  60 001f 40       		.byte	64
  61 0020 5E       		.byte	94
  62 0021 18       		.byte	24
  63 0022 01       		.byte	1
  64 0023 40       		.byte	64
  65 0024 40       		.byte	64
  66 0025 19       		.byte	25
  67 0026 01       		.byte	1
  68 0027 40       		.byte	64
  69 0028 04       		.byte	4
  70 0029 1A       		.byte	26
  71 002a 01       		.byte	1
  72 002b 40       		.byte	64
  73 002c 02       		.byte	2
  74 002d 1B       		.byte	27
  75 002e 01       		.byte	1
  76 002f 40       		.byte	64
  77 0030 02       		.byte	2
  78 0031 40       		.byte	64
  79 0032 01       		.byte	1
  80 0033 40       		.byte	64
  81 0034 01       		.byte	1
  82 0035 41       		.byte	65
  83 0036 01       		.byte	1
  84 0037 40       		.byte	64
  85 0038 01       		.byte	1
  86 0039 42       		.byte	66
  87 003a 01       		.byte	1
  88 003b 40       		.byte	64
  89 003c 01       		.byte	1
  90 003d 43       		.byte	67
  91 003e 01       		.byte	1
  92 003f 40       		.byte	64
  93 0040 06       		.byte	6
  94 0041 47       		.byte	71
  95 0042 01       		.byte	1
  96 0043 40       		.byte	64
  97 0044 02       		.byte	2
  98 0045 48       		.byte	72
  99 0046 01       		.byte	1
 100 0047 40       		.byte	64
 101 0048 05       		.byte	5
 102 0049 4C       		.byte	76
 103 004a 01       		.byte	1
 104 004b 40       		.byte	64
 105 004c 04       		.byte	4
 106 004d 50       		.byte	80
 107 004e 01       		.byte	1
 108 004f 40       		.byte	64
 109 0050 01       		.byte	1
 110 0051 51       		.byte	81
 111 0052 01       		.byte	1
 112 0053 40       		.byte	64
 113 0054 08       		.byte	8
 114 0055 40       		.byte	64
ARM GAS  C:\Users\DIGITA~1\AppData\Local\Temp\ccR9oaNn.s 			page 3


 115 0056 09       		.byte	9
 116 0057 C0       		.byte	-64
 117 0058 8B       		.byte	-117
 118 0059 0D       		.byte	13
 119 005a 88       		.byte	-120
 120 005b 0F       		.byte	15
 121 005c 05       		.byte	5
 122 005d 01       		.byte	1
 123 005e 07       		.byte	7
 124 005f 06       		.byte	6
 125 0060 09       		.byte	9
 126 0061 05       		.byte	5
 127 0062 0B       		.byte	11
 128 0063 02       		.byte	2
 129 0064 15       		.byte	21
 130 0065 04       		.byte	4
 131 0066 17       		.byte	23
 132 0067 03       		.byte	3
 133 0068 2D       		.byte	45
 134 0069 03       		.byte	3
 135 006a 2F       		.byte	47
 136 006b 04       		.byte	4
 137 006c 35       		.byte	53
 138 006d 07       		.byte	7
 139 006e 3B       		.byte	59
 140 006f 20       		.byte	32
 141 0070 59       		.byte	89
 142 0071 04       		.byte	4
 143 0072 5F       		.byte	95
 144 0073 01       		.byte	1
 145 0074 81       		.byte	-127
 146 0075 1D       		.byte	29
 147 0076 85       		.byte	-123
 148 0077 01       		.byte	1
 149 0078 87       		.byte	-121
 150 0079 02       		.byte	2
 151 007a 89       		.byte	-119
 152 007b 02       		.byte	2
 153 007c 8B       		.byte	-117
 154 007d 08       		.byte	8
 155 007e 8C       		.byte	-116
 156 007f 01       		.byte	1
 157 0080 8D       		.byte	-115
 158 0081 0D       		.byte	13
 159 0082 8F       		.byte	-113
 160 0083 10       		.byte	16
 161 0084 99       		.byte	-103
 162 0085 02       		.byte	2
 163 0086 9B       		.byte	-101
 164 0087 0D       		.byte	13
 165 0088 A1       		.byte	-95
 166 0089 02       		.byte	2
 167 008a A3       		.byte	-93
 168 008b 04       		.byte	4
 169 008c A4       		.byte	-92
 170 008d 01       		.byte	1
 171 008e A5       		.byte	-91
ARM GAS  C:\Users\DIGITA~1\AppData\Local\Temp\ccR9oaNn.s 			page 4


 172 008f 1D       		.byte	29
 173 0090 A8       		.byte	-88
 174 0091 01       		.byte	1
 175 0092 A9       		.byte	-87
 176 0093 1D       		.byte	29
 177 0094 AD       		.byte	-83
 178 0095 1D       		.byte	29
 179 0096 B0       		.byte	-80
 180 0097 01       		.byte	1
 181 0098 B3       		.byte	-77
 182 0099 10       		.byte	16
 183 009a B5       		.byte	-75
 184 009b 0F       		.byte	15
 185 009c B7       		.byte	-73
 186 009d 10       		.byte	16
 187 009e BB       		.byte	-69
 188 009f 20       		.byte	32
 189 00a0 BE       		.byte	-66
 190 00a1 01       		.byte	1
 191 00a2 BF       		.byte	-65
 192 00a3 44       		.byte	68
 193 00a4 C0       		.byte	-64
 194 00a5 46       		.byte	70
 195 00a6 C1       		.byte	-63
 196 00a7 02       		.byte	2
 197 00a8 C2       		.byte	-62
 198 00a9 30       		.byte	48
 199 00aa C4       		.byte	-60
 200 00ab 05       		.byte	5
 201 00ac C5       		.byte	-59
 202 00ad DE       		.byte	-34
 203 00ae C6       		.byte	-58
 204 00af F0       		.byte	-16
 205 00b0 C7       		.byte	-57
 206 00b1 CB       		.byte	-53
 207 00b2 C8       		.byte	-56
 208 00b3 3B       		.byte	59
 209 00b4 C9       		.byte	-55
 210 00b5 FF       		.byte	-1
 211 00b6 CA       		.byte	-54
 212 00b7 FF       		.byte	-1
 213 00b8 CB       		.byte	-53
 214 00b9 FF       		.byte	-1
 215 00ba CC       		.byte	-52
 216 00bb 22       		.byte	34
 217 00bc CE       		.byte	-50
 218 00bd F0       		.byte	-16
 219 00be CF       		.byte	-49
 220 00bf 08       		.byte	8
 221 00c0 D0       		.byte	-48
 222 00c1 04       		.byte	4
 223 00c2 D4       		.byte	-44
 224 00c3 09       		.byte	9
 225 00c4 D6       		.byte	-42
 226 00c5 04       		.byte	4
 227 00c6 D8       		.byte	-40
 228 00c7 04       		.byte	4
ARM GAS  C:\Users\DIGITA~1\AppData\Local\Temp\ccR9oaNn.s 			page 5


 229 00c8 D9       		.byte	-39
 230 00c9 04       		.byte	4
 231 00ca DA       		.byte	-38
 232 00cb 04       		.byte	4
 233 00cc DB       		.byte	-37
 234 00cd 04       		.byte	4
 235 00ce DF       		.byte	-33
 236 00cf 01       		.byte	1
 237 00d0 E2       		.byte	-30
 238 00d1 C0       		.byte	-64
 239 00d2 E4       		.byte	-28
 240 00d3 40       		.byte	64
 241 00d4 E5       		.byte	-27
 242 00d5 01       		.byte	1
 243 00d6 E6       		.byte	-26
 244 00d7 10       		.byte	16
 245 00d8 E7       		.byte	-25
 246 00d9 11       		.byte	17
 247 00da E8       		.byte	-24
 248 00db C0       		.byte	-64
 249 00dc E9       		.byte	-23
 250 00dd 01       		.byte	1
 251 00de EB       		.byte	-21
 252 00df 11       		.byte	17
 253 00e0 EC       		.byte	-20
 254 00e1 40       		.byte	64
 255 00e2 ED       		.byte	-19
 256 00e3 01       		.byte	1
 257 00e4 EE       		.byte	-18
 258 00e5 40       		.byte	64
 259 00e6 EF       		.byte	-17
 260 00e7 01       		.byte	1
 261 00e8 03       		.byte	3
 262 00e9 02       		.byte	2
 263 00ea 13       		.byte	19
 264 00eb 14       		.byte	20
 265 00ec 16       		.byte	22
 266 00ed 20       		.byte	32
 267 00ee 17       		.byte	23
 268 00ef 04       		.byte	4
 269 00f0 1B       		.byte	27
 270 00f1 01       		.byte	1
 271 00f2 20       		.byte	32
 272 00f3 10       		.byte	16
 273 00f4 22       		.byte	34
 274 00f5 10       		.byte	16
 275 00f6 23       		.byte	35
 276 00f7 02       		.byte	2
 277 00f8 27       		.byte	39
 278 00f9 04       		.byte	4
 279 00fa 29       		.byte	41
 280 00fb 42       		.byte	66
 281 00fc 2B       		.byte	43
 282 00fd 28       		.byte	40
 283 00fe 2F       		.byte	47
 284 00ff 02       		.byte	2
 285 0100 32       		.byte	50
ARM GAS  C:\Users\DIGITA~1\AppData\Local\Temp\ccR9oaNn.s 			page 6


 286 0101 10       		.byte	16
 287 0102 37       		.byte	55
 288 0103 04       		.byte	4
 289 0104 39       		.byte	57
 290 0105 41       		.byte	65
 291 0106 3B       		.byte	59
 292 0107 14       		.byte	20
 293 0108 3F       		.byte	63
 294 0109 14       		.byte	20
 295 010a 40       		.byte	64
 296 010b 10       		.byte	16
 297 010c 41       		.byte	65
 298 010d 10       		.byte	16
 299 010e 43       		.byte	67
 300 010f 02       		.byte	2
 301 0110 49       		.byte	73
 302 0111 84       		.byte	-124
 303 0112 4B       		.byte	75
 304 0113 11       		.byte	17
 305 0114 51       		.byte	81
 306 0115 08       		.byte	8
 307 0116 52       		.byte	82
 308 0117 1B       		.byte	27
 309 0118 59       		.byte	89
 310 0119 04       		.byte	4
 311 011a 5A       		.byte	90
 312 011b 90       		.byte	-112
 313 011c 5B       		.byte	91
 314 011d 02       		.byte	2
 315 011e 60       		.byte	96
 316 011f 80       		.byte	-128
 317 0120 63       		.byte	99
 318 0121 02       		.byte	2
 319 0122 97       		.byte	-105
 320 0123 14       		.byte	20
 321 0124 A6       		.byte	-90
 322 0125 08       		.byte	8
 323 0126 A7       		.byte	-89
 324 0127 02       		.byte	2
 325 0128 B0       		.byte	-80
 326 0129 10       		.byte	16
 327 012a B4       		.byte	-76
 328 012b 01       		.byte	1
 329 012c C0       		.byte	-64
 330 012d 01       		.byte	1
 331 012e C4       		.byte	-60
 332 012f 06       		.byte	6
 333 0130 CA       		.byte	-54
 334 0131 1F       		.byte	31
 335 0132 CC       		.byte	-52
 336 0133 44       		.byte	68
 337 0134 CE       		.byte	-50
 338 0135 6F       		.byte	111
 339 0136 D0       		.byte	-48
 340 0137 07       		.byte	7
 341 0138 D2       		.byte	-46
 342 0139 0C       		.byte	12
ARM GAS  C:\Users\DIGITA~1\AppData\Local\Temp\ccR9oaNn.s 			page 7


 343 013a D6       		.byte	-42
 344 013b 0F       		.byte	15
 345 013c D8       		.byte	-40
 346 013d 09       		.byte	9
 347 013e 0A       		.byte	10
 348 013f 01       		.byte	1
 349 0140 0E       		.byte	14
 350 0141 05       		.byte	5
 351 0142 26       		.byte	38
 352 0143 03       		.byte	3
 353 0144 28       		.byte	40
 354 0145 06       		.byte	6
 355 0146 32       		.byte	50
 356 0147 07       		.byte	7
 357 0148 36       		.byte	54
 358 0149 07       		.byte	7
 359 014a 40       		.byte	64
 360 014b 54       		.byte	84
 361 014c 49       		.byte	73
 362 014d FF       		.byte	-1
 363 014e 4A       		.byte	74
 364 014f FF       		.byte	-1
 365 0150 4B       		.byte	75
 366 0151 FF       		.byte	-1
 367 0152 4F       		.byte	79
 368 0153 01       		.byte	1
 369 0154 50       		.byte	80
 370 0155 18       		.byte	24
 371 0156 52       		.byte	82
 372 0157 80       		.byte	-128
 373 0158 58       		.byte	88
 374 0159 04       		.byte	4
 375 015a 5A       		.byte	90
 376 015b 04       		.byte	4
 377 015c 5B       		.byte	91
 378 015d 04       		.byte	4
 379 015e 5D       		.byte	93
 380 015f 11       		.byte	17
 381 0160 5F       		.byte	95
 382 0161 01       		.byte	1
 383 0162 60       		.byte	96
 384 0163 40       		.byte	64
 385 0164 62       		.byte	98
 386 0165 40       		.byte	64
 387 0166 64       		.byte	100
 388 0167 40       		.byte	64
 389 0168 65       		.byte	101
 390 0169 40       		.byte	64
 391 016a 66       		.byte	102
 392 016b 80       		.byte	-128
 393 016c 68       		.byte	104
 394 016d 80       		.byte	-128
 395 016e 6A       		.byte	106
 396 016f 80       		.byte	-128
 397 0170 6C       		.byte	108
 398 0171 80       		.byte	-128
 399 0172 6E       		.byte	110
ARM GAS  C:\Users\DIGITA~1\AppData\Local\Temp\ccR9oaNn.s 			page 8


 400 0173 80       		.byte	-128
 401 0174 82       		.byte	-126
 402 0175 01       		.byte	1
 403 0176 85       		.byte	-123
 404 0177 01       		.byte	1
 405 0178 87       		.byte	-121
 406 0179 02       		.byte	2
 407 017a 89       		.byte	-119
 408 017b 08       		.byte	8
 409 017c 8B       		.byte	-117
 410 017d 03       		.byte	3
 411 017e 8C       		.byte	-116
 412 017f 10       		.byte	16
 413 0180 8E       		.byte	-114
 414 0181 44       		.byte	68
 415 0182 92       		.byte	-110
 416 0183 01       		.byte	1
 417 0184 93       		.byte	-109
 418 0185 0C       		.byte	12
 419 0186 94       		.byte	-108
 420 0187 28       		.byte	40
 421 0188 96       		.byte	-106
 422 0189 10       		.byte	16
 423 018a 97       		.byte	-105
 424 018b 12       		.byte	18
 425 018c 98       		.byte	-104
 426 018d 12       		.byte	18
 427 018e 9A       		.byte	-102
 428 018f 20       		.byte	32
 429 0190 9B       		.byte	-101
 430 0191 01       		.byte	1
 431 0192 9C       		.byte	-100
 432 0193 6E       		.byte	110
 433 0194 A2       		.byte	-94
 434 0195 0E       		.byte	14
 435 0196 AD       		.byte	-83
 436 0197 04       		.byte	4
 437 0198 AF       		.byte	-81
 438 0199 03       		.byte	3
 439 019a B0       		.byte	-80
 440 019b 01       		.byte	1
 441 019c B2       		.byte	-78
 442 019d 0E       		.byte	14
 443 019e B3       		.byte	-77
 444 019f 10       		.byte	16
 445 01a0 B6       		.byte	-74
 446 01a1 70       		.byte	112
 447 01a2 B7       		.byte	-73
 448 01a3 0F       		.byte	15
 449 01a4 B8       		.byte	-72
 450 01a5 80       		.byte	-128
 451 01a6 BE       		.byte	-66
 452 01a7 05       		.byte	5
 453 01a8 C0       		.byte	-64
 454 01a9 54       		.byte	84
 455 01aa C5       		.byte	-59
 456 01ab EC       		.byte	-20
ARM GAS  C:\Users\DIGITA~1\AppData\Local\Temp\ccR9oaNn.s 			page 9


 457 01ac C6       		.byte	-58
 458 01ad 02       		.byte	2
 459 01ae C8       		.byte	-56
 460 01af 07       		.byte	7
 461 01b0 C9       		.byte	-55
 462 01b1 FF       		.byte	-1
 463 01b2 CA       		.byte	-54
 464 01b3 FF       		.byte	-1
 465 01b4 CB       		.byte	-53
 466 01b5 FF       		.byte	-1
 467 01b6 CD       		.byte	-51
 468 01b7 83       		.byte	-125
 469 01b8 CE       		.byte	-50
 470 01b9 03       		.byte	3
 471 01ba CF       		.byte	-49
 472 01bb 01       		.byte	1
 473 01bc D0       		.byte	-48
 474 01bd 18       		.byte	24
 475 01be D4       		.byte	-44
 476 01bf 01       		.byte	1
 477 01c0 D8       		.byte	-40
 478 01c1 04       		.byte	4
 479 01c2 D9       		.byte	-39
 480 01c3 04       		.byte	4
 481 01c4 DA       		.byte	-38
 482 01c5 04       		.byte	4
 483 01c6 DB       		.byte	-37
 484 01c7 04       		.byte	4
 485 01c8 DD       		.byte	-35
 486 01c9 11       		.byte	17
 487 01ca DF       		.byte	-33
 488 01cb 01       		.byte	1
 489 01cc E0       		.byte	-32
 490 01cd 40       		.byte	64
 491 01ce E2       		.byte	-30
 492 01cf 40       		.byte	64
 493 01d0 E4       		.byte	-28
 494 01d1 40       		.byte	64
 495 01d2 E5       		.byte	-27
 496 01d3 40       		.byte	64
 497 01d4 E6       		.byte	-26
 498 01d5 80       		.byte	-128
 499 01d6 E8       		.byte	-24
 500 01d7 80       		.byte	-128
 501 01d8 EA       		.byte	-22
 502 01d9 80       		.byte	-128
 503 01da EC       		.byte	-20
 504 01db 80       		.byte	-128
 505 01dc EE       		.byte	-18
 506 01dd 80       		.byte	-128
 507 01de 00       		.byte	0
 508 01df 10       		.byte	16
 509 01e0 03       		.byte	3
 510 01e1 03       		.byte	3
 511 01e2 06       		.byte	6
 512 01e3 80       		.byte	-128
 513 01e4 07       		.byte	7
ARM GAS  C:\Users\DIGITA~1\AppData\Local\Temp\ccR9oaNn.s 			page 10


 514 01e5 01       		.byte	1
 515 01e6 0C       		.byte	12
 516 01e7 02       		.byte	2
 517 01e8 0E       		.byte	14
 518 01e9 02       		.byte	2
 519 01ea 0F       		.byte	15
 520 01eb 14       		.byte	20
 521 01ec 13       		.byte	19
 522 01ed 14       		.byte	20
 523 01ee 17       		.byte	23
 524 01ef 02       		.byte	2
 525 01f0 18       		.byte	24
 526 01f1 12       		.byte	18
 527 01f2 1C       		.byte	28
 528 01f3 20       		.byte	32
 529 01f4 1E       		.byte	30
 530 01f5 42       		.byte	66
 531 01f6 27       		.byte	39
 532 01f7 22       		.byte	34
 533 01f8 2F       		.byte	47
 534 01f9 02       		.byte	2
 535 01fa 36       		.byte	54
 536 01fb 08       		.byte	8
 537 01fc 37       		.byte	55
 538 01fd 22       		.byte	34
 539 01fe 3F       		.byte	63
 540 01ff 14       		.byte	20
 541 0200 42       		.byte	66
 542 0201 80       		.byte	-128
 543 0202 46       		.byte	70
 544 0203 80       		.byte	-128
 545 0204 48       		.byte	72
 546 0205 02       		.byte	2
 547 0206 4C       		.byte	76
 548 0207 02       		.byte	2
 549 0208 4D       		.byte	77
 550 0209 04       		.byte	4
 551 020a 4F       		.byte	79
 552 020b 01       		.byte	1
 553 020c 56       		.byte	86
 554 020d 80       		.byte	-128
 555 020e 5D       		.byte	93
 556 020f 04       		.byte	4
 557 0210 5E       		.byte	94
 558 0211 40       		.byte	64
 559 0212 5F       		.byte	95
 560 0213 01       		.byte	1
 561 0214 70       		.byte	112
 562 0215 02       		.byte	2
 563 0216 C0       		.byte	-64
 564 0217 93       		.byte	-109
 565 0218 C2       		.byte	-62
 566 0219 F0       		.byte	-16
 567 021a C4       		.byte	-60
 568 021b 16       		.byte	22
 569 021c CA       		.byte	-54
 570 021d 10       		.byte	16
ARM GAS  C:\Users\DIGITA~1\AppData\Local\Temp\ccR9oaNn.s 			page 11


 571 021e CC       		.byte	-52
 572 021f E0       		.byte	-32
 573 0220 CE       		.byte	-50
 574 0221 60       		.byte	96
 575 0222 D0       		.byte	-48
 576 0223 81       		.byte	-127
 577 0224 D2       		.byte	-46
 578 0225 18       		.byte	24
 579 0226 D6       		.byte	-42
 580 0227 D0       		.byte	-48
 581 0228 EE       		.byte	-18
 582 0229 01       		.byte	1
 583 022a 01       		.byte	1
 584 022b 01       		.byte	1
 585 022c 02       		.byte	2
 586 022d FF       		.byte	-1
 587 022e 04       		.byte	4
 588 022f 7F       		.byte	127
 589 0230 05       		.byte	5
 590 0231 07       		.byte	7
 591 0232 06       		.byte	6
 592 0233 80       		.byte	-128
 593 0234 07       		.byte	7
 594 0235 18       		.byte	24
 595 0236 08       		.byte	8
 596 0237 80       		.byte	-128
 597 0238 09       		.byte	9
 598 0239 22       		.byte	34
 599 023a 0B       		.byte	11
 600 023b 08       		.byte	8
 601 023c 0C       		.byte	12
 602 023d C0       		.byte	-64
 603 023e 0D       		.byte	13
 604 023f 01       		.byte	1
 605 0240 0E       		.byte	14
 606 0241 01       		.byte	1
 607 0242 10       		.byte	16
 608 0243 90       		.byte	-112
 609 0244 11       		.byte	17
 610 0245 01       		.byte	1
 611 0246 12       		.byte	18
 612 0247 40       		.byte	64
 613 0248 15       		.byte	21
 614 0249 10       		.byte	16
 615 024a 16       		.byte	22
 616 024b 9F       		.byte	-97
 617 024c 18       		.byte	24
 618 024d 1F       		.byte	31
 619 024e 19       		.byte	25
 620 024f 04       		.byte	4
 621 0250 1A       		.byte	26
 622 0251 20       		.byte	32
 623 0252 1D       		.byte	29
 624 0253 40       		.byte	64
 625 0254 1E       		.byte	30
 626 0255 60       		.byte	96
 627 0256 20       		.byte	32
ARM GAS  C:\Users\DIGITA~1\AppData\Local\Temp\ccR9oaNn.s 			page 12


 628 0257 C0       		.byte	-64
 629 0258 21       		.byte	33
 630 0259 40       		.byte	64
 631 025a 22       		.byte	34
 632 025b 02       		.byte	2
 633 025c 24       		.byte	36
 634 025d C0       		.byte	-64
 635 025e 25       		.byte	37
 636 025f 01       		.byte	1
 637 0260 26       		.byte	38
 638 0261 08       		.byte	8
 639 0262 28       		.byte	40
 640 0263 C0       		.byte	-64
 641 0264 29       		.byte	41
 642 0265 01       		.byte	1
 643 0266 2A       		.byte	42
 644 0267 04       		.byte	4
 645 0268 2D       		.byte	45
 646 0269 08       		.byte	8
 647 026a 2F       		.byte	47
 648 026b 21       		.byte	33
 649 026c 31       		.byte	49
 650 026d 3F       		.byte	63
 651 026e 35       		.byte	53
 652 026f 40       		.byte	64
 653 0270 36       		.byte	54
 654 0271 FF       		.byte	-1
 655 0272 37       		.byte	55
 656 0273 40       		.byte	64
 657 0274 39       		.byte	57
 658 0275 A2       		.byte	-94
 659 0276 3E       		.byte	62
 660 0277 40       		.byte	64
 661 0278 3F       		.byte	63
 662 0279 01       		.byte	1
 663 027a 56       		.byte	86
 664 027b 02       		.byte	2
 665 027c 57       		.byte	87
 666 027d 24       		.byte	36
 667 027e 58       		.byte	88
 668 027f 04       		.byte	4
 669 0280 59       		.byte	89
 670 0281 04       		.byte	4
 671 0282 5B       		.byte	91
 672 0283 04       		.byte	4
 673 0284 5F       		.byte	95
 674 0285 01       		.byte	1
 675 0286 80       		.byte	-128
 676 0287 56       		.byte	86
 677 0288 81       		.byte	-127
 678 0289 20       		.byte	32
 679 028a 83       		.byte	-125
 680 028b 02       		.byte	2
 681 028c 84       		.byte	-124
 682 028d 52       		.byte	82
 683 028e 85       		.byte	-123
 684 028f 07       		.byte	7
ARM GAS  C:\Users\DIGITA~1\AppData\Local\Temp\ccR9oaNn.s 			page 13


 685 0290 86       		.byte	-122
 686 0291 04       		.byte	4
 687 0292 87       		.byte	-121
 688 0293 48       		.byte	72
 689 0294 88       		.byte	-120
 690 0295 22       		.byte	34
 691 0296 8A       		.byte	-118
 692 0297 10       		.byte	16
 693 0298 8B       		.byte	-117
 694 0299 7D       		.byte	125
 695 029a 8C       		.byte	-116
 696 029b 06       		.byte	6
 697 029c 8D       		.byte	-115
 698 029d 34       		.byte	52
 699 029e 8E       		.byte	-114
 700 029f 50       		.byte	80
 701 02a0 90       		.byte	-112
 702 02a1 29       		.byte	41
 703 02a2 92       		.byte	-110
 704 02a3 16       		.byte	22
 705 02a4 94       		.byte	-108
 706 02a5 31       		.byte	49
 707 02a6 96       		.byte	-106
 708 02a7 0E       		.byte	14
 709 02a8 97       		.byte	-105
 710 02a9 34       		.byte	52
 711 02aa 99       		.byte	-103
 712 02ab 14       		.byte	20
 713 02ac 9B       		.byte	-101
 714 02ad 20       		.byte	32
 715 02ae 9D       		.byte	-99
 716 02af 34       		.byte	52
 717 02b0 9E       		.byte	-98
 718 02b1 40       		.byte	64
 719 02b2 A0       		.byte	-96
 720 02b3 56       		.byte	86
 721 02b4 A1       		.byte	-95
 722 02b5 43       		.byte	67
 723 02b6 A3       		.byte	-93
 724 02b7 38       		.byte	56
 725 02b8 A4       		.byte	-92
 726 02b9 17       		.byte	23
 727 02ba A6       		.byte	-90
 728 02bb 28       		.byte	40
 729 02bc A8       		.byte	-88
 730 02bd 50       		.byte	80
 731 02be A9       		.byte	-87
 732 02bf 14       		.byte	20
 733 02c0 AA       		.byte	-86
 734 02c1 06       		.byte	6
 735 02c2 AC       		.byte	-84
 736 02c3 04       		.byte	4
 737 02c4 AD       		.byte	-83
 738 02c5 34       		.byte	52
 739 02c6 B0       		.byte	-80
 740 02c7 0F       		.byte	15
 741 02c8 B2       		.byte	-78
ARM GAS  C:\Users\DIGITA~1\AppData\Local\Temp\ccR9oaNn.s 			page 14


 742 02c9 40       		.byte	64
 743 02ca B3       		.byte	-77
 744 02cb 07       		.byte	7
 745 02cc B4       		.byte	-76
 746 02cd 30       		.byte	48
 747 02ce B5       		.byte	-75
 748 02cf 39       		.byte	57
 749 02d0 B7       		.byte	-73
 750 02d1 40       		.byte	64
 751 02d2 B8       		.byte	-72
 752 02d3 02       		.byte	2
 753 02d4 BA       		.byte	-70
 754 02d5 20       		.byte	32
 755 02d6 BB       		.byte	-69
 756 02d7 0C       		.byte	12
 757 02d8 BE       		.byte	-66
 758 02d9 04       		.byte	4
 759 02da BF       		.byte	-65
 760 02db 40       		.byte	64
 761 02dc D4       		.byte	-44
 762 02dd 40       		.byte	64
 763 02de D8       		.byte	-40
 764 02df 04       		.byte	4
 765 02e0 D9       		.byte	-39
 766 02e1 04       		.byte	4
 767 02e2 DB       		.byte	-37
 768 02e3 04       		.byte	4
 769 02e4 DF       		.byte	-33
 770 02e5 01       		.byte	1
 771 02e6 01       		.byte	1
 772 02e7 61       		.byte	97
 773 02e8 03       		.byte	3
 774 02e9 10       		.byte	16
 775 02ea 05       		.byte	5
 776 02eb 22       		.byte	34
 777 02ec 07       		.byte	7
 778 02ed 22       		.byte	34
 779 02ee 0A       		.byte	10
 780 02ef 40       		.byte	64
 781 02f0 0B       		.byte	11
 782 02f1 11       		.byte	17
 783 02f2 0D       		.byte	13
 784 02f3 88       		.byte	-120
 785 02f4 0E       		.byte	14
 786 02f5 80       		.byte	-128
 787 02f6 0F       		.byte	15
 788 02f7 04       		.byte	4
 789 02f8 10       		.byte	16
 790 02f9 08       		.byte	8
 791 02fa 12       		.byte	18
 792 02fb 01       		.byte	1
 793 02fc 13       		.byte	19
 794 02fd 06       		.byte	6
 795 02fe 15       		.byte	21
 796 02ff 01       		.byte	1
 797 0300 17       		.byte	23
 798 0301 14       		.byte	20
ARM GAS  C:\Users\DIGITA~1\AppData\Local\Temp\ccR9oaNn.s 			page 15


 799 0302 19       		.byte	25
 800 0303 26       		.byte	38
 801 0304 1A       		.byte	26
 802 0305 40       		.byte	64
 803 0306 1B       		.byte	27
 804 0307 02       		.byte	2
 805 0308 1F       		.byte	31
 806 0309 80       		.byte	-128
 807 030a 21       		.byte	33
 808 030b 10       		.byte	16
 809 030c 22       		.byte	34
 810 030d 40       		.byte	64
 811 030e 23       		.byte	35
 812 030f 34       		.byte	52
 813 0310 25       		.byte	37
 814 0311 80       		.byte	-128
 815 0312 26       		.byte	38
 816 0313 10       		.byte	16
 817 0314 27       		.byte	39
 818 0315 80       		.byte	-128
 819 0316 29       		.byte	41
 820 0317 62       		.byte	98
 821 0318 2D       		.byte	45
 822 0319 20       		.byte	32
 823 031a 2F       		.byte	47
 824 031b A2       		.byte	-94
 825 031c 30       		.byte	48
 826 031d 88       		.byte	-120
 827 031e 33       		.byte	51
 828 031f 10       		.byte	16
 829 0320 36       		.byte	54
 830 0321 18       		.byte	24
 831 0322 37       		.byte	55
 832 0323 82       		.byte	-126
 833 0324 39       		.byte	57
 834 0325 40       		.byte	64
 835 0326 3A       		.byte	58
 836 0327 01       		.byte	1
 837 0328 3B       		.byte	59
 838 0329 14       		.byte	20
 839 032a 3D       		.byte	61
 840 032b 41       		.byte	65
 841 032c 3F       		.byte	63
 842 032d 14       		.byte	20
 843 032e 61       		.byte	97
 844 032f 04       		.byte	4
 845 0330 62       		.byte	98
 846 0331 10       		.byte	16
 847 0332 63       		.byte	99
 848 0333 01       		.byte	1
 849 0334 66       		.byte	102
 850 0335 20       		.byte	32
 851 0336 6C       		.byte	108
 852 0337 88       		.byte	-120
 853 0338 6D       		.byte	109
 854 0339 41       		.byte	65
 855 033a 6E       		.byte	110
ARM GAS  C:\Users\DIGITA~1\AppData\Local\Temp\ccR9oaNn.s 			page 16


 856 033b 80       		.byte	-128
 857 033c 6F       		.byte	111
 858 033d 3C       		.byte	60
 859 033e 75       		.byte	117
 860 033f 40       		.byte	64
 861 0340 77       		.byte	119
 862 0341 02       		.byte	2
 863 0342 93       		.byte	-109
 864 0343 01       		.byte	1
 865 0344 95       		.byte	-107
 866 0345 61       		.byte	97
 867 0346 96       		.byte	-106
 868 0347 80       		.byte	-128
 869 0348 97       		.byte	-105
 870 0349 14       		.byte	20
 871 034a 9A       		.byte	-102
 872 034b 31       		.byte	49
 873 034c 9D       		.byte	-99
 874 034d C2       		.byte	-62
 875 034e A1       		.byte	-95
 876 034f 08       		.byte	8
 877 0350 A2       		.byte	-94
 878 0351 08       		.byte	8
 879 0352 A7       		.byte	-89
 880 0353 2A       		.byte	42
 881 0354 A8       		.byte	-88
 882 0355 80       		.byte	-128
 883 0356 B6       		.byte	-74
 884 0357 12       		.byte	18
 885 0358 C0       		.byte	-64
 886 0359 FF       		.byte	-1
 887 035a C2       		.byte	-62
 888 035b FD       		.byte	-3
 889 035c C4       		.byte	-60
 890 035d 7F       		.byte	127
 891 035e CA       		.byte	-54
 892 035f FD       		.byte	-3
 893 0360 CC       		.byte	-52
 894 0361 FE       		.byte	-2
 895 0362 CE       		.byte	-50
 896 0363 FF       		.byte	-1
 897 0364 D8       		.byte	-40
 898 0365 2E       		.byte	46
 899 0366 38       		.byte	56
 900 0367 80       		.byte	-128
 901 0368 3E       		.byte	62
 902 0369 40       		.byte	64
 903 036a 58       		.byte	88
 904 036b 04       		.byte	4
 905 036c 5F       		.byte	95
 906 036d 01       		.byte	1
 907 036e 19       		.byte	25
 908 036f 80       		.byte	-128
 909 0370 9D       		.byte	-99
 910 0371 80       		.byte	-128
 911 0372 32       		.byte	50
 912 0373 40       		.byte	64
ARM GAS  C:\Users\DIGITA~1\AppData\Local\Temp\ccR9oaNn.s 			page 17


 913 0374 CC       		.byte	-52
 914 0375 10       		.byte	16
 915 0376 96       		.byte	-106
 916 0377 80       		.byte	-128
 917 0378 96       		.byte	-106
 918 0379 80       		.byte	-128
 919 037a 96       		.byte	-106
 920 037b 80       		.byte	-128
 921 037c 90       		.byte	-112
 922 037d 40       		.byte	64
 923 037e 98       		.byte	-104
 924 037f 04       		.byte	4
 925 0380 B0       		.byte	-80
 926 0381 04       		.byte	4
 927 0382 B4       		.byte	-76
 928 0383 40       		.byte	64
 929 0384 E8       		.byte	-24
 930 0385 02       		.byte	2
 931 0386 EC       		.byte	-20
 932 0387 01       		.byte	1
 933 0388 AA       		.byte	-86
 934 0389 40       		.byte	64
 935 038a EE       		.byte	-18
 936 038b 80       		.byte	-128
 937 038c 60       		.byte	96
 938 038d 40       		.byte	64
 939 038e 64       		.byte	100
 940 038f 04       		.byte	4
 941 0390 90       		.byte	-112
 942 0391 40       		.byte	64
 943 0392 98       		.byte	-104
 944 0393 04       		.byte	4
 945 0394 D8       		.byte	-40
 946 0395 03       		.byte	3
 947 0396 00       		.byte	0
 948 0397 03       		.byte	3
 949 0398 0C       		.byte	12
 950 0399 03       		.byte	3
 951 039a 10       		.byte	16
 952 039b 01       		.byte	1
 953 039c 1C       		.byte	28
 954 039d 01       		.byte	1
 955 039e 00       		.byte	0
 956 039f 03       		.byte	3
 957 03a0 00       		.byte	0
 958 03a1 CB       		.byte	-53
 959 03a2 CB       		.byte	-53
 960 03a3 00       		.byte	0
 961 03a4 C0       		.byte	-64
 962 03a5 00       		.byte	0
 963 03a6 00       		.byte	0
 964 03a7 00       		.byte	0
 965              		.section	.cywolatch,"a",%progbits
 966              		.align	2
 967              		.type	cy_meta_wonvl, %object
 968              		.size	cy_meta_wonvl, 4
 969              	cy_meta_wonvl:
ARM GAS  C:\Users\DIGITA~1\AppData\Local\Temp\ccR9oaNn.s 			page 18


 970 0000 BC       		.byte	-68
 971 0001 90       		.byte	-112
 972 0002 AC       		.byte	-84
 973 0003 AF       		.byte	-81
 974              		.section	.cycustnvl,"a",%progbits
 975              		.align	2
 976              		.type	cy_meta_custnvl, %object
 977              		.size	cy_meta_custnvl, 4
 978              	cy_meta_custnvl:
 979 0000 00       		.byte	0
 980 0001 00       		.byte	0
 981 0002 40       		.byte	64
 982 0003 05       		.byte	5
 983              		.section	.cymeta,"a",%progbits
 984              		.align	2
 985              		.type	cy_metadata, %object
 986              		.size	cy_metadata, 12
 987              	cy_metadata:
 988 0000 00       		.byte	0
 989 0001 01       		.byte	1
 990 0002 2E       		.byte	46
 991 0003 16       		.byte	22
 992 0004 10       		.byte	16
 993 0005 69       		.byte	105
 994 0006 00       		.byte	0
 995 0007 01       		.byte	1
 996 0008 00       		.byte	0
 997 0009 00       		.byte	0
 998 000a 00       		.byte	0
 999 000b 00       		.byte	0
 1000              		.section	.cyflashprotect,"a",%progbits
 1001              		.align	2
 1002              		.type	cy_meta_flashprotect, %object
 1003              		.size	cy_meta_flashprotect, 256
 1004              	cy_meta_flashprotect:
 1005 0000 00000000 		.space	256
 1005      00000000 
 1005      00000000 
 1005      00000000 
 1005      00000000 
 1006              		.text
 1007              	.Letext0:
 1008              		.file 1 "c:\\program files (x86)\\cypress\\psoc creator\\4.4\\psoc creator\\import\\gnu\\arm\\5.4.
 1009              		.file 2 "c:\\program files (x86)\\cypress\\psoc creator\\4.4\\psoc creator\\import\\gnu\\arm\\5.4.
 1010              		.file 3 "Generated_Source\\PSoC5\\cymetadata.c"
 1011              		.section	.debug_info,"",%progbits
 1012              	.Ldebug_info0:
 1013 0000 31010000 		.4byte	0x131
 1014 0004 0400     		.2byte	0x4
 1015 0006 00000000 		.4byte	.Ldebug_abbrev0
 1016 000a 04       		.byte	0x4
 1017 000b 01       		.uleb128 0x1
 1018 000c 24000000 		.4byte	.LASF17
 1019 0010 0C       		.byte	0xc
 1020 0011 D1010000 		.4byte	.LASF18
 1021 0015 3A010000 		.4byte	.LASF19
 1022 0019 00000000 		.4byte	.Ldebug_line0
ARM GAS  C:\Users\DIGITA~1\AppData\Local\Temp\ccR9oaNn.s 			page 19


 1023 001d 02       		.uleb128 0x2
 1024 001e 01       		.byte	0x1
 1025 001f 06       		.byte	0x6
 1026 0020 C5010000 		.4byte	.LASF0
 1027 0024 03       		.uleb128 0x3
 1028 0025 00000000 		.4byte	.LASF9
 1029 0029 01       		.byte	0x1
 1030 002a 1D       		.byte	0x1d
 1031 002b 2F000000 		.4byte	0x2f
 1032 002f 02       		.uleb128 0x2
 1033 0030 01       		.byte	0x1
 1034 0031 08       		.byte	0x8
 1035 0032 16000000 		.4byte	.LASF1
 1036 0036 02       		.uleb128 0x2
 1037 0037 02       		.byte	0x2
 1038 0038 05       		.byte	0x5
 1039 0039 B2010000 		.4byte	.LASF2
 1040 003d 02       		.uleb128 0x2
 1041 003e 02       		.byte	0x2
 1042 003f 07       		.byte	0x7
 1043 0040 C4000000 		.4byte	.LASF3
 1044 0044 02       		.uleb128 0x2
 1045 0045 04       		.byte	0x4
 1046 0046 05       		.byte	0x5
 1047 0047 BC010000 		.4byte	.LASF4
 1048 004b 02       		.uleb128 0x2
 1049 004c 04       		.byte	0x4
 1050 004d 07       		.byte	0x7
 1051 004e B2000000 		.4byte	.LASF5
 1052 0052 02       		.uleb128 0x2
 1053 0053 08       		.byte	0x8
 1054 0054 05       		.byte	0x5
 1055 0055 A4010000 		.4byte	.LASF6
 1056 0059 02       		.uleb128 0x2
 1057 005a 08       		.byte	0x8
 1058 005b 07       		.byte	0x7
 1059 005c 06010000 		.4byte	.LASF7
 1060 0060 04       		.uleb128 0x4
 1061 0061 04       		.byte	0x4
 1062 0062 05       		.byte	0x5
 1063 0063 696E7400 		.ascii	"int\000"
 1064 0067 02       		.uleb128 0x2
 1065 0068 04       		.byte	0x4
 1066 0069 07       		.byte	0x7
 1067 006a F9000000 		.4byte	.LASF8
 1068 006e 03       		.uleb128 0x3
 1069 006f 1D010000 		.4byte	.LASF10
 1070 0073 02       		.byte	0x2
 1071 0074 18       		.byte	0x18
 1072 0075 24000000 		.4byte	0x24
 1073 0079 05       		.uleb128 0x5
 1074 007a 91000000 		.4byte	0x91
 1075 007e 8A000000 		.4byte	0x8a
 1076 0082 06       		.uleb128 0x6
 1077 0083 8A000000 		.4byte	0x8a
 1078 0087 A703     		.2byte	0x3a7
 1079 0089 00       		.byte	0
ARM GAS  C:\Users\DIGITA~1\AppData\Local\Temp\ccR9oaNn.s 			page 20


 1080 008a 02       		.uleb128 0x2
 1081 008b 04       		.byte	0x4
 1082 008c 07       		.byte	0x7
 1083 008d 9B010000 		.4byte	.LASF11
 1084 0091 07       		.uleb128 0x7
 1085 0092 6E000000 		.4byte	0x6e
 1086 0096 08       		.uleb128 0x8
 1087 0097 E7000000 		.4byte	.LASF12
 1088 009b 03       		.byte	0x3
 1089 009c 1F       		.byte	0x1f
 1090 009d A7000000 		.4byte	0xa7
 1091 00a1 05       		.uleb128 0x5
 1092 00a2 03       		.byte	0x3
 1093 00a3 00000000 		.4byte	cy_meta_configecc
 1094 00a7 07       		.uleb128 0x7
 1095 00a8 79000000 		.4byte	0x79
 1096 00ac 05       		.uleb128 0x5
 1097 00ad 91000000 		.4byte	0x91
 1098 00b1 BC000000 		.4byte	0xbc
 1099 00b5 09       		.uleb128 0x9
 1100 00b6 8A000000 		.4byte	0x8a
 1101 00ba 03       		.byte	0x3
 1102 00bb 00       		.byte	0
 1103 00bc 08       		.uleb128 0x8
 1104 00bd D7000000 		.4byte	.LASF13
 1105 00c1 03       		.byte	0x3
 1106 00c2 A1       		.byte	0xa1
 1107 00c3 CD000000 		.4byte	0xcd
 1108 00c7 05       		.uleb128 0x5
 1109 00c8 03       		.byte	0x3
 1110 00c9 00000000 		.4byte	cy_meta_custnvl
 1111 00cd 07       		.uleb128 0x7
 1112 00ce AC000000 		.4byte	0xac
 1113 00d2 08       		.uleb128 0x8
 1114 00d3 8D010000 		.4byte	.LASF14
 1115 00d7 03       		.byte	0x3
 1116 00d8 AF       		.byte	0xaf
 1117 00d9 E3000000 		.4byte	0xe3
 1118 00dd 05       		.uleb128 0x5
 1119 00de 03       		.byte	0x3
 1120 00df 00000000 		.4byte	cy_meta_wonvl
 1121 00e3 07       		.uleb128 0x7
 1122 00e4 AC000000 		.4byte	0xac
 1123 00e8 05       		.uleb128 0x5
 1124 00e9 91000000 		.4byte	0x91
 1125 00ed F8000000 		.4byte	0xf8
 1126 00f1 09       		.uleb128 0x9
 1127 00f2 8A000000 		.4byte	0x8a
 1128 00f6 FF       		.byte	0xff
 1129 00f7 00       		.byte	0
 1130 00f8 08       		.uleb128 0x8
 1131 00f9 25010000 		.4byte	.LASF15
 1132 00fd 03       		.byte	0x3
 1133 00fe BD       		.byte	0xbd
 1134 00ff 09010000 		.4byte	0x109
 1135 0103 05       		.uleb128 0x5
 1136 0104 03       		.byte	0x3
ARM GAS  C:\Users\DIGITA~1\AppData\Local\Temp\ccR9oaNn.s 			page 21


 1137 0105 00000000 		.4byte	cy_meta_flashprotect
 1138 0109 07       		.uleb128 0x7
 1139 010a E8000000 		.4byte	0xe8
 1140 010e 05       		.uleb128 0x5
 1141 010f 91000000 		.4byte	0x91
 1142 0113 1E010000 		.4byte	0x11e
 1143 0117 09       		.uleb128 0x9
 1144 0118 8A000000 		.4byte	0x8a
 1145 011c 0B       		.byte	0xb
 1146 011d 00       		.byte	0
 1147 011e 08       		.uleb128 0x8
 1148 011f 0A000000 		.4byte	.LASF16
 1149 0123 03       		.byte	0x3
 1150 0124 EA       		.byte	0xea
 1151 0125 2F010000 		.4byte	0x12f
 1152 0129 05       		.uleb128 0x5
 1153 012a 03       		.byte	0x3
 1154 012b 00000000 		.4byte	cy_metadata
 1155 012f 07       		.uleb128 0x7
 1156 0130 0E010000 		.4byte	0x10e
 1157 0134 00       		.byte	0
 1158              		.section	.debug_abbrev,"",%progbits
 1159              	.Ldebug_abbrev0:
 1160 0000 01       		.uleb128 0x1
 1161 0001 11       		.uleb128 0x11
 1162 0002 01       		.byte	0x1
 1163 0003 25       		.uleb128 0x25
 1164 0004 0E       		.uleb128 0xe
 1165 0005 13       		.uleb128 0x13
 1166 0006 0B       		.uleb128 0xb
 1167 0007 03       		.uleb128 0x3
 1168 0008 0E       		.uleb128 0xe
 1169 0009 1B       		.uleb128 0x1b
 1170 000a 0E       		.uleb128 0xe
 1171 000b 10       		.uleb128 0x10
 1172 000c 17       		.uleb128 0x17
 1173 000d 00       		.byte	0
 1174 000e 00       		.byte	0
 1175 000f 02       		.uleb128 0x2
 1176 0010 24       		.uleb128 0x24
 1177 0011 00       		.byte	0
 1178 0012 0B       		.uleb128 0xb
 1179 0013 0B       		.uleb128 0xb
 1180 0014 3E       		.uleb128 0x3e
 1181 0015 0B       		.uleb128 0xb
 1182 0016 03       		.uleb128 0x3
 1183 0017 0E       		.uleb128 0xe
 1184 0018 00       		.byte	0
 1185 0019 00       		.byte	0
 1186 001a 03       		.uleb128 0x3
 1187 001b 16       		.uleb128 0x16
 1188 001c 00       		.byte	0
 1189 001d 03       		.uleb128 0x3
 1190 001e 0E       		.uleb128 0xe
 1191 001f 3A       		.uleb128 0x3a
 1192 0020 0B       		.uleb128 0xb
 1193 0021 3B       		.uleb128 0x3b
ARM GAS  C:\Users\DIGITA~1\AppData\Local\Temp\ccR9oaNn.s 			page 22


 1194 0022 0B       		.uleb128 0xb
 1195 0023 49       		.uleb128 0x49
 1196 0024 13       		.uleb128 0x13
 1197 0025 00       		.byte	0
 1198 0026 00       		.byte	0
 1199 0027 04       		.uleb128 0x4
 1200 0028 24       		.uleb128 0x24
 1201 0029 00       		.byte	0
 1202 002a 0B       		.uleb128 0xb
 1203 002b 0B       		.uleb128 0xb
 1204 002c 3E       		.uleb128 0x3e
 1205 002d 0B       		.uleb128 0xb
 1206 002e 03       		.uleb128 0x3
 1207 002f 08       		.uleb128 0x8
 1208 0030 00       		.byte	0
 1209 0031 00       		.byte	0
 1210 0032 05       		.uleb128 0x5
 1211 0033 01       		.uleb128 0x1
 1212 0034 01       		.byte	0x1
 1213 0035 49       		.uleb128 0x49
 1214 0036 13       		.uleb128 0x13
 1215 0037 01       		.uleb128 0x1
 1216 0038 13       		.uleb128 0x13
 1217 0039 00       		.byte	0
 1218 003a 00       		.byte	0
 1219 003b 06       		.uleb128 0x6
 1220 003c 21       		.uleb128 0x21
 1221 003d 00       		.byte	0
 1222 003e 49       		.uleb128 0x49
 1223 003f 13       		.uleb128 0x13
 1224 0040 2F       		.uleb128 0x2f
 1225 0041 05       		.uleb128 0x5
 1226 0042 00       		.byte	0
 1227 0043 00       		.byte	0
 1228 0044 07       		.uleb128 0x7
 1229 0045 26       		.uleb128 0x26
 1230 0046 00       		.byte	0
 1231 0047 49       		.uleb128 0x49
 1232 0048 13       		.uleb128 0x13
 1233 0049 00       		.byte	0
 1234 004a 00       		.byte	0
 1235 004b 08       		.uleb128 0x8
 1236 004c 34       		.uleb128 0x34
 1237 004d 00       		.byte	0
 1238 004e 03       		.uleb128 0x3
 1239 004f 0E       		.uleb128 0xe
 1240 0050 3A       		.uleb128 0x3a
 1241 0051 0B       		.uleb128 0xb
 1242 0052 3B       		.uleb128 0x3b
 1243 0053 0B       		.uleb128 0xb
 1244 0054 49       		.uleb128 0x49
 1245 0055 13       		.uleb128 0x13
 1246 0056 3F       		.uleb128 0x3f
 1247 0057 19       		.uleb128 0x19
 1248 0058 02       		.uleb128 0x2
 1249 0059 18       		.uleb128 0x18
 1250 005a 00       		.byte	0
ARM GAS  C:\Users\DIGITA~1\AppData\Local\Temp\ccR9oaNn.s 			page 23


 1251 005b 00       		.byte	0
 1252 005c 09       		.uleb128 0x9
 1253 005d 21       		.uleb128 0x21
 1254 005e 00       		.byte	0
 1255 005f 49       		.uleb128 0x49
 1256 0060 13       		.uleb128 0x13
 1257 0061 2F       		.uleb128 0x2f
 1258 0062 0B       		.uleb128 0xb
 1259 0063 00       		.byte	0
 1260 0064 00       		.byte	0
 1261 0065 00       		.byte	0
 1262              		.section	.debug_aranges,"",%progbits
 1263 0000 14000000 		.4byte	0x14
 1264 0004 0200     		.2byte	0x2
 1265 0006 00000000 		.4byte	.Ldebug_info0
 1266 000a 04       		.byte	0x4
 1267 000b 00       		.byte	0
 1268 000c 0000     		.2byte	0
 1269 000e 0000     		.2byte	0
 1270 0010 00000000 		.4byte	0
 1271 0014 00000000 		.4byte	0
 1272              		.section	.debug_line,"",%progbits
 1273              	.Ldebug_line0:
 1274 0000 3D010000 		.section	.debug_str,"MS",%progbits,1
 1274      02003701 
 1274      00000201 
 1274      FB0E0D00 
 1274      01010101 
 1275              	.LASF9:
 1276 0000 5F5F7569 		.ascii	"__uint8_t\000"
 1276      6E74385F 
 1276      7400
 1277              	.LASF16:
 1278 000a 63795F6D 		.ascii	"cy_metadata\000"
 1278      65746164 
 1278      61746100 
 1279              	.LASF1:
 1280 0016 756E7369 		.ascii	"unsigned char\000"
 1280      676E6564 
 1280      20636861 
 1280      7200
 1281              	.LASF17:
 1282 0024 474E5520 		.ascii	"GNU C11 5.4.1 20160609 (release) [ARM/embedded-5-br"
 1282      43313120 
 1282      352E342E 
 1282      31203230 
 1282      31363036 
 1283 0057 616E6368 		.ascii	"anch revision 237715] -mcpu=cortex-m3 -mthumb -g -O"
 1283      20726576 
 1283      6973696F 
 1283      6E203233 
 1283      37373135 
 1284 008a 67202D66 		.ascii	"g -ffunction-sections -ffat-lto-objects\000"
 1284      66756E63 
 1284      74696F6E 
 1284      2D736563 
 1284      74696F6E 
ARM GAS  C:\Users\DIGITA~1\AppData\Local\Temp\ccR9oaNn.s 			page 24


 1285              	.LASF5:
 1286 00b2 6C6F6E67 		.ascii	"long unsigned int\000"
 1286      20756E73 
 1286      69676E65 
 1286      6420696E 
 1286      7400
 1287              	.LASF3:
 1288 00c4 73686F72 		.ascii	"short unsigned int\000"
 1288      7420756E 
 1288      7369676E 
 1288      65642069 
 1288      6E7400
 1289              	.LASF13:
 1290 00d7 63795F6D 		.ascii	"cy_meta_custnvl\000"
 1290      6574615F 
 1290      63757374 
 1290      6E766C00 
 1291              	.LASF12:
 1292 00e7 63795F6D 		.ascii	"cy_meta_configecc\000"
 1292      6574615F 
 1292      636F6E66 
 1292      69676563 
 1292      6300
 1293              	.LASF8:
 1294 00f9 756E7369 		.ascii	"unsigned int\000"
 1294      676E6564 
 1294      20696E74 
 1294      00
 1295              	.LASF7:
 1296 0106 6C6F6E67 		.ascii	"long long unsigned int\000"
 1296      206C6F6E 
 1296      6720756E 
 1296      7369676E 
 1296      65642069 
 1297              	.LASF10:
 1298 011d 75696E74 		.ascii	"uint8_t\000"
 1298      385F7400 
 1299              	.LASF15:
 1300 0125 63795F6D 		.ascii	"cy_meta_flashprotect\000"
 1300      6574615F 
 1300      666C6173 
 1300      6870726F 
 1300      74656374 
 1301              	.LASF19:
 1302 013a 433A5C55 		.ascii	"C:\\Users\\Digital-Sqrt\\Documents\\Git_Hub\\Space-"
 1302      73657273 
 1302      5C446967 
 1302      6974616C 
 1302      2D537172 
 1303 0168 66696768 		.ascii	"fighter\\Code\\LED_Space_Fighter.cydsn\000"
 1303      7465725C 
 1303      436F6465 
 1303      5C4C4544 
 1303      5F537061 
 1304              	.LASF14:
 1305 018d 63795F6D 		.ascii	"cy_meta_wonvl\000"
 1305      6574615F 
ARM GAS  C:\Users\DIGITA~1\AppData\Local\Temp\ccR9oaNn.s 			page 25


 1305      776F6E76 
 1305      6C00
 1306              	.LASF11:
 1307 019b 73697A65 		.ascii	"sizetype\000"
 1307      74797065 
 1307      00
 1308              	.LASF6:
 1309 01a4 6C6F6E67 		.ascii	"long long int\000"
 1309      206C6F6E 
 1309      6720696E 
 1309      7400
 1310              	.LASF2:
 1311 01b2 73686F72 		.ascii	"short int\000"
 1311      7420696E 
 1311      7400
 1312              	.LASF4:
 1313 01bc 6C6F6E67 		.ascii	"long int\000"
 1313      20696E74 
 1313      00
 1314              	.LASF0:
 1315 01c5 7369676E 		.ascii	"signed char\000"
 1315      65642063 
 1315      68617200 
 1316              	.LASF18:
 1317 01d1 47656E65 		.ascii	"Generated_Source\\PSoC5\\cymetadata.c\000"
 1317      72617465 
 1317      645F536F 
 1317      75726365 
 1317      5C50536F 
 1318              		.ident	"GCC: (GNU Tools for ARM Embedded Processors) 5.4.1 20160609 (release) [ARM/embedded-5-bran
