ARM GAS  C:\Users\DIGITA~1\AppData\Local\Temp\cc7u95rg.s 			page 1


   1              		.syntax unified
   2              		.cpu cortex-m3
   3              		.fpu softvfp
   4              		.eabi_attribute 20, 1
   5              		.eabi_attribute 21, 1
   6              		.eabi_attribute 23, 3
   7              		.eabi_attribute 24, 1
   8              		.eabi_attribute 25, 1
   9              		.eabi_attribute 26, 1
  10              		.eabi_attribute 30, 1
  11              		.eabi_attribute 34, 1
  12              		.eabi_attribute 18, 4
  13              		.thumb
  14              		.syntax unified
  15              		.file	"main.c"
  16              		.text
  17              	.Ltext0:
  18              		.cfi_sections	.debug_frame
  19              		.section	.text.main,"ax",%progbits
  20              		.align	2
  21              		.global	main
  22              		.thumb
  23              		.thumb_func
  24              		.type	main, %function
  25              	main:
  26              	.LFB63:
  27              		.file 1 "main.c"
   1:main.c        **** /* ========================================
   2:main.c        ****  *
   3:main.c        ****  * Copyright YOUR COMPANY, THE YEAR
   4:main.c        ****  * All Rights Reserved
   5:main.c        ****  * UNPUBLISHED, LICENSED SOFTWARE.
   6:main.c        ****  *
   7:main.c        ****  * CONFIDENTIAL AND PROPRIETARY INFORMATION
   8:main.c        ****  * WHICH IS THE PROPERTY OF your company.
   9:main.c        ****  *
  10:main.c        ****  * ========================================
  11:main.c        **** */
  12:main.c        **** #include "project.h"
  13:main.c        **** #include "cytypes.h"
  14:main.c        **** #include "DOT_STAR.h"
  15:main.c        **** #include "SPI.h"
  16:main.c        **** 
  17:main.c        **** int main(void)
  18:main.c        **** {
  28              		.loc 1 18 0
  29              		.cfi_startproc
  30              		@ Volatile: function does not return.
  31              		@ args = 0, pretend = 0, frame = 0
  32              		@ frame_needed = 0, uses_anonymous_args = 0
  33 0000 08B5     		push	{r3, lr}
  34              		.cfi_def_cfa_offset 8
  35              		.cfi_offset 3, -8
  36              		.cfi_offset 14, -4
  19:main.c        ****     CyGlobalIntEnable; /* Enable global interrupts. */
  37              		.loc 1 19 0
  38              		.syntax unified
ARM GAS  C:\Users\DIGITA~1\AppData\Local\Temp\cc7u95rg.s 			page 2


  39              	@ 19 "main.c" 1
  40 0002 62B6     		CPSIE   i
  41              	@ 0 "" 2
  20:main.c        ****       
  21:main.c        ****     Frame_Timer_Init();
  42              		.loc 1 21 0
  43              		.thumb
  44              		.syntax unified
  45 0004 FFF7FEFF 		bl	Frame_Timer_Init
  46              	.LVL0:
  22:main.c        ****     Frame_Timer_Enable();
  47              		.loc 1 22 0
  48 0008 FFF7FEFF 		bl	Frame_Timer_Enable
  49              	.LVL1:
  23:main.c        ****     
  24:main.c        ****     Spi_LED_Chain_Start();       
  50              		.loc 1 24 0
  51 000c FFF7FEFF 		bl	Spi_LED_Chain_Start
  52              	.LVL2:
  25:main.c        ****     Spi_LED_Chain_EnableTxInt();
  53              		.loc 1 25 0
  54 0010 FFF7FEFF 		bl	Spi_LED_Chain_EnableTxInt
  55              	.LVL3:
  26:main.c        ****     isr_spi_tx_done_Disable();
  56              		.loc 1 26 0
  57 0014 FFF7FEFF 		bl	isr_spi_tx_done_Disable
  58              	.LVL4:
  27:main.c        ****     Spi_LED_Chain_ClearRxBuffer();
  59              		.loc 1 27 0
  60 0018 FFF7FEFF 		bl	Spi_LED_Chain_ClearRxBuffer
  61              	.LVL5:
  62              	.L2:
  63 001c FEE7     		b	.L2
  64              		.cfi_endproc
  65              	.LFE63:
  66              		.size	main, .-main
  67 001e 00BF     		.text
  68              	.Letext0:
  69              		.file 2 "c:\\program files (x86)\\cypress\\psoc creator\\4.4\\psoc creator\\import\\gnu\\arm\\5.4.
  70              		.file 3 "c:\\program files (x86)\\cypress\\psoc creator\\4.4\\psoc creator\\import\\gnu\\arm\\5.4.
  71              		.file 4 "Generated_Source\\PSoC5/Frame_Timer.h"
  72              		.file 5 "Generated_Source\\PSoC5/Spi_LED_Chain.h"
  73              		.file 6 "Generated_Source\\PSoC5/isr_spi_tx_done.h"
  74              		.file 7 "Generated_Source\\PSoC5/core_cm3.h"
  75              		.section	.debug_info,"",%progbits
  76              	.Ldebug_info0:
  77 0000 44010000 		.4byte	0x144
  78 0004 0400     		.2byte	0x4
  79 0006 00000000 		.4byte	.Ldebug_abbrev0
  80 000a 04       		.byte	0x4
  81 000b 01       		.uleb128 0x1
  82 000c 54000000 		.4byte	.LASF22
  83 0010 0C       		.byte	0xc
  84 0011 48000000 		.4byte	.LASF23
  85 0015 26010000 		.4byte	.LASF24
  86 0019 00000000 		.4byte	.Ldebug_ranges0+0
  87 001d 00000000 		.4byte	0
ARM GAS  C:\Users\DIGITA~1\AppData\Local\Temp\cc7u95rg.s 			page 3


  88 0021 00000000 		.4byte	.Ldebug_line0
  89 0025 02       		.uleb128 0x2
  90 0026 01       		.byte	0x1
  91 0027 06       		.byte	0x6
  92 0028 C3010000 		.4byte	.LASF0
  93 002c 02       		.uleb128 0x2
  94 002d 01       		.byte	0x1
  95 002e 08       		.byte	0x8
  96 002f 13010000 		.4byte	.LASF1
  97 0033 02       		.uleb128 0x2
  98 0034 02       		.byte	0x2
  99 0035 05       		.byte	0x5
 100 0036 03020000 		.4byte	.LASF2
 101 003a 02       		.uleb128 0x2
 102 003b 02       		.byte	0x2
 103 003c 07       		.byte	0x7
 104 003d 0E000000 		.4byte	.LASF3
 105 0041 03       		.uleb128 0x3
 106 0042 DB010000 		.4byte	.LASF9
 107 0046 02       		.byte	0x2
 108 0047 3F       		.byte	0x3f
 109 0048 4C000000 		.4byte	0x4c
 110 004c 02       		.uleb128 0x2
 111 004d 04       		.byte	0x4
 112 004e 05       		.byte	0x5
 113 004f 9C010000 		.4byte	.LASF4
 114 0053 02       		.uleb128 0x2
 115 0054 04       		.byte	0x4
 116 0055 07       		.byte	0x7
 117 0056 EA000000 		.4byte	.LASF5
 118 005a 02       		.uleb128 0x2
 119 005b 08       		.byte	0x8
 120 005c 05       		.byte	0x5
 121 005d 00000000 		.4byte	.LASF6
 122 0061 02       		.uleb128 0x2
 123 0062 08       		.byte	0x8
 124 0063 07       		.byte	0x7
 125 0064 FC000000 		.4byte	.LASF7
 126 0068 04       		.uleb128 0x4
 127 0069 04       		.byte	0x4
 128 006a 05       		.byte	0x5
 129 006b 696E7400 		.ascii	"int\000"
 130 006f 02       		.uleb128 0x2
 131 0070 04       		.byte	0x4
 132 0071 07       		.byte	0x7
 133 0072 21000000 		.4byte	.LASF8
 134 0076 03       		.uleb128 0x3
 135 0077 E2000000 		.4byte	.LASF10
 136 007b 03       		.byte	0x3
 137 007c 2C       		.byte	0x2c
 138 007d 41000000 		.4byte	0x41
 139 0081 02       		.uleb128 0x2
 140 0082 04       		.byte	0x4
 141 0083 04       		.byte	0x4
 142 0084 FD010000 		.4byte	.LASF11
 143 0088 02       		.uleb128 0x2
 144 0089 08       		.byte	0x8
ARM GAS  C:\Users\DIGITA~1\AppData\Local\Temp\cc7u95rg.s 			page 4


 145 008a 04       		.byte	0x4
 146 008b 95010000 		.4byte	.LASF12
 147 008f 02       		.uleb128 0x2
 148 0090 01       		.byte	0x1
 149 0091 08       		.byte	0x8
 150 0092 21010000 		.4byte	.LASF13
 151 0096 02       		.uleb128 0x2
 152 0097 08       		.byte	0x8
 153 0098 04       		.byte	0x4
 154 0099 CF010000 		.4byte	.LASF14
 155 009d 02       		.uleb128 0x2
 156 009e 04       		.byte	0x4
 157 009f 07       		.byte	0x7
 158 00a0 20020000 		.4byte	.LASF15
 159 00a4 05       		.uleb128 0x5
 160 00a5 4F000000 		.4byte	.LASF25
 161 00a9 01       		.byte	0x1
 162 00aa 11       		.byte	0x11
 163 00ab 68000000 		.4byte	0x68
 164 00af 00000000 		.4byte	.LFB63
 165 00b3 1E000000 		.4byte	.LFE63-.LFB63
 166 00b7 01       		.uleb128 0x1
 167 00b8 9C       		.byte	0x9c
 168 00b9 F4000000 		.4byte	0xf4
 169 00bd 06       		.uleb128 0x6
 170 00be 08000000 		.4byte	.LVL0
 171 00c2 05010000 		.4byte	0x105
 172 00c6 06       		.uleb128 0x6
 173 00c7 0C000000 		.4byte	.LVL1
 174 00cb 10010000 		.4byte	0x110
 175 00cf 06       		.uleb128 0x6
 176 00d0 10000000 		.4byte	.LVL2
 177 00d4 1B010000 		.4byte	0x11b
 178 00d8 06       		.uleb128 0x6
 179 00d9 14000000 		.4byte	.LVL3
 180 00dd 26010000 		.4byte	0x126
 181 00e1 06       		.uleb128 0x6
 182 00e2 18000000 		.4byte	.LVL4
 183 00e6 31010000 		.4byte	0x131
 184 00ea 06       		.uleb128 0x6
 185 00eb 1C000000 		.4byte	.LVL5
 186 00ef 3C010000 		.4byte	0x13c
 187 00f3 00       		.byte	0
 188 00f4 07       		.uleb128 0x7
 189 00f5 B6010000 		.4byte	.LASF26
 190 00f9 07       		.byte	0x7
 191 00fa 1207     		.2byte	0x712
 192 00fc 00010000 		.4byte	0x100
 193 0100 08       		.uleb128 0x8
 194 0101 76000000 		.4byte	0x76
 195 0105 09       		.uleb128 0x9
 196 0106 A5010000 		.4byte	.LASF16
 197 010a A5010000 		.4byte	.LASF16
 198 010e 04       		.byte	0x4
 199 010f 8A       		.byte	0x8a
 200 0110 09       		.uleb128 0x9
 201 0111 0D020000 		.4byte	.LASF17
ARM GAS  C:\Users\DIGITA~1\AppData\Local\Temp\cc7u95rg.s 			page 5


 202 0115 0D020000 		.4byte	.LASF17
 203 0119 04       		.byte	0x4
 204 011a 8B       		.byte	0x8b
 205 011b 09       		.uleb128 0x9
 206 011c 29020000 		.4byte	.LASF18
 207 0120 29020000 		.4byte	.LASF18
 208 0124 05       		.byte	0x5
 209 0125 4D       		.byte	0x4d
 210 0126 09       		.uleb128 0x9
 211 0127 2E000000 		.4byte	.LASF19
 212 012b 2E000000 		.4byte	.LASF19
 213 012f 05       		.byte	0x5
 214 0130 50       		.byte	0x50
 215 0131 09       		.uleb128 0x9
 216 0132 E5010000 		.4byte	.LASF20
 217 0136 E5010000 		.4byte	.LASF20
 218 013a 06       		.byte	0x6
 219 013b 25       		.byte	0x25
 220 013c 09       		.uleb128 0x9
 221 013d 79010000 		.4byte	.LASF21
 222 0141 79010000 		.4byte	.LASF21
 223 0145 05       		.byte	0x5
 224 0146 64       		.byte	0x64
 225 0147 00       		.byte	0
 226              		.section	.debug_abbrev,"",%progbits
 227              	.Ldebug_abbrev0:
 228 0000 01       		.uleb128 0x1
 229 0001 11       		.uleb128 0x11
 230 0002 01       		.byte	0x1
 231 0003 25       		.uleb128 0x25
 232 0004 0E       		.uleb128 0xe
 233 0005 13       		.uleb128 0x13
 234 0006 0B       		.uleb128 0xb
 235 0007 03       		.uleb128 0x3
 236 0008 0E       		.uleb128 0xe
 237 0009 1B       		.uleb128 0x1b
 238 000a 0E       		.uleb128 0xe
 239 000b 55       		.uleb128 0x55
 240 000c 17       		.uleb128 0x17
 241 000d 11       		.uleb128 0x11
 242 000e 01       		.uleb128 0x1
 243 000f 10       		.uleb128 0x10
 244 0010 17       		.uleb128 0x17
 245 0011 00       		.byte	0
 246 0012 00       		.byte	0
 247 0013 02       		.uleb128 0x2
 248 0014 24       		.uleb128 0x24
 249 0015 00       		.byte	0
 250 0016 0B       		.uleb128 0xb
 251 0017 0B       		.uleb128 0xb
 252 0018 3E       		.uleb128 0x3e
 253 0019 0B       		.uleb128 0xb
 254 001a 03       		.uleb128 0x3
 255 001b 0E       		.uleb128 0xe
 256 001c 00       		.byte	0
 257 001d 00       		.byte	0
 258 001e 03       		.uleb128 0x3
ARM GAS  C:\Users\DIGITA~1\AppData\Local\Temp\cc7u95rg.s 			page 6


 259 001f 16       		.uleb128 0x16
 260 0020 00       		.byte	0
 261 0021 03       		.uleb128 0x3
 262 0022 0E       		.uleb128 0xe
 263 0023 3A       		.uleb128 0x3a
 264 0024 0B       		.uleb128 0xb
 265 0025 3B       		.uleb128 0x3b
 266 0026 0B       		.uleb128 0xb
 267 0027 49       		.uleb128 0x49
 268 0028 13       		.uleb128 0x13
 269 0029 00       		.byte	0
 270 002a 00       		.byte	0
 271 002b 04       		.uleb128 0x4
 272 002c 24       		.uleb128 0x24
 273 002d 00       		.byte	0
 274 002e 0B       		.uleb128 0xb
 275 002f 0B       		.uleb128 0xb
 276 0030 3E       		.uleb128 0x3e
 277 0031 0B       		.uleb128 0xb
 278 0032 03       		.uleb128 0x3
 279 0033 08       		.uleb128 0x8
 280 0034 00       		.byte	0
 281 0035 00       		.byte	0
 282 0036 05       		.uleb128 0x5
 283 0037 2E       		.uleb128 0x2e
 284 0038 01       		.byte	0x1
 285 0039 3F       		.uleb128 0x3f
 286 003a 19       		.uleb128 0x19
 287 003b 03       		.uleb128 0x3
 288 003c 0E       		.uleb128 0xe
 289 003d 3A       		.uleb128 0x3a
 290 003e 0B       		.uleb128 0xb
 291 003f 3B       		.uleb128 0x3b
 292 0040 0B       		.uleb128 0xb
 293 0041 27       		.uleb128 0x27
 294 0042 19       		.uleb128 0x19
 295 0043 49       		.uleb128 0x49
 296 0044 13       		.uleb128 0x13
 297 0045 8701     		.uleb128 0x87
 298 0047 19       		.uleb128 0x19
 299 0048 11       		.uleb128 0x11
 300 0049 01       		.uleb128 0x1
 301 004a 12       		.uleb128 0x12
 302 004b 06       		.uleb128 0x6
 303 004c 40       		.uleb128 0x40
 304 004d 18       		.uleb128 0x18
 305 004e 9742     		.uleb128 0x2117
 306 0050 19       		.uleb128 0x19
 307 0051 01       		.uleb128 0x1
 308 0052 13       		.uleb128 0x13
 309 0053 00       		.byte	0
 310 0054 00       		.byte	0
 311 0055 06       		.uleb128 0x6
 312 0056 898201   		.uleb128 0x4109
 313 0059 00       		.byte	0
 314 005a 11       		.uleb128 0x11
 315 005b 01       		.uleb128 0x1
ARM GAS  C:\Users\DIGITA~1\AppData\Local\Temp\cc7u95rg.s 			page 7


 316 005c 31       		.uleb128 0x31
 317 005d 13       		.uleb128 0x13
 318 005e 00       		.byte	0
 319 005f 00       		.byte	0
 320 0060 07       		.uleb128 0x7
 321 0061 34       		.uleb128 0x34
 322 0062 00       		.byte	0
 323 0063 03       		.uleb128 0x3
 324 0064 0E       		.uleb128 0xe
 325 0065 3A       		.uleb128 0x3a
 326 0066 0B       		.uleb128 0xb
 327 0067 3B       		.uleb128 0x3b
 328 0068 05       		.uleb128 0x5
 329 0069 49       		.uleb128 0x49
 330 006a 13       		.uleb128 0x13
 331 006b 3F       		.uleb128 0x3f
 332 006c 19       		.uleb128 0x19
 333 006d 3C       		.uleb128 0x3c
 334 006e 19       		.uleb128 0x19
 335 006f 00       		.byte	0
 336 0070 00       		.byte	0
 337 0071 08       		.uleb128 0x8
 338 0072 35       		.uleb128 0x35
 339 0073 00       		.byte	0
 340 0074 49       		.uleb128 0x49
 341 0075 13       		.uleb128 0x13
 342 0076 00       		.byte	0
 343 0077 00       		.byte	0
 344 0078 09       		.uleb128 0x9
 345 0079 2E       		.uleb128 0x2e
 346 007a 00       		.byte	0
 347 007b 3F       		.uleb128 0x3f
 348 007c 19       		.uleb128 0x19
 349 007d 3C       		.uleb128 0x3c
 350 007e 19       		.uleb128 0x19
 351 007f 6E       		.uleb128 0x6e
 352 0080 0E       		.uleb128 0xe
 353 0081 03       		.uleb128 0x3
 354 0082 0E       		.uleb128 0xe
 355 0083 3A       		.uleb128 0x3a
 356 0084 0B       		.uleb128 0xb
 357 0085 3B       		.uleb128 0x3b
 358 0086 0B       		.uleb128 0xb
 359 0087 00       		.byte	0
 360 0088 00       		.byte	0
 361 0089 00       		.byte	0
 362              		.section	.debug_aranges,"",%progbits
 363 0000 1C000000 		.4byte	0x1c
 364 0004 0200     		.2byte	0x2
 365 0006 00000000 		.4byte	.Ldebug_info0
 366 000a 04       		.byte	0x4
 367 000b 00       		.byte	0
 368 000c 0000     		.2byte	0
 369 000e 0000     		.2byte	0
 370 0010 00000000 		.4byte	.LFB63
 371 0014 1E000000 		.4byte	.LFE63-.LFB63
 372 0018 00000000 		.4byte	0
ARM GAS  C:\Users\DIGITA~1\AppData\Local\Temp\cc7u95rg.s 			page 8


 373 001c 00000000 		.4byte	0
 374              		.section	.debug_ranges,"",%progbits
 375              	.Ldebug_ranges0:
 376 0000 00000000 		.4byte	.LFB63
 377 0004 1E000000 		.4byte	.LFE63
 378 0008 00000000 		.4byte	0
 379 000c 00000000 		.4byte	0
 380              		.section	.debug_line,"",%progbits
 381              	.Ldebug_line0:
 382 0000 94010000 		.section	.debug_str,"MS",%progbits,1
 382      02007801 
 382      00000201 
 382      FB0E0D00 
 382      01010101 
 383              	.LASF6:
 384 0000 6C6F6E67 		.ascii	"long long int\000"
 384      206C6F6E 
 384      6720696E 
 384      7400
 385              	.LASF3:
 386 000e 73686F72 		.ascii	"short unsigned int\000"
 386      7420756E 
 386      7369676E 
 386      65642069 
 386      6E7400
 387              	.LASF8:
 388 0021 756E7369 		.ascii	"unsigned int\000"
 388      676E6564 
 388      20696E74 
 388      00
 389              	.LASF19:
 390 002e 5370695F 		.ascii	"Spi_LED_Chain_EnableTxInt\000"
 390      4C45445F 
 390      43686169 
 390      6E5F456E 
 390      61626C65 
 391              	.LASF23:
 392 0048 6D61696E 		.ascii	"main.c\000"
 392      2E6300
 393              	.LASF25:
 394 004f 6D61696E 		.ascii	"main\000"
 394      00
 395              	.LASF22:
 396 0054 474E5520 		.ascii	"GNU C11 5.4.1 20160609 (release) [ARM/embedded-5-br"
 396      43313120 
 396      352E342E 
 396      31203230 
 396      31363036 
 397 0087 616E6368 		.ascii	"anch revision 237715] -mcpu=cortex-m3 -mthumb -g -O"
 397      20726576 
 397      6973696F 
 397      6E203233 
 397      37373135 
 398 00ba 67202D66 		.ascii	"g -ffunction-sections -ffat-lto-objects\000"
 398      66756E63 
 398      74696F6E 
 398      2D736563 
ARM GAS  C:\Users\DIGITA~1\AppData\Local\Temp\cc7u95rg.s 			page 9


 398      74696F6E 
 399              	.LASF10:
 400 00e2 696E7433 		.ascii	"int32_t\000"
 400      325F7400 
 401              	.LASF5:
 402 00ea 6C6F6E67 		.ascii	"long unsigned int\000"
 402      20756E73 
 402      69676E65 
 402      6420696E 
 402      7400
 403              	.LASF7:
 404 00fc 6C6F6E67 		.ascii	"long long unsigned int\000"
 404      206C6F6E 
 404      6720756E 
 404      7369676E 
 404      65642069 
 405              	.LASF1:
 406 0113 756E7369 		.ascii	"unsigned char\000"
 406      676E6564 
 406      20636861 
 406      7200
 407              	.LASF13:
 408 0121 63686172 		.ascii	"char\000"
 408      00
 409              	.LASF24:
 410 0126 433A5C55 		.ascii	"C:\\Users\\Digital-Sqrt\\Documents\\Git_Hub\\Space-"
 410      73657273 
 410      5C446967 
 410      6974616C 
 410      2D537172 
 411 0154 66696768 		.ascii	"fighter\\Code\\LED_Space_Fighter.cydsn\000"
 411      7465725C 
 411      436F6465 
 411      5C4C4544 
 411      5F537061 
 412              	.LASF21:
 413 0179 5370695F 		.ascii	"Spi_LED_Chain_ClearRxBuffer\000"
 413      4C45445F 
 413      43686169 
 413      6E5F436C 
 413      65617252 
 414              	.LASF12:
 415 0195 646F7562 		.ascii	"double\000"
 415      6C6500
 416              	.LASF4:
 417 019c 6C6F6E67 		.ascii	"long int\000"
 417      20696E74 
 417      00
 418              	.LASF16:
 419 01a5 4672616D 		.ascii	"Frame_Timer_Init\000"
 419      655F5469 
 419      6D65725F 
 419      496E6974 
 419      00
 420              	.LASF26:
 421 01b6 49544D5F 		.ascii	"ITM_RxBuffer\000"
 421      52784275 
ARM GAS  C:\Users\DIGITA~1\AppData\Local\Temp\cc7u95rg.s 			page 10


 421      66666572 
 421      00
 422              	.LASF0:
 423 01c3 7369676E 		.ascii	"signed char\000"
 423      65642063 
 423      68617200 
 424              	.LASF14:
 425 01cf 6C6F6E67 		.ascii	"long double\000"
 425      20646F75 
 425      626C6500 
 426              	.LASF9:
 427 01db 5F5F696E 		.ascii	"__int32_t\000"
 427      7433325F 
 427      7400
 428              	.LASF20:
 429 01e5 6973725F 		.ascii	"isr_spi_tx_done_Disable\000"
 429      7370695F 
 429      74785F64 
 429      6F6E655F 
 429      44697361 
 430              	.LASF11:
 431 01fd 666C6F61 		.ascii	"float\000"
 431      7400
 432              	.LASF2:
 433 0203 73686F72 		.ascii	"short int\000"
 433      7420696E 
 433      7400
 434              	.LASF17:
 435 020d 4672616D 		.ascii	"Frame_Timer_Enable\000"
 435      655F5469 
 435      6D65725F 
 435      456E6162 
 435      6C6500
 436              	.LASF15:
 437 0220 73697A65 		.ascii	"sizetype\000"
 437      74797065 
 437      00
 438              	.LASF18:
 439 0229 5370695F 		.ascii	"Spi_LED_Chain_Start\000"
 439      4C45445F 
 439      43686169 
 439      6E5F5374 
 439      61727400 
 440              		.ident	"GCC: (GNU Tools for ARM Embedded Processors) 5.4.1 20160609 (release) [ARM/embedded-5-bran
