ARM GAS  C:\Users\DIGITA~1\AppData\Local\Temp\ccSiiEBl.s 			page 1


   1              		.syntax unified
   2              		.cpu cortex-m3
   3              		.fpu softvfp
   4              		.eabi_attribute 20, 1
   5              		.eabi_attribute 21, 1
   6              		.eabi_attribute 23, 3
   7              		.eabi_attribute 24, 1
   8              		.eabi_attribute 25, 1
   9              		.eabi_attribute 26, 1
  10              		.eabi_attribute 30, 1
  11              		.eabi_attribute 34, 1
  12              		.eabi_attribute 18, 4
  13              		.thumb
  14              		.syntax unified
  15              		.file	"SPI.c"
  16              		.text
  17              	.Ltext0:
  18              		.cfi_sections	.debug_frame
  19              		.section	.text.SpiSetNextFrame,"ax",%progbits
  20              		.align	2
  21              		.global	SpiSetNextFrame
  22              		.thumb
  23              		.thumb_func
  24              		.type	SpiSetNextFrame, %function
  25              	SpiSetNextFrame:
  26              	.LFB2:
  27              		.file 1 "SPI.c"
   1:SPI.c         **** /* ========================================
   2:SPI.c         ****  *
   3:SPI.c         ****  * Copyright YOUR COMPANY, THE YEAR
   4:SPI.c         ****  * All Rights Reserved
   5:SPI.c         ****  * UNPUBLISHED, LICENSED SOFTWARE.
   6:SPI.c         ****  *
   7:SPI.c         ****  * CONFIDENTIAL AND PROPRIETARY INFORMATION
   8:SPI.c         ****  * WHICH IS THE PROPERTY OF your company.
   9:SPI.c         ****  *
  10:SPI.c         ****  * ========================================
  11:SPI.c         **** */
  12:SPI.c         **** #include "cytypes.h"
  13:SPI.c         **** #include "SPI.h"
  14:SPI.c         **** #include "DOT_STAR.h"   
  15:SPI.c         **** #include "Spi_LED_Chain.h"
  16:SPI.c         **** #include <stdbool.h>
  17:SPI.c         **** #include <isr_spi_tx_done.h>
  18:SPI.c         **** #include <isr_frame.h>
  19:SPI.c         **** 
  20:SPI.c         **** struct DisplayBuffer Display;
  21:SPI.c         **** volatile bool TxDone = false;
  22:SPI.c         **** 
  23:SPI.c         **** extern void SpiLightLeds(void){
  24:SPI.c         ****     TxDone = false;
  25:SPI.c         ****     isr_spi_tx_done_Enable();
  26:SPI.c         ****     SpiSendNextByte();
  27:SPI.c         **** };
  28:SPI.c         **** 
  29:SPI.c         **** extern void SpiSendNextByte(void){
  30:SPI.c         ****     Spi_LED_Chain_WriteTxData(*(Display.Buffer + Display.Index));
ARM GAS  C:\Users\DIGITA~1\AppData\Local\Temp\ccSiiEBl.s 			page 2


  31:SPI.c         ****     
  32:SPI.c         ****     Display.Index++;
  33:SPI.c         ****     if (Display.Index >= Display.Count){
  34:SPI.c         ****       SpiStopSendingBytes();  
  35:SPI.c         ****     }
  36:SPI.c         **** };
  37:SPI.c         **** 
  38:SPI.c         **** extern void SpiSetNextFrame(struct LedChain *MyLedChain){
  28              		.loc 1 38 0
  29              		.cfi_startproc
  30              		@ args = 0, pretend = 0, frame = 0
  31              		@ frame_needed = 0, uses_anonymous_args = 0
  32              		@ link register save eliminated.
  33              	.LVL0:
  39:SPI.c         ****     Display.Buffer = (uint8_t*)MyLedChain->DotStar;
  34              		.loc 1 39 0
  35 0000 4268     		ldr	r2, [r0, #4]
  36 0002 044B     		ldr	r3, .L2
  37 0004 5A60     		str	r2, [r3, #4]
  40:SPI.c         ****     Display.Count = MyLedChain->Count * (uint8_t)sizeof(struct OneLed );
  38              		.loc 1 40 0
  39 0006 0278     		ldrb	r2, [r0]	@ zero_extendqisi2
  40 0008 9200     		lsls	r2, r2, #2
  41 000a 1A80     		strh	r2, [r3]	@ movhi
  41:SPI.c         ****     Display.Index = 0; 
  42              		.loc 1 41 0
  43 000c 0022     		movs	r2, #0
  44 000e 5A80     		strh	r2, [r3, #2]	@ movhi
  45 0010 7047     		bx	lr
  46              	.L3:
  47 0012 00BF     		.align	2
  48              	.L2:
  49 0014 00000000 		.word	Display
  50              		.cfi_endproc
  51              	.LFE2:
  52              		.size	SpiSetNextFrame, .-SpiSetNextFrame
  53              		.section	.text.SpiStopSendingBytes,"ax",%progbits
  54              		.align	2
  55              		.global	SpiStopSendingBytes
  56              		.thumb
  57              		.thumb_func
  58              		.type	SpiStopSendingBytes, %function
  59              	SpiStopSendingBytes:
  60              	.LFB3:
  42:SPI.c         **** };
  43:SPI.c         ****                        
  44:SPI.c         **** extern void SpiStopSendingBytes(void){
  61              		.loc 1 44 0
  62              		.cfi_startproc
  63              		@ args = 0, pretend = 0, frame = 0
  64              		@ frame_needed = 0, uses_anonymous_args = 0
  65 0000 08B5     		push	{r3, lr}
  66              		.cfi_def_cfa_offset 8
  67              		.cfi_offset 3, -8
  68              		.cfi_offset 14, -4
  45:SPI.c         ****     isr_spi_tx_done_Disable();
  69              		.loc 1 45 0
ARM GAS  C:\Users\DIGITA~1\AppData\Local\Temp\ccSiiEBl.s 			page 3


  70 0002 FFF7FEFF 		bl	isr_spi_tx_done_Disable
  71              	.LVL1:
  46:SPI.c         ****     Display.Index = 0;
  72              		.loc 1 46 0
  73 0006 0022     		movs	r2, #0
  74 0008 024B     		ldr	r3, .L6
  75 000a 5A80     		strh	r2, [r3, #2]	@ movhi
  47:SPI.c         ****     TxDone = true;
  76              		.loc 1 47 0
  77 000c 0122     		movs	r2, #1
  78 000e 024B     		ldr	r3, .L6+4
  79 0010 1A70     		strb	r2, [r3]
  80 0012 08BD     		pop	{r3, pc}
  81              	.L7:
  82              		.align	2
  83              	.L6:
  84 0014 00000000 		.word	Display
  85 0018 00000000 		.word	.LANCHOR0
  86              		.cfi_endproc
  87              	.LFE3:
  88              		.size	SpiStopSendingBytes, .-SpiStopSendingBytes
  89              		.section	.text.SpiSendNextByte,"ax",%progbits
  90              		.align	2
  91              		.global	SpiSendNextByte
  92              		.thumb
  93              		.thumb_func
  94              		.type	SpiSendNextByte, %function
  95              	SpiSendNextByte:
  96              	.LFB1:
  29:SPI.c         ****     Spi_LED_Chain_WriteTxData(*(Display.Buffer + Display.Index));
  97              		.loc 1 29 0
  98              		.cfi_startproc
  99              		@ args = 0, pretend = 0, frame = 0
 100              		@ frame_needed = 0, uses_anonymous_args = 0
 101 0000 10B5     		push	{r4, lr}
 102              		.cfi_def_cfa_offset 8
 103              		.cfi_offset 4, -8
 104              		.cfi_offset 14, -4
  30:SPI.c         ****     
 105              		.loc 1 30 0
 106 0002 084C     		ldr	r4, .L11
 107 0004 6268     		ldr	r2, [r4, #4]
 108 0006 6388     		ldrh	r3, [r4, #2]
 109 0008 D05C     		ldrb	r0, [r2, r3]	@ zero_extendqisi2
 110 000a FFF7FEFF 		bl	Spi_LED_Chain_WriteTxData
 111              	.LVL2:
  32:SPI.c         ****     if (Display.Index >= Display.Count){
 112              		.loc 1 32 0
 113 000e 6388     		ldrh	r3, [r4, #2]
 114 0010 0133     		adds	r3, r3, #1
 115 0012 9BB2     		uxth	r3, r3
 116 0014 6380     		strh	r3, [r4, #2]	@ movhi
  33:SPI.c         ****       SpiStopSendingBytes();  
 117              		.loc 1 33 0
 118 0016 2288     		ldrh	r2, [r4]
 119 0018 9342     		cmp	r3, r2
 120 001a 01D3     		bcc	.L8
ARM GAS  C:\Users\DIGITA~1\AppData\Local\Temp\ccSiiEBl.s 			page 4


  34:SPI.c         ****     }
 121              		.loc 1 34 0
 122 001c FFF7FEFF 		bl	SpiStopSendingBytes
 123              	.LVL3:
 124              	.L8:
 125 0020 10BD     		pop	{r4, pc}
 126              	.L12:
 127 0022 00BF     		.align	2
 128              	.L11:
 129 0024 00000000 		.word	Display
 130              		.cfi_endproc
 131              	.LFE1:
 132              		.size	SpiSendNextByte, .-SpiSendNextByte
 133              		.section	.text.SpiLightLeds,"ax",%progbits
 134              		.align	2
 135              		.global	SpiLightLeds
 136              		.thumb
 137              		.thumb_func
 138              		.type	SpiLightLeds, %function
 139              	SpiLightLeds:
 140              	.LFB0:
  23:SPI.c         ****     TxDone = false;
 141              		.loc 1 23 0
 142              		.cfi_startproc
 143              		@ args = 0, pretend = 0, frame = 0
 144              		@ frame_needed = 0, uses_anonymous_args = 0
 145 0000 08B5     		push	{r3, lr}
 146              		.cfi_def_cfa_offset 8
 147              		.cfi_offset 3, -8
 148              		.cfi_offset 14, -4
  24:SPI.c         ****     isr_spi_tx_done_Enable();
 149              		.loc 1 24 0
 150 0002 0022     		movs	r2, #0
 151 0004 034B     		ldr	r3, .L15
 152 0006 1A70     		strb	r2, [r3]
  25:SPI.c         ****     SpiSendNextByte();
 153              		.loc 1 25 0
 154 0008 FFF7FEFF 		bl	isr_spi_tx_done_Enable
 155              	.LVL4:
  26:SPI.c         **** };
 156              		.loc 1 26 0
 157 000c FFF7FEFF 		bl	SpiSendNextByte
 158              	.LVL5:
 159 0010 08BD     		pop	{r3, pc}
 160              	.L16:
 161 0012 00BF     		.align	2
 162              	.L15:
 163 0014 00000000 		.word	.LANCHOR0
 164              		.cfi_endproc
 165              	.LFE0:
 166              		.size	SpiLightLeds, .-SpiLightLeds
 167              		.section	.text.IsTxDone,"ax",%progbits
 168              		.align	2
 169              		.global	IsTxDone
 170              		.thumb
 171              		.thumb_func
 172              		.type	IsTxDone, %function
ARM GAS  C:\Users\DIGITA~1\AppData\Local\Temp\ccSiiEBl.s 			page 5


 173              	IsTxDone:
 174              	.LFB4:
  48:SPI.c         **** };
  49:SPI.c         **** 
  50:SPI.c         **** extern bool IsTxDone(void){
 175              		.loc 1 50 0
 176              		.cfi_startproc
 177              		@ args = 0, pretend = 0, frame = 0
 178              		@ frame_needed = 0, uses_anonymous_args = 0
 179              		@ link register save eliminated.
  51:SPI.c         ****     return TxDone;
 180              		.loc 1 51 0
 181 0000 014B     		ldr	r3, .L18
 182 0002 1878     		ldrb	r0, [r3]	@ zero_extendqisi2
  52:SPI.c         **** };
 183              		.loc 1 52 0
 184 0004 7047     		bx	lr
 185              	.L19:
 186 0006 00BF     		.align	2
 187              	.L18:
 188 0008 00000000 		.word	.LANCHOR0
 189              		.cfi_endproc
 190              	.LFE4:
 191              		.size	IsTxDone, .-IsTxDone
 192              		.global	TxDone
 193              		.comm	Display,8,4
 194              		.bss
 195              		.set	.LANCHOR0,. + 0
 196              		.type	TxDone, %object
 197              		.size	TxDone, 1
 198              	TxDone:
 199 0000 00       		.space	1
 200              		.text
 201              	.Letext0:
 202              		.file 2 "c:\\program files (x86)\\cypress\\psoc creator\\4.4\\psoc creator\\import\\gnu\\arm\\5.4.
 203              		.file 3 "c:\\program files (x86)\\cypress\\psoc creator\\4.4\\psoc creator\\import\\gnu\\arm\\5.4.
 204              		.file 4 "DOT_STAR.h"
 205              		.file 5 "Generated_Source\\PSoC5/isr_spi_tx_done.h"
 206              		.file 6 "Generated_Source\\PSoC5/Spi_LED_Chain.h"
 207              		.section	.debug_info,"",%progbits
 208              	.Ldebug_info0:
 209 0000 A2020000 		.4byte	0x2a2
 210 0004 0400     		.2byte	0x4
 211 0006 00000000 		.4byte	.Ldebug_abbrev0
 212 000a 04       		.byte	0x4
 213 000b 01       		.uleb128 0x1
 214 000c C7010000 		.4byte	.LASF42
 215 0010 0C       		.byte	0xc
 216 0011 D7000000 		.4byte	.LASF43
 217 0015 74010000 		.4byte	.LASF44
 218 0019 00000000 		.4byte	.Ldebug_ranges0+0
 219 001d 00000000 		.4byte	0
 220 0021 00000000 		.4byte	.Ldebug_line0
 221 0025 02       		.uleb128 0x2
 222 0026 01       		.byte	0x1
 223 0027 06       		.byte	0x6
 224 0028 CD020000 		.4byte	.LASF0
ARM GAS  C:\Users\DIGITA~1\AppData\Local\Temp\ccSiiEBl.s 			page 6


 225 002c 03       		.uleb128 0x3
 226 002d 09000000 		.4byte	.LASF3
 227 0031 02       		.byte	0x2
 228 0032 1D       		.byte	0x1d
 229 0033 37000000 		.4byte	0x37
 230 0037 02       		.uleb128 0x2
 231 0038 01       		.byte	0x1
 232 0039 08       		.byte	0x8
 233 003a 59000000 		.4byte	.LASF1
 234 003e 02       		.uleb128 0x2
 235 003f 02       		.byte	0x2
 236 0040 05       		.byte	0x5
 237 0041 38000000 		.4byte	.LASF2
 238 0045 03       		.uleb128 0x3
 239 0046 B5000000 		.4byte	.LASF4
 240 004a 02       		.byte	0x2
 241 004b 2B       		.byte	0x2b
 242 004c 50000000 		.4byte	0x50
 243 0050 02       		.uleb128 0x2
 244 0051 02       		.byte	0x2
 245 0052 07       		.byte	0x7
 246 0053 94000000 		.4byte	.LASF5
 247 0057 02       		.uleb128 0x2
 248 0058 04       		.byte	0x4
 249 0059 05       		.byte	0x5
 250 005a A5020000 		.4byte	.LASF6
 251 005e 03       		.uleb128 0x3
 252 005f DD000000 		.4byte	.LASF7
 253 0063 02       		.byte	0x2
 254 0064 41       		.byte	0x41
 255 0065 69000000 		.4byte	0x69
 256 0069 02       		.uleb128 0x2
 257 006a 04       		.byte	0x4
 258 006b 07       		.byte	0x7
 259 006c 82000000 		.4byte	.LASF8
 260 0070 02       		.uleb128 0x2
 261 0071 08       		.byte	0x8
 262 0072 05       		.byte	0x5
 263 0073 64020000 		.4byte	.LASF9
 264 0077 02       		.uleb128 0x2
 265 0078 08       		.byte	0x8
 266 0079 07       		.byte	0x7
 267 007a 17010000 		.4byte	.LASF10
 268 007e 04       		.uleb128 0x4
 269 007f 04       		.byte	0x4
 270 0080 05       		.byte	0x5
 271 0081 696E7400 		.ascii	"int\000"
 272 0085 02       		.uleb128 0x2
 273 0086 04       		.byte	0x4
 274 0087 07       		.byte	0x7
 275 0088 FD000000 		.4byte	.LASF11
 276 008c 03       		.uleb128 0x3
 277 008d 30000000 		.4byte	.LASF12
 278 0091 03       		.byte	0x3
 279 0092 18       		.byte	0x18
 280 0093 2C000000 		.4byte	0x2c
 281 0097 03       		.uleb128 0x3
ARM GAS  C:\Users\DIGITA~1\AppData\Local\Temp\ccSiiEBl.s 			page 7


 282 0098 8B020000 		.4byte	.LASF13
 283 009c 03       		.byte	0x3
 284 009d 24       		.byte	0x24
 285 009e 45000000 		.4byte	0x45
 286 00a2 03       		.uleb128 0x3
 287 00a3 9C020000 		.4byte	.LASF14
 288 00a7 03       		.byte	0x3
 289 00a8 30       		.byte	0x30
 290 00a9 5E000000 		.4byte	0x5e
 291 00ad 02       		.uleb128 0x2
 292 00ae 04       		.byte	0x4
 293 00af 04       		.byte	0x4
 294 00b0 4C000000 		.4byte	.LASF15
 295 00b4 02       		.uleb128 0x2
 296 00b5 08       		.byte	0x8
 297 00b6 04       		.byte	0x4
 298 00b7 C0000000 		.4byte	.LASF16
 299 00bb 02       		.uleb128 0x2
 300 00bc 01       		.byte	0x1
 301 00bd 08       		.byte	0x8
 302 00be AE020000 		.4byte	.LASF17
 303 00c2 05       		.uleb128 0x5
 304 00c3 84020000 		.4byte	.LASF23
 305 00c7 04       		.byte	0x4
 306 00c8 04       		.byte	0x4
 307 00c9 25       		.byte	0x25
 308 00ca 11010000 		.4byte	0x111
 309 00ce 06       		.uleb128 0x6
 310 00cf 10010000 		.4byte	.LASF18
 311 00d3 04       		.byte	0x4
 312 00d4 26       		.byte	0x26
 313 00d5 8C000000 		.4byte	0x8c
 314 00d9 01       		.byte	0x1
 315 00da 03       		.byte	0x3
 316 00db 05       		.byte	0x5
 317 00dc 00       		.byte	0
 318 00dd 06       		.uleb128 0x6
 319 00de 42000000 		.4byte	.LASF19
 320 00e2 04       		.byte	0x4
 321 00e3 27       		.byte	0x27
 322 00e4 8C000000 		.4byte	0x8c
 323 00e8 01       		.byte	0x1
 324 00e9 05       		.byte	0x5
 325 00ea 00       		.byte	0
 326 00eb 00       		.byte	0
 327 00ec 07       		.uleb128 0x7
 328 00ed 52656400 		.ascii	"Red\000"
 329 00f1 04       		.byte	0x4
 330 00f2 28       		.byte	0x28
 331 00f3 8C000000 		.4byte	0x8c
 332 00f7 01       		.byte	0x1
 333 00f8 08       		.uleb128 0x8
 334 00f9 0A010000 		.4byte	.LASF20
 335 00fd 04       		.byte	0x4
 336 00fe 29       		.byte	0x29
 337 00ff 8C000000 		.4byte	0x8c
 338 0103 02       		.byte	0x2
ARM GAS  C:\Users\DIGITA~1\AppData\Local\Temp\ccSiiEBl.s 			page 8


 339 0104 08       		.uleb128 0x8
 340 0105 B0000000 		.4byte	.LASF21
 341 0109 04       		.byte	0x4
 342 010a 2A       		.byte	0x2a
 343 010b 8C000000 		.4byte	0x8c
 344 010f 03       		.byte	0x3
 345 0110 00       		.byte	0
 346 0111 09       		.uleb128 0x9
 347 0112 77000000 		.4byte	.LASF45
 348 0116 04       		.byte	0x4
 349 0117 04       		.byte	0x4
 350 0118 2D       		.byte	0x2d
 351 0119 34010000 		.4byte	0x134
 352 011d 0A       		.uleb128 0xa
 353 011e 5E020000 		.4byte	.LASF22
 354 0122 04       		.byte	0x4
 355 0123 2E       		.byte	0x2e
 356 0124 A2000000 		.4byte	0xa2
 357 0128 0B       		.uleb128 0xb
 358 0129 4C454400 		.ascii	"LED\000"
 359 012d 04       		.byte	0x4
 360 012e 2F       		.byte	0x2f
 361 012f C2000000 		.4byte	0xc2
 362 0133 00       		.byte	0
 363 0134 05       		.uleb128 0x5
 364 0135 00000000 		.4byte	.LASF24
 365 0139 08       		.byte	0x8
 366 013a 04       		.byte	0x4
 367 013b 32       		.byte	0x32
 368 013c 59010000 		.4byte	0x159
 369 0140 08       		.uleb128 0x8
 370 0141 DF020000 		.4byte	.LASF25
 371 0145 04       		.byte	0x4
 372 0146 33       		.byte	0x33
 373 0147 8C000000 		.4byte	0x8c
 374 014b 00       		.byte	0
 375 014c 08       		.uleb128 0x8
 376 014d E8000000 		.4byte	.LASF26
 377 0151 04       		.byte	0x4
 378 0152 34       		.byte	0x34
 379 0153 59010000 		.4byte	0x159
 380 0157 04       		.byte	0x4
 381 0158 00       		.byte	0
 382 0159 0C       		.uleb128 0xc
 383 015a 04       		.byte	0x4
 384 015b 11010000 		.4byte	0x111
 385 015f 05       		.uleb128 0x5
 386 0160 BF020000 		.4byte	.LASF27
 387 0164 08       		.byte	0x8
 388 0165 04       		.byte	0x4
 389 0166 37       		.byte	0x37
 390 0167 90010000 		.4byte	0x190
 391 016b 08       		.uleb128 0x8
 392 016c DF020000 		.4byte	.LASF25
 393 0170 04       		.byte	0x4
 394 0171 38       		.byte	0x38
 395 0172 97000000 		.4byte	0x97
ARM GAS  C:\Users\DIGITA~1\AppData\Local\Temp\ccSiiEBl.s 			page 9


 396 0176 00       		.byte	0
 397 0177 08       		.uleb128 0x8
 398 0178 D9020000 		.4byte	.LASF28
 399 017c 04       		.byte	0x4
 400 017d 39       		.byte	0x39
 401 017e 97000000 		.4byte	0x97
 402 0182 02       		.byte	0x2
 403 0183 08       		.uleb128 0x8
 404 0184 52000000 		.4byte	.LASF29
 405 0188 04       		.byte	0x4
 406 0189 3A       		.byte	0x3a
 407 018a 90010000 		.4byte	0x190
 408 018e 04       		.byte	0x4
 409 018f 00       		.byte	0
 410 0190 0C       		.uleb128 0xc
 411 0191 04       		.byte	0x4
 412 0192 96010000 		.4byte	0x196
 413 0196 0D       		.uleb128 0xd
 414 0197 8C000000 		.4byte	0x8c
 415 019b 02       		.uleb128 0x2
 416 019c 08       		.byte	0x8
 417 019d 04       		.byte	0x4
 418 019e B3020000 		.4byte	.LASF30
 419 01a2 02       		.uleb128 0x2
 420 01a3 04       		.byte	0x4
 421 01a4 07       		.byte	0x7
 422 01a5 55020000 		.4byte	.LASF31
 423 01a9 0E       		.uleb128 0xe
 424 01aa 67000000 		.4byte	.LASF32
 425 01ae 01       		.byte	0x1
 426 01af 26       		.byte	0x26
 427 01b0 00000000 		.4byte	.LFB2
 428 01b4 18000000 		.4byte	.LFE2-.LFB2
 429 01b8 01       		.uleb128 0x1
 430 01b9 9C       		.byte	0x9c
 431 01ba CC010000 		.4byte	0x1cc
 432 01be 0F       		.uleb128 0xf
 433 01bf 79020000 		.4byte	.LASF46
 434 01c3 01       		.byte	0x1
 435 01c4 26       		.byte	0x26
 436 01c5 CC010000 		.4byte	0x1cc
 437 01c9 01       		.uleb128 0x1
 438 01ca 50       		.byte	0x50
 439 01cb 00       		.byte	0
 440 01cc 0C       		.uleb128 0xc
 441 01cd 04       		.byte	0x4
 442 01ce 34010000 		.4byte	0x134
 443 01d2 0E       		.uleb128 0xe
 444 01d3 2E010000 		.4byte	.LASF33
 445 01d7 01       		.byte	0x1
 446 01d8 2C       		.byte	0x2c
 447 01d9 00000000 		.4byte	.LFB3
 448 01dd 1C000000 		.4byte	.LFE3-.LFB3
 449 01e1 01       		.uleb128 0x1
 450 01e2 9C       		.byte	0x9c
 451 01e3 F1010000 		.4byte	0x1f1
 452 01e7 10       		.uleb128 0x10
ARM GAS  C:\Users\DIGITA~1\AppData\Local\Temp\ccSiiEBl.s 			page 10


 453 01e8 06000000 		.4byte	.LVL1
 454 01ec 84020000 		.4byte	0x284
 455 01f0 00       		.byte	0
 456 01f1 0E       		.uleb128 0xe
 457 01f2 C7000000 		.4byte	.LASF34
 458 01f6 01       		.byte	0x1
 459 01f7 1D       		.byte	0x1d
 460 01f8 00000000 		.4byte	.LFB1
 461 01fc 28000000 		.4byte	.LFE1-.LFB1
 462 0200 01       		.uleb128 0x1
 463 0201 9C       		.byte	0x9c
 464 0202 19020000 		.4byte	0x219
 465 0206 10       		.uleb128 0x10
 466 0207 0E000000 		.4byte	.LVL2
 467 020b 8F020000 		.4byte	0x28f
 468 020f 10       		.uleb128 0x10
 469 0210 20000000 		.4byte	.LVL3
 470 0214 D2010000 		.4byte	0x1d2
 471 0218 00       		.byte	0
 472 0219 0E       		.uleb128 0xe
 473 021a F0000000 		.4byte	.LASF35
 474 021e 01       		.byte	0x1
 475 021f 17       		.byte	0x17
 476 0220 00000000 		.4byte	.LFB0
 477 0224 18000000 		.4byte	.LFE0-.LFB0
 478 0228 01       		.uleb128 0x1
 479 0229 9C       		.byte	0x9c
 480 022a 41020000 		.4byte	0x241
 481 022e 10       		.uleb128 0x10
 482 022f 0C000000 		.4byte	.LVL4
 483 0233 9A020000 		.4byte	0x29a
 484 0237 10       		.uleb128 0x10
 485 0238 10000000 		.4byte	.LVL5
 486 023c F1010000 		.4byte	0x1f1
 487 0240 00       		.byte	0
 488 0241 11       		.uleb128 0x11
 489 0242 A7000000 		.4byte	.LASF47
 490 0246 01       		.byte	0x1
 491 0247 32       		.byte	0x32
 492 0248 56020000 		.4byte	0x256
 493 024c 00000000 		.4byte	.LFB4
 494 0250 0C000000 		.4byte	.LFE4-.LFB4
 495 0254 01       		.uleb128 0x1
 496 0255 9C       		.byte	0x9c
 497 0256 02       		.uleb128 0x2
 498 0257 01       		.byte	0x1
 499 0258 02       		.byte	0x2
 500 0259 13000000 		.4byte	.LASF36
 501 025d 12       		.uleb128 0x12
 502 025e 94020000 		.4byte	.LASF37
 503 0262 01       		.byte	0x1
 504 0263 14       		.byte	0x14
 505 0264 5F010000 		.4byte	0x15f
 506 0268 05       		.uleb128 0x5
 507 0269 03       		.byte	0x3
 508 026a 00000000 		.4byte	Display
 509 026e 12       		.uleb128 0x12
ARM GAS  C:\Users\DIGITA~1\AppData\Local\Temp\ccSiiEBl.s 			page 11


 510 026f 72020000 		.4byte	.LASF38
 511 0273 01       		.byte	0x1
 512 0274 15       		.byte	0x15
 513 0275 7F020000 		.4byte	0x27f
 514 0279 05       		.uleb128 0x5
 515 027a 03       		.byte	0x3
 516 027b 00000000 		.4byte	TxDone
 517 027f 0D       		.uleb128 0xd
 518 0280 56020000 		.4byte	0x256
 519 0284 13       		.uleb128 0x13
 520 0285 42010000 		.4byte	.LASF39
 521 0289 42010000 		.4byte	.LASF39
 522 028d 05       		.byte	0x5
 523 028e 25       		.byte	0x25
 524 028f 13       		.uleb128 0x13
 525 0290 5A010000 		.4byte	.LASF40
 526 0294 5A010000 		.4byte	.LASF40
 527 0298 06       		.byte	0x6
 528 0299 5E       		.byte	0x5e
 529 029a 13       		.uleb128 0x13
 530 029b 19000000 		.4byte	.LASF41
 531 029f 19000000 		.4byte	.LASF41
 532 02a3 05       		.byte	0x5
 533 02a4 23       		.byte	0x23
 534 02a5 00       		.byte	0
 535              		.section	.debug_abbrev,"",%progbits
 536              	.Ldebug_abbrev0:
 537 0000 01       		.uleb128 0x1
 538 0001 11       		.uleb128 0x11
 539 0002 01       		.byte	0x1
 540 0003 25       		.uleb128 0x25
 541 0004 0E       		.uleb128 0xe
 542 0005 13       		.uleb128 0x13
 543 0006 0B       		.uleb128 0xb
 544 0007 03       		.uleb128 0x3
 545 0008 0E       		.uleb128 0xe
 546 0009 1B       		.uleb128 0x1b
 547 000a 0E       		.uleb128 0xe
 548 000b 55       		.uleb128 0x55
 549 000c 17       		.uleb128 0x17
 550 000d 11       		.uleb128 0x11
 551 000e 01       		.uleb128 0x1
 552 000f 10       		.uleb128 0x10
 553 0010 17       		.uleb128 0x17
 554 0011 00       		.byte	0
 555 0012 00       		.byte	0
 556 0013 02       		.uleb128 0x2
 557 0014 24       		.uleb128 0x24
 558 0015 00       		.byte	0
 559 0016 0B       		.uleb128 0xb
 560 0017 0B       		.uleb128 0xb
 561 0018 3E       		.uleb128 0x3e
 562 0019 0B       		.uleb128 0xb
 563 001a 03       		.uleb128 0x3
 564 001b 0E       		.uleb128 0xe
 565 001c 00       		.byte	0
 566 001d 00       		.byte	0
ARM GAS  C:\Users\DIGITA~1\AppData\Local\Temp\ccSiiEBl.s 			page 12


 567 001e 03       		.uleb128 0x3
 568 001f 16       		.uleb128 0x16
 569 0020 00       		.byte	0
 570 0021 03       		.uleb128 0x3
 571 0022 0E       		.uleb128 0xe
 572 0023 3A       		.uleb128 0x3a
 573 0024 0B       		.uleb128 0xb
 574 0025 3B       		.uleb128 0x3b
 575 0026 0B       		.uleb128 0xb
 576 0027 49       		.uleb128 0x49
 577 0028 13       		.uleb128 0x13
 578 0029 00       		.byte	0
 579 002a 00       		.byte	0
 580 002b 04       		.uleb128 0x4
 581 002c 24       		.uleb128 0x24
 582 002d 00       		.byte	0
 583 002e 0B       		.uleb128 0xb
 584 002f 0B       		.uleb128 0xb
 585 0030 3E       		.uleb128 0x3e
 586 0031 0B       		.uleb128 0xb
 587 0032 03       		.uleb128 0x3
 588 0033 08       		.uleb128 0x8
 589 0034 00       		.byte	0
 590 0035 00       		.byte	0
 591 0036 05       		.uleb128 0x5
 592 0037 13       		.uleb128 0x13
 593 0038 01       		.byte	0x1
 594 0039 03       		.uleb128 0x3
 595 003a 0E       		.uleb128 0xe
 596 003b 0B       		.uleb128 0xb
 597 003c 0B       		.uleb128 0xb
 598 003d 3A       		.uleb128 0x3a
 599 003e 0B       		.uleb128 0xb
 600 003f 3B       		.uleb128 0x3b
 601 0040 0B       		.uleb128 0xb
 602 0041 01       		.uleb128 0x1
 603 0042 13       		.uleb128 0x13
 604 0043 00       		.byte	0
 605 0044 00       		.byte	0
 606 0045 06       		.uleb128 0x6
 607 0046 0D       		.uleb128 0xd
 608 0047 00       		.byte	0
 609 0048 03       		.uleb128 0x3
 610 0049 0E       		.uleb128 0xe
 611 004a 3A       		.uleb128 0x3a
 612 004b 0B       		.uleb128 0xb
 613 004c 3B       		.uleb128 0x3b
 614 004d 0B       		.uleb128 0xb
 615 004e 49       		.uleb128 0x49
 616 004f 13       		.uleb128 0x13
 617 0050 0B       		.uleb128 0xb
 618 0051 0B       		.uleb128 0xb
 619 0052 0D       		.uleb128 0xd
 620 0053 0B       		.uleb128 0xb
 621 0054 0C       		.uleb128 0xc
 622 0055 0B       		.uleb128 0xb
 623 0056 38       		.uleb128 0x38
ARM GAS  C:\Users\DIGITA~1\AppData\Local\Temp\ccSiiEBl.s 			page 13


 624 0057 0B       		.uleb128 0xb
 625 0058 00       		.byte	0
 626 0059 00       		.byte	0
 627 005a 07       		.uleb128 0x7
 628 005b 0D       		.uleb128 0xd
 629 005c 00       		.byte	0
 630 005d 03       		.uleb128 0x3
 631 005e 08       		.uleb128 0x8
 632 005f 3A       		.uleb128 0x3a
 633 0060 0B       		.uleb128 0xb
 634 0061 3B       		.uleb128 0x3b
 635 0062 0B       		.uleb128 0xb
 636 0063 49       		.uleb128 0x49
 637 0064 13       		.uleb128 0x13
 638 0065 38       		.uleb128 0x38
 639 0066 0B       		.uleb128 0xb
 640 0067 00       		.byte	0
 641 0068 00       		.byte	0
 642 0069 08       		.uleb128 0x8
 643 006a 0D       		.uleb128 0xd
 644 006b 00       		.byte	0
 645 006c 03       		.uleb128 0x3
 646 006d 0E       		.uleb128 0xe
 647 006e 3A       		.uleb128 0x3a
 648 006f 0B       		.uleb128 0xb
 649 0070 3B       		.uleb128 0x3b
 650 0071 0B       		.uleb128 0xb
 651 0072 49       		.uleb128 0x49
 652 0073 13       		.uleb128 0x13
 653 0074 38       		.uleb128 0x38
 654 0075 0B       		.uleb128 0xb
 655 0076 00       		.byte	0
 656 0077 00       		.byte	0
 657 0078 09       		.uleb128 0x9
 658 0079 17       		.uleb128 0x17
 659 007a 01       		.byte	0x1
 660 007b 03       		.uleb128 0x3
 661 007c 0E       		.uleb128 0xe
 662 007d 0B       		.uleb128 0xb
 663 007e 0B       		.uleb128 0xb
 664 007f 3A       		.uleb128 0x3a
 665 0080 0B       		.uleb128 0xb
 666 0081 3B       		.uleb128 0x3b
 667 0082 0B       		.uleb128 0xb
 668 0083 01       		.uleb128 0x1
 669 0084 13       		.uleb128 0x13
 670 0085 00       		.byte	0
 671 0086 00       		.byte	0
 672 0087 0A       		.uleb128 0xa
 673 0088 0D       		.uleb128 0xd
 674 0089 00       		.byte	0
 675 008a 03       		.uleb128 0x3
 676 008b 0E       		.uleb128 0xe
 677 008c 3A       		.uleb128 0x3a
 678 008d 0B       		.uleb128 0xb
 679 008e 3B       		.uleb128 0x3b
 680 008f 0B       		.uleb128 0xb
ARM GAS  C:\Users\DIGITA~1\AppData\Local\Temp\ccSiiEBl.s 			page 14


 681 0090 49       		.uleb128 0x49
 682 0091 13       		.uleb128 0x13
 683 0092 00       		.byte	0
 684 0093 00       		.byte	0
 685 0094 0B       		.uleb128 0xb
 686 0095 0D       		.uleb128 0xd
 687 0096 00       		.byte	0
 688 0097 03       		.uleb128 0x3
 689 0098 08       		.uleb128 0x8
 690 0099 3A       		.uleb128 0x3a
 691 009a 0B       		.uleb128 0xb
 692 009b 3B       		.uleb128 0x3b
 693 009c 0B       		.uleb128 0xb
 694 009d 49       		.uleb128 0x49
 695 009e 13       		.uleb128 0x13
 696 009f 00       		.byte	0
 697 00a0 00       		.byte	0
 698 00a1 0C       		.uleb128 0xc
 699 00a2 0F       		.uleb128 0xf
 700 00a3 00       		.byte	0
 701 00a4 0B       		.uleb128 0xb
 702 00a5 0B       		.uleb128 0xb
 703 00a6 49       		.uleb128 0x49
 704 00a7 13       		.uleb128 0x13
 705 00a8 00       		.byte	0
 706 00a9 00       		.byte	0
 707 00aa 0D       		.uleb128 0xd
 708 00ab 35       		.uleb128 0x35
 709 00ac 00       		.byte	0
 710 00ad 49       		.uleb128 0x49
 711 00ae 13       		.uleb128 0x13
 712 00af 00       		.byte	0
 713 00b0 00       		.byte	0
 714 00b1 0E       		.uleb128 0xe
 715 00b2 2E       		.uleb128 0x2e
 716 00b3 01       		.byte	0x1
 717 00b4 3F       		.uleb128 0x3f
 718 00b5 19       		.uleb128 0x19
 719 00b6 03       		.uleb128 0x3
 720 00b7 0E       		.uleb128 0xe
 721 00b8 3A       		.uleb128 0x3a
 722 00b9 0B       		.uleb128 0xb
 723 00ba 3B       		.uleb128 0x3b
 724 00bb 0B       		.uleb128 0xb
 725 00bc 27       		.uleb128 0x27
 726 00bd 19       		.uleb128 0x19
 727 00be 11       		.uleb128 0x11
 728 00bf 01       		.uleb128 0x1
 729 00c0 12       		.uleb128 0x12
 730 00c1 06       		.uleb128 0x6
 731 00c2 40       		.uleb128 0x40
 732 00c3 18       		.uleb128 0x18
 733 00c4 9742     		.uleb128 0x2117
 734 00c6 19       		.uleb128 0x19
 735 00c7 01       		.uleb128 0x1
 736 00c8 13       		.uleb128 0x13
 737 00c9 00       		.byte	0
ARM GAS  C:\Users\DIGITA~1\AppData\Local\Temp\ccSiiEBl.s 			page 15


 738 00ca 00       		.byte	0
 739 00cb 0F       		.uleb128 0xf
 740 00cc 05       		.uleb128 0x5
 741 00cd 00       		.byte	0
 742 00ce 03       		.uleb128 0x3
 743 00cf 0E       		.uleb128 0xe
 744 00d0 3A       		.uleb128 0x3a
 745 00d1 0B       		.uleb128 0xb
 746 00d2 3B       		.uleb128 0x3b
 747 00d3 0B       		.uleb128 0xb
 748 00d4 49       		.uleb128 0x49
 749 00d5 13       		.uleb128 0x13
 750 00d6 02       		.uleb128 0x2
 751 00d7 18       		.uleb128 0x18
 752 00d8 00       		.byte	0
 753 00d9 00       		.byte	0
 754 00da 10       		.uleb128 0x10
 755 00db 898201   		.uleb128 0x4109
 756 00de 00       		.byte	0
 757 00df 11       		.uleb128 0x11
 758 00e0 01       		.uleb128 0x1
 759 00e1 31       		.uleb128 0x31
 760 00e2 13       		.uleb128 0x13
 761 00e3 00       		.byte	0
 762 00e4 00       		.byte	0
 763 00e5 11       		.uleb128 0x11
 764 00e6 2E       		.uleb128 0x2e
 765 00e7 00       		.byte	0
 766 00e8 3F       		.uleb128 0x3f
 767 00e9 19       		.uleb128 0x19
 768 00ea 03       		.uleb128 0x3
 769 00eb 0E       		.uleb128 0xe
 770 00ec 3A       		.uleb128 0x3a
 771 00ed 0B       		.uleb128 0xb
 772 00ee 3B       		.uleb128 0x3b
 773 00ef 0B       		.uleb128 0xb
 774 00f0 27       		.uleb128 0x27
 775 00f1 19       		.uleb128 0x19
 776 00f2 49       		.uleb128 0x49
 777 00f3 13       		.uleb128 0x13
 778 00f4 11       		.uleb128 0x11
 779 00f5 01       		.uleb128 0x1
 780 00f6 12       		.uleb128 0x12
 781 00f7 06       		.uleb128 0x6
 782 00f8 40       		.uleb128 0x40
 783 00f9 18       		.uleb128 0x18
 784 00fa 9742     		.uleb128 0x2117
 785 00fc 19       		.uleb128 0x19
 786 00fd 00       		.byte	0
 787 00fe 00       		.byte	0
 788 00ff 12       		.uleb128 0x12
 789 0100 34       		.uleb128 0x34
 790 0101 00       		.byte	0
 791 0102 03       		.uleb128 0x3
 792 0103 0E       		.uleb128 0xe
 793 0104 3A       		.uleb128 0x3a
 794 0105 0B       		.uleb128 0xb
ARM GAS  C:\Users\DIGITA~1\AppData\Local\Temp\ccSiiEBl.s 			page 16


 795 0106 3B       		.uleb128 0x3b
 796 0107 0B       		.uleb128 0xb
 797 0108 49       		.uleb128 0x49
 798 0109 13       		.uleb128 0x13
 799 010a 3F       		.uleb128 0x3f
 800 010b 19       		.uleb128 0x19
 801 010c 02       		.uleb128 0x2
 802 010d 18       		.uleb128 0x18
 803 010e 00       		.byte	0
 804 010f 00       		.byte	0
 805 0110 13       		.uleb128 0x13
 806 0111 2E       		.uleb128 0x2e
 807 0112 00       		.byte	0
 808 0113 3F       		.uleb128 0x3f
 809 0114 19       		.uleb128 0x19
 810 0115 3C       		.uleb128 0x3c
 811 0116 19       		.uleb128 0x19
 812 0117 6E       		.uleb128 0x6e
 813 0118 0E       		.uleb128 0xe
 814 0119 03       		.uleb128 0x3
 815 011a 0E       		.uleb128 0xe
 816 011b 3A       		.uleb128 0x3a
 817 011c 0B       		.uleb128 0xb
 818 011d 3B       		.uleb128 0x3b
 819 011e 0B       		.uleb128 0xb
 820 011f 00       		.byte	0
 821 0120 00       		.byte	0
 822 0121 00       		.byte	0
 823              		.section	.debug_aranges,"",%progbits
 824 0000 3C000000 		.4byte	0x3c
 825 0004 0200     		.2byte	0x2
 826 0006 00000000 		.4byte	.Ldebug_info0
 827 000a 04       		.byte	0x4
 828 000b 00       		.byte	0
 829 000c 0000     		.2byte	0
 830 000e 0000     		.2byte	0
 831 0010 00000000 		.4byte	.LFB2
 832 0014 18000000 		.4byte	.LFE2-.LFB2
 833 0018 00000000 		.4byte	.LFB3
 834 001c 1C000000 		.4byte	.LFE3-.LFB3
 835 0020 00000000 		.4byte	.LFB1
 836 0024 28000000 		.4byte	.LFE1-.LFB1
 837 0028 00000000 		.4byte	.LFB0
 838 002c 18000000 		.4byte	.LFE0-.LFB0
 839 0030 00000000 		.4byte	.LFB4
 840 0034 0C000000 		.4byte	.LFE4-.LFB4
 841 0038 00000000 		.4byte	0
 842 003c 00000000 		.4byte	0
 843              		.section	.debug_ranges,"",%progbits
 844              	.Ldebug_ranges0:
 845 0000 00000000 		.4byte	.LFB2
 846 0004 18000000 		.4byte	.LFE2
 847 0008 00000000 		.4byte	.LFB3
 848 000c 1C000000 		.4byte	.LFE3
 849 0010 00000000 		.4byte	.LFB1
 850 0014 28000000 		.4byte	.LFE1
 851 0018 00000000 		.4byte	.LFB0
ARM GAS  C:\Users\DIGITA~1\AppData\Local\Temp\ccSiiEBl.s 			page 17


 852 001c 18000000 		.4byte	.LFE0
 853 0020 00000000 		.4byte	.LFB4
 854 0024 0C000000 		.4byte	.LFE4
 855 0028 00000000 		.4byte	0
 856 002c 00000000 		.4byte	0
 857              		.section	.debug_line,"",%progbits
 858              	.Ldebug_line0:
 859 0000 C6010000 		.section	.debug_str,"MS",%progbits,1
 859      02006601 
 859      00000201 
 859      FB0E0D00 
 859      01010101 
 860              	.LASF24:
 861 0000 4C656443 		.ascii	"LedChain\000"
 861      6861696E 
 861      00
 862              	.LASF3:
 863 0009 5F5F7569 		.ascii	"__uint8_t\000"
 863      6E74385F 
 863      7400
 864              	.LASF36:
 865 0013 5F426F6F 		.ascii	"_Bool\000"
 865      6C00
 866              	.LASF41:
 867 0019 6973725F 		.ascii	"isr_spi_tx_done_Enable\000"
 867      7370695F 
 867      74785F64 
 867      6F6E655F 
 867      456E6162 
 868              	.LASF12:
 869 0030 75696E74 		.ascii	"uint8_t\000"
 869      385F7400 
 870              	.LASF2:
 871 0038 73686F72 		.ascii	"short int\000"
 871      7420696E 
 871      7400
 872              	.LASF19:
 873 0042 496E7465 		.ascii	"Intensity\000"
 873      6E736974 
 873      7900
 874              	.LASF15:
 875 004c 666C6F61 		.ascii	"float\000"
 875      7400
 876              	.LASF29:
 877 0052 42756666 		.ascii	"Buffer\000"
 877      657200
 878              	.LASF1:
 879 0059 756E7369 		.ascii	"unsigned char\000"
 879      676E6564 
 879      20636861 
 879      7200
 880              	.LASF32:
 881 0067 53706953 		.ascii	"SpiSetNextFrame\000"
 881      65744E65 
 881      78744672 
 881      616D6500 
 882              	.LASF45:
ARM GAS  C:\Users\DIGITA~1\AppData\Local\Temp\ccSiiEBl.s 			page 18


 883 0077 446F7453 		.ascii	"DotStarLed\000"
 883      7461724C 
 883      656400
 884              	.LASF8:
 885 0082 6C6F6E67 		.ascii	"long unsigned int\000"
 885      20756E73 
 885      69676E65 
 885      6420696E 
 885      7400
 886              	.LASF5:
 887 0094 73686F72 		.ascii	"short unsigned int\000"
 887      7420756E 
 887      7369676E 
 887      65642069 
 887      6E7400
 888              	.LASF47:
 889 00a7 49735478 		.ascii	"IsTxDone\000"
 889      446F6E65 
 889      00
 890              	.LASF21:
 891 00b0 426C7565 		.ascii	"Blue\000"
 891      00
 892              	.LASF4:
 893 00b5 5F5F7569 		.ascii	"__uint16_t\000"
 893      6E743136 
 893      5F7400
 894              	.LASF16:
 895 00c0 646F7562 		.ascii	"double\000"
 895      6C6500
 896              	.LASF34:
 897 00c7 53706953 		.ascii	"SpiSendNextByte\000"
 897      656E644E 
 897      65787442 
 897      79746500 
 898              	.LASF43:
 899 00d7 5350492E 		.ascii	"SPI.c\000"
 899      6300
 900              	.LASF7:
 901 00dd 5F5F7569 		.ascii	"__uint32_t\000"
 901      6E743332 
 901      5F7400
 902              	.LASF26:
 903 00e8 446F7453 		.ascii	"DotStar\000"
 903      74617200 
 904              	.LASF35:
 905 00f0 5370694C 		.ascii	"SpiLightLeds\000"
 905      69676874 
 905      4C656473 
 905      00
 906              	.LASF11:
 907 00fd 756E7369 		.ascii	"unsigned int\000"
 907      676E6564 
 907      20696E74 
 907      00
 908              	.LASF20:
 909 010a 47726565 		.ascii	"Green\000"
 909      6E00
ARM GAS  C:\Users\DIGITA~1\AppData\Local\Temp\ccSiiEBl.s 			page 19


 910              	.LASF18:
 911 0110 556E7573 		.ascii	"Unused\000"
 911      656400
 912              	.LASF10:
 913 0117 6C6F6E67 		.ascii	"long long unsigned int\000"
 913      206C6F6E 
 913      6720756E 
 913      7369676E 
 913      65642069 
 914              	.LASF33:
 915 012e 53706953 		.ascii	"SpiStopSendingBytes\000"
 915      746F7053 
 915      656E6469 
 915      6E674279 
 915      74657300 
 916              	.LASF39:
 917 0142 6973725F 		.ascii	"isr_spi_tx_done_Disable\000"
 917      7370695F 
 917      74785F64 
 917      6F6E655F 
 917      44697361 
 918              	.LASF40:
 919 015a 5370695F 		.ascii	"Spi_LED_Chain_WriteTxData\000"
 919      4C45445F 
 919      43686169 
 919      6E5F5772 
 919      69746554 
 920              	.LASF44:
 921 0174 433A5C55 		.ascii	"C:\\Users\\Digital-Sqrt\\Documents\\Git_Hub\\Space-"
 921      73657273 
 921      5C446967 
 921      6974616C 
 921      2D537172 
 922 01a2 66696768 		.ascii	"fighter\\Code\\LED_Space_Fighter.cydsn\000"
 922      7465725C 
 922      436F6465 
 922      5C4C4544 
 922      5F537061 
 923              	.LASF42:
 924 01c7 474E5520 		.ascii	"GNU C11 5.4.1 20160609 (release) [ARM/embedded-5-br"
 924      43313120 
 924      352E342E 
 924      31203230 
 924      31363036 
 925 01fa 616E6368 		.ascii	"anch revision 237715] -mcpu=cortex-m3 -mthumb -g -O"
 925      20726576 
 925      6973696F 
 925      6E203233 
 925      37373135 
 926 022d 67202D66 		.ascii	"g -ffunction-sections -ffat-lto-objects\000"
 926      66756E63 
 926      74696F6E 
 926      2D736563 
 926      74696F6E 
 927              	.LASF31:
 928 0255 73697A65 		.ascii	"sizetype\000"
 928      74797065 
ARM GAS  C:\Users\DIGITA~1\AppData\Local\Temp\ccSiiEBl.s 			page 20


 928      00
 929              	.LASF22:
 930 025e 436F6C6F 		.ascii	"Color\000"
 930      7200
 931              	.LASF9:
 932 0264 6C6F6E67 		.ascii	"long long int\000"
 932      206C6F6E 
 932      6720696E 
 932      7400
 933              	.LASF38:
 934 0272 5478446F 		.ascii	"TxDone\000"
 934      6E6500
 935              	.LASF46:
 936 0279 4D794C65 		.ascii	"MyLedChain\000"
 936      64436861 
 936      696E00
 937              	.LASF23:
 938 0284 4F6E654C 		.ascii	"OneLed\000"
 938      656400
 939              	.LASF13:
 940 028b 75696E74 		.ascii	"uint16_t\000"
 940      31365F74 
 940      00
 941              	.LASF37:
 942 0294 44697370 		.ascii	"Display\000"
 942      6C617900 
 943              	.LASF14:
 944 029c 75696E74 		.ascii	"uint32_t\000"
 944      33325F74 
 944      00
 945              	.LASF6:
 946 02a5 6C6F6E67 		.ascii	"long int\000"
 946      20696E74 
 946      00
 947              	.LASF17:
 948 02ae 63686172 		.ascii	"char\000"
 948      00
 949              	.LASF30:
 950 02b3 6C6F6E67 		.ascii	"long double\000"
 950      20646F75 
 950      626C6500 
 951              	.LASF27:
 952 02bf 44697370 		.ascii	"DisplayBuffer\000"
 952      6C617942 
 952      75666665 
 952      7200
 953              	.LASF0:
 954 02cd 7369676E 		.ascii	"signed char\000"
 954      65642063 
 954      68617200 
 955              	.LASF28:
 956 02d9 496E6465 		.ascii	"Index\000"
 956      7800
 957              	.LASF25:
 958 02df 436F756E 		.ascii	"Count\000"
 958      7400
 959              		.ident	"GCC: (GNU Tools for ARM Embedded Processors) 5.4.1 20160609 (release) [ARM/embedded-5-bran
ARM GAS  C:\Users\DIGITA~1\AppData\Local\Temp\ccSiiEBl.s 			page 21


